2023/12/13 09:33:52.199 [Test worker] INFO  o.s.t.c.s.AnnotationConfigContextLoaderUtils - Could not detect default configuration classes for test class [com.yuuki.katou.inventory_management_app01.mapper.ProductMapperTest]: ProductMapperTest does not declare any static, non-private, non-final, nested classes annotated with @Configuration.
2023/12/13 09:33:52.294 [Test worker] INFO  o.s.b.t.c.SpringBootTestContextBootstrapper - Found @SpringBootConfiguration com.yuuki.katou.inventory_management_app01.InventoryManagementApp01Application for test class com.yuuki.katou.inventory_management_app01.mapper.ProductMapperTest
2023/12/13 09:33:52.561 [background-preinit] INFO  o.h.validator.internal.util.Version - HV000001: Hibernate Validator 8.0.1.Final
2023/12/13 09:33:52.608 [Test worker] INFO  c.y.k.i.mapper.ProductMapperTest - Starting ProductMapperTest using Java 17.0.8 with PID 26524 (started by USER in C:\ProjectFiles\inventory_management_app01)
2023/12/13 09:33:52.609 [Test worker] INFO  c.y.k.i.mapper.ProductMapperTest - No active profile set, falling back to 1 default profile: "default"
2023/12/13 09:33:53.447 [Test worker] INFO  c.y.k.i.mapper.ProductMapperTest - Started ProductMapperTest in 1.093 seconds (process running for 2.206)
2023/12/13 09:33:53.473 [Test worker] INFO  com.zaxxer.hikari.HikariDataSource - HikariPool-1 - Starting...
2023/12/13 09:33:53.946 [Test worker] INFO  com.zaxxer.hikari.pool.HikariPool - HikariPool-1 - Added connection com.mysql.cj.jdbc.ConnectionImpl@573aeab2
2023/12/13 09:33:53.948 [Test worker] INFO  com.zaxxer.hikari.HikariDataSource - HikariPool-1 - Start completed.
2023/12/13 09:33:54.802 [Test worker] INFO  org.dbunit.database.DatabaseConfig - The property ending with 'schema' was not found. Please notify a dbunit developer to add the property to the class org.dbunit.database.DatabaseConfig
2023/12/13 09:33:54.802 [Test worker] INFO  org.dbunit.database.DatabaseConfig - The property ending with 'prologTimeout' was not found. Please notify a dbunit developer to add the property to the class org.dbunit.database.DatabaseConfig
2023/12/13 09:33:54.802 [Test worker] INFO  org.dbunit.database.DatabaseConfig - The property ending with 'replacers' was not found. Please notify a dbunit developer to add the property to the class org.dbunit.database.DatabaseConfig
2023/12/13 09:33:54.804 [Test worker] INFO  c.g.d.r.c.d.DataSetExecutorImpl - DBUnit configuration for dataset executor 'default':cacheConnection: false
cacheTableNames: false
caseInsensitiveStrategy: LOWERCASE
columnSensing: false
leakHunter: false
mergeDataSets: false
mergingStrategy: METHOD
disableSequenceFiltering: false
alwaysCleanBefore: false
alwaysCleanAfter: false
raiseExceptionOnCleanUp: false
disablePKCheckFor: com.github.database.rider.core.configuration.DBUnitConfig@33da7189
schema: products_list
tableType: [TABLE]
allowEmptyFields: false
fetchSize: 100
qualifiedTableNames: false
prologTimeout: 1000
batchSize: 100
batchedStatements: false
caseSensitiveTableNames: false
replacers: [com.github.database.rider.core.replacers.DateTimeReplacer@212e39ee, com.github.database.rider.core.replacers.UnixTimestampReplacer@638d2ce3, com.github.database.rider.core.replacers.NullReplacer@79617c3d]

2023/12/13 09:33:55.091 [Test worker] INFO  org.dbunit.database.DatabaseConfig - The property ending with 'schema' was not found. Please notify a dbunit developer to add the property to the class org.dbunit.database.DatabaseConfig
2023/12/13 09:33:55.091 [Test worker] INFO  org.dbunit.database.DatabaseConfig - The property ending with 'prologTimeout' was not found. Please notify a dbunit developer to add the property to the class org.dbunit.database.DatabaseConfig
2023/12/13 09:33:55.091 [Test worker] INFO  org.dbunit.database.DatabaseConfig - The property ending with 'replacers' was not found. Please notify a dbunit developer to add the property to the class org.dbunit.database.DatabaseConfig
2023/12/13 09:33:55.120 [SpringApplicationShutdownHook] INFO  com.zaxxer.hikari.HikariDataSource - HikariPool-1 - Shutdown initiated...
2023/12/13 09:33:55.143 [SpringApplicationShutdownHook] INFO  com.zaxxer.hikari.HikariDataSource - HikariPool-1 - Shutdown completed.
2023/12/13 09:34:24.896 [Test worker] INFO  o.s.t.c.s.AnnotationConfigContextLoaderUtils - Could not detect default configuration classes for test class [com.yuuki.katou.inventory_management_app01.mapper.ProductMapperTest]: ProductMapperTest does not declare any static, non-private, non-final, nested classes annotated with @Configuration.
2023/12/13 09:34:24.988 [Test worker] INFO  o.s.b.t.c.SpringBootTestContextBootstrapper - Found @SpringBootConfiguration com.yuuki.katou.inventory_management_app01.InventoryManagementApp01Application for test class com.yuuki.katou.inventory_management_app01.mapper.ProductMapperTest
2023/12/13 09:34:25.230 [background-preinit] INFO  o.h.validator.internal.util.Version - HV000001: Hibernate Validator 8.0.1.Final
2023/12/13 09:34:25.273 [Test worker] INFO  c.y.k.i.mapper.ProductMapperTest - Starting ProductMapperTest using Java 17.0.8 with PID 34208 (started by USER in C:\ProjectFiles\inventory_management_app01)
2023/12/13 09:34:25.274 [Test worker] INFO  c.y.k.i.mapper.ProductMapperTest - No active profile set, falling back to 1 default profile: "default"
2023/12/13 09:34:26.070 [Test worker] INFO  c.y.k.i.mapper.ProductMapperTest - Started ProductMapperTest in 1.024 seconds (process running for 2.129)
2023/12/13 09:34:26.093 [Test worker] INFO  com.zaxxer.hikari.HikariDataSource - HikariPool-1 - Starting...
2023/12/13 09:34:26.464 [Test worker] INFO  com.zaxxer.hikari.pool.HikariPool - HikariPool-1 - Added connection com.mysql.cj.jdbc.ConnectionImpl@68e5c7ae
2023/12/13 09:34:26.465 [Test worker] INFO  com.zaxxer.hikari.HikariDataSource - HikariPool-1 - Start completed.
2023/12/13 09:34:27.242 [Test worker] INFO  org.dbunit.database.DatabaseConfig - The property ending with 'schema' was not found. Please notify a dbunit developer to add the property to the class org.dbunit.database.DatabaseConfig
2023/12/13 09:34:27.243 [Test worker] INFO  org.dbunit.database.DatabaseConfig - The property ending with 'prologTimeout' was not found. Please notify a dbunit developer to add the property to the class org.dbunit.database.DatabaseConfig
2023/12/13 09:34:27.243 [Test worker] INFO  org.dbunit.database.DatabaseConfig - The property ending with 'replacers' was not found. Please notify a dbunit developer to add the property to the class org.dbunit.database.DatabaseConfig
2023/12/13 09:34:27.245 [Test worker] INFO  c.g.d.r.c.d.DataSetExecutorImpl - DBUnit configuration for dataset executor 'default':cacheConnection: false
cacheTableNames: false
caseInsensitiveStrategy: LOWERCASE
columnSensing: false
leakHunter: false
mergeDataSets: false
mergingStrategy: METHOD
disableSequenceFiltering: false
alwaysCleanBefore: false
alwaysCleanAfter: false
raiseExceptionOnCleanUp: false
disablePKCheckFor: com.github.database.rider.core.configuration.DBUnitConfig@7e021963
schema: products_list
tableType: [TABLE]
allowEmptyFields: false
fetchSize: 100
qualifiedTableNames: false
prologTimeout: 1000
batchSize: 100
batchedStatements: false
caseSensitiveTableNames: false
replacers: [com.github.database.rider.core.replacers.DateTimeReplacer@5af40e45, com.github.database.rider.core.replacers.UnixTimestampReplacer@1a06602f, com.github.database.rider.core.replacers.NullReplacer@46591e98]

2023/12/13 09:34:27.521 [Test worker] INFO  org.dbunit.database.DatabaseConfig - The property ending with 'schema' was not found. Please notify a dbunit developer to add the property to the class org.dbunit.database.DatabaseConfig
2023/12/13 09:34:27.521 [Test worker] INFO  org.dbunit.database.DatabaseConfig - The property ending with 'prologTimeout' was not found. Please notify a dbunit developer to add the property to the class org.dbunit.database.DatabaseConfig
2023/12/13 09:34:27.521 [Test worker] INFO  org.dbunit.database.DatabaseConfig - The property ending with 'replacers' was not found. Please notify a dbunit developer to add the property to the class org.dbunit.database.DatabaseConfig
2023/12/13 09:34:27.521 [Test worker] WARN  o.s.test.context.TestContextManager - Caught exception while invoking 'afterTestMethod' callback on TestExecutionListener [com.github.database.rider.spring.DBRiderTestExecutionListener] for test method [void com.yuuki.katou.inventory_management_app01.mapper.ProductMapperTest.è§ïièÓïÒÇçÌèúÇ≈Ç´ÇÈÇ±Ç∆()] and test instance [com.yuuki.katou.inventory_management_app01.mapper.ProductMapperTest@58583a2d]
org.dbunit.assertion.DbComparisonFailure: value (table=products, row=0, col=brand_id) expected:<1> but was:<2>
	at org.dbunit.assertion.DefaultFailureHandler$DefaultFailureFactory.createFailure(DefaultFailureHandler.java:323)
	at org.dbunit.assertion.DefaultFailureHandler.createFailure(DefaultFailureHandler.java:105)
	at org.dbunit.assertion.DefaultFailureHandler.handle(DefaultFailureHandler.java:240)
	at com.github.database.rider.core.assertion.DataSetAssert.compareData(DataSetAssert.java:128)
	at com.github.database.rider.core.assertion.DataSetAssert.compareData(DataSetAssert.java:142)
	at org.dbunit.assertion.DbUnitAssertBase.compareData(DbUnitAssertBase.java:561)
	at org.dbunit.assertion.DbUnitAssertBase.assertWithValueComparer(DbUnitAssertBase.java:439)
	at org.dbunit.assertion.DbUnitAssert.assertEquals(DbUnitAssert.java:300)
	at org.dbunit.assertion.DbUnitAssert.assertEquals(DbUnitAssert.java:268)
	at org.dbunit.assertion.DbUnitAssert.assertEquals(DbUnitAssert.java:227)
	at org.dbunit.assertion.DbUnitAssert.assertEqualsIgnoreCols(DbUnitAssert.java:103)
	at com.github.database.rider.core.assertion.DataSetAssertion.assertEqualsIgnoreCols(DataSetAssertion.java:17)
	at com.github.database.rider.core.dataset.DataSetExecutorImpl.compareClassic(DataSetExecutorImpl.java:875)
	at com.github.database.rider.core.dataset.DataSetExecutorImpl.compareCurrentDataSetWith(DataSetExecutorImpl.java:833)
	at com.github.database.rider.core.RiderRunner.performDataSetComparison(RiderRunner.java:144)
	at com.github.database.rider.core.RiderRunner.runAfterTest(RiderRunner.java:63)
	at com.github.database.rider.spring.DBRiderTestExecutionListener.afterTestMethod(DBRiderTestExecutionListener.java:32)
	at org.springframework.test.context.TestContextManager.afterTestMethod(TestContextManager.java:440)
	at org.springframework.test.context.junit.jupiter.SpringExtension.afterEach(SpringExtension.java:206)
	at org.junit.jupiter.engine.descriptor.TestMethodTestDescriptor.lambda$invokeAfterEachCallbacks$12(TestMethodTestDescriptor.java:260)
	at org.junit.jupiter.engine.descriptor.TestMethodTestDescriptor.lambda$invokeAllAfterMethodsOrCallbacks$13(TestMethodTestDescriptor.java:276)
	at org.junit.platform.engine.support.hierarchical.ThrowableCollector.execute(ThrowableCollector.java:73)
	at org.junit.jupiter.engine.descriptor.TestMethodTestDescriptor.lambda$invokeAllAfterMethodsOrCallbacks$14(TestMethodTestDescriptor.java:276)
	at java.base/java.util.ArrayList.forEach(ArrayList.java:1511)
	at org.junit.jupiter.engine.descriptor.TestMethodTestDescriptor.invokeAllAfterMethodsOrCallbacks(TestMethodTestDescriptor.java:275)
	at org.junit.jupiter.engine.descriptor.TestMethodTestDescriptor.invokeAfterEachCallbacks(TestMethodTestDescriptor.java:259)
	at org.junit.jupiter.engine.descriptor.TestMethodTestDescriptor.execute(TestMethodTestDescriptor.java:144)
	at org.junit.jupiter.engine.descriptor.TestMethodTestDescriptor.execute(TestMethodTestDescriptor.java:68)
	at org.junit.platform.engine.support.hierarchical.NodeTestTask.lambda$executeRecursively$6(NodeTestTask.java:151)
	at org.junit.platform.engine.support.hierarchical.ThrowableCollector.execute(ThrowableCollector.java:73)
	at org.junit.platform.engine.support.hierarchical.NodeTestTask.lambda$executeRecursively$8(NodeTestTask.java:141)
	at org.junit.platform.engine.support.hierarchical.Node.around(Node.java:137)
	at org.junit.platform.engine.support.hierarchical.NodeTestTask.lambda$executeRecursively$9(NodeTestTask.java:139)
	at org.junit.platform.engine.support.hierarchical.ThrowableCollector.execute(ThrowableCollector.java:73)
	at org.junit.platform.engine.support.hierarchical.NodeTestTask.executeRecursively(NodeTestTask.java:138)
	at org.junit.platform.engine.support.hierarchical.NodeTestTask.execute(NodeTestTask.java:95)
	at java.base/java.util.ArrayList.forEach(ArrayList.java:1511)
	at org.junit.platform.engine.support.hierarchical.SameThreadHierarchicalTestExecutorService.invokeAll(SameThreadHierarchicalTestExecutorService.java:41)
	at org.junit.platform.engine.support.hierarchical.NodeTestTask.lambda$executeRecursively$6(NodeTestTask.java:155)
	at org.junit.platform.engine.support.hierarchical.ThrowableCollector.execute(ThrowableCollector.java:73)
	at org.junit.platform.engine.support.hierarchical.NodeTestTask.lambda$executeRecursively$8(NodeTestTask.java:141)
	at org.junit.platform.engine.support.hierarchical.Node.around(Node.java:137)
	at org.junit.platform.engine.support.hierarchical.NodeTestTask.lambda$executeRecursively$9(NodeTestTask.java:139)
	at org.junit.platform.engine.support.hierarchical.ThrowableCollector.execute(ThrowableCollector.java:73)
	at org.junit.platform.engine.support.hierarchical.NodeTestTask.executeRecursively(NodeTestTask.java:138)
	at org.junit.platform.engine.support.hierarchical.NodeTestTask.execute(NodeTestTask.java:95)
	at java.base/java.util.ArrayList.forEach(ArrayList.java:1511)
	at org.junit.platform.engine.support.hierarchical.SameThreadHierarchicalTestExecutorService.invokeAll(SameThreadHierarchicalTestExecutorService.java:41)
	at org.junit.platform.engine.support.hierarchical.NodeTestTask.lambda$executeRecursively$6(NodeTestTask.java:155)
	at org.junit.platform.engine.support.hierarchical.ThrowableCollector.execute(ThrowableCollector.java:73)
	at org.junit.platform.engine.support.hierarchical.NodeTestTask.lambda$executeRecursively$8(NodeTestTask.java:141)
	at org.junit.platform.engine.support.hierarchical.Node.around(Node.java:137)
	at org.junit.platform.engine.support.hierarchical.NodeTestTask.lambda$executeRecursively$9(NodeTestTask.java:139)
	at org.junit.platform.engine.support.hierarchical.ThrowableCollector.execute(ThrowableCollector.java:73)
	at org.junit.platform.engine.support.hierarchical.NodeTestTask.executeRecursively(NodeTestTask.java:138)
	at org.junit.platform.engine.support.hierarchical.NodeTestTask.execute(NodeTestTask.java:95)
	at org.junit.platform.engine.support.hierarchical.SameThreadHierarchicalTestExecutorService.submit(SameThreadHierarchicalTestExecutorService.java:35)
	at org.junit.platform.engine.support.hierarchical.HierarchicalTestExecutor.execute(HierarchicalTestExecutor.java:57)
	at org.junit.platform.engine.support.hierarchical.HierarchicalTestEngine.execute(HierarchicalTestEngine.java:54)
	at org.junit.platform.launcher.core.EngineExecutionOrchestrator.execute(EngineExecutionOrchestrator.java:107)
	at org.junit.platform.launcher.core.EngineExecutionOrchestrator.execute(EngineExecutionOrchestrator.java:88)
	at org.junit.platform.launcher.core.EngineExecutionOrchestrator.lambda$execute$0(EngineExecutionOrchestrator.java:54)
	at org.junit.platform.launcher.core.EngineExecutionOrchestrator.withInterceptedStreams(EngineExecutionOrchestrator.java:67)
	at org.junit.platform.launcher.core.EngineExecutionOrchestrator.execute(EngineExecutionOrchestrator.java:52)
	at org.junit.platform.launcher.core.DefaultLauncher.execute(DefaultLauncher.java:114)
	at org.junit.platform.launcher.core.DefaultLauncher.execute(DefaultLauncher.java:86)
	at org.junit.platform.launcher.core.DefaultLauncherSession$DelegatingLauncher.execute(DefaultLauncherSession.java:86)
	at org.gradle.api.internal.tasks.testing.junitplatform.JUnitPlatformTestClassProcessor$CollectAllTestClassesExecutor.processAllTestClasses(JUnitPlatformTestClassProcessor.java:119)
	at org.gradle.api.internal.tasks.testing.junitplatform.JUnitPlatformTestClassProcessor$CollectAllTestClassesExecutor.access$000(JUnitPlatformTestClassProcessor.java:94)
	at org.gradle.api.internal.tasks.testing.junitplatform.JUnitPlatformTestClassProcessor.stop(JUnitPlatformTestClassProcessor.java:89)
	at org.gradle.api.internal.tasks.testing.SuiteTestClassProcessor.stop(SuiteTestClassProcessor.java:62)
	at java.base/jdk.internal.reflect.NativeMethodAccessorImpl.invoke0(Native Method)
	at java.base/jdk.internal.reflect.NativeMethodAccessorImpl.invoke(NativeMethodAccessorImpl.java:77)
	at java.base/jdk.internal.reflect.DelegatingMethodAccessorImpl.invoke(DelegatingMethodAccessorImpl.java:43)
	at java.base/java.lang.reflect.Method.invoke(Method.java:568)
	at org.gradle.internal.dispatch.ReflectionDispatch.dispatch(ReflectionDispatch.java:36)
	at org.gradle.internal.dispatch.ReflectionDispatch.dispatch(ReflectionDispatch.java:24)
	at org.gradle.internal.dispatch.ContextClassLoaderDispatch.dispatch(ContextClassLoaderDispatch.java:33)
	at org.gradle.internal.dispatch.ProxyDispatchAdapter$DispatchingInvocationHandler.invoke(ProxyDispatchAdapter.java:94)
	at jdk.proxy1/jdk.proxy1.$Proxy2.stop(Unknown Source)
	at org.gradle.api.internal.tasks.testing.worker.TestWorker$3.run(TestWorker.java:193)
	at org.gradle.api.internal.tasks.testing.worker.TestWorker.executeAndMaintainThreadName(TestWorker.java:129)
	at org.gradle.api.internal.tasks.testing.worker.TestWorker.execute(TestWorker.java:100)
	at org.gradle.api.internal.tasks.testing.worker.TestWorker.execute(TestWorker.java:60)
	at org.gradle.process.internal.worker.child.ActionExecutionWorker.execute(ActionExecutionWorker.java:56)
	at org.gradle.process.internal.worker.child.SystemApplicationClassLoaderWorker.call(SystemApplicationClassLoaderWorker.java:113)
	at org.gradle.process.internal.worker.child.SystemApplicationClassLoaderWorker.call(SystemApplicationClassLoaderWorker.java:65)
	at worker.org.gradle.process.internal.worker.GradleWorkerMain.run(GradleWorkerMain.java:69)
	at worker.org.gradle.process.internal.worker.GradleWorkerMain.main(GradleWorkerMain.java:74)
2023/12/13 09:34:27.577 [SpringApplicationShutdownHook] INFO  com.zaxxer.hikari.HikariDataSource - HikariPool-1 - Shutdown initiated...
2023/12/13 09:34:27.595 [SpringApplicationShutdownHook] INFO  com.zaxxer.hikari.HikariDataSource - HikariPool-1 - Shutdown completed.
2023/12/13 09:34:50.112 [Test worker] INFO  o.s.t.c.s.AnnotationConfigContextLoaderUtils - Could not detect default configuration classes for test class [com.yuuki.katou.inventory_management_app01.mapper.ProductMapperTest]: ProductMapperTest does not declare any static, non-private, non-final, nested classes annotated with @Configuration.
2023/12/13 09:34:50.200 [Test worker] INFO  o.s.b.t.c.SpringBootTestContextBootstrapper - Found @SpringBootConfiguration com.yuuki.katou.inventory_management_app01.InventoryManagementApp01Application for test class com.yuuki.katou.inventory_management_app01.mapper.ProductMapperTest
2023/12/13 09:34:50.435 [background-preinit] INFO  o.h.validator.internal.util.Version - HV000001: Hibernate Validator 8.0.1.Final
2023/12/13 09:34:50.479 [Test worker] INFO  c.y.k.i.mapper.ProductMapperTest - Starting ProductMapperTest using Java 17.0.8 with PID 31112 (started by USER in C:\ProjectFiles\inventory_management_app01)
2023/12/13 09:34:50.480 [Test worker] INFO  c.y.k.i.mapper.ProductMapperTest - No active profile set, falling back to 1 default profile: "default"
2023/12/13 09:34:51.258 [Test worker] INFO  c.y.k.i.mapper.ProductMapperTest - Started ProductMapperTest in 1.002 seconds (process running for 2.064)
2023/12/13 09:34:51.283 [Test worker] INFO  com.zaxxer.hikari.HikariDataSource - HikariPool-1 - Starting...
2023/12/13 09:34:51.610 [Test worker] INFO  com.zaxxer.hikari.pool.HikariPool - HikariPool-1 - Added connection com.mysql.cj.jdbc.ConnectionImpl@4b28a7bf
2023/12/13 09:34:51.611 [Test worker] INFO  com.zaxxer.hikari.HikariDataSource - HikariPool-1 - Start completed.
2023/12/13 09:34:52.415 [Test worker] INFO  org.dbunit.database.DatabaseConfig - The property ending with 'schema' was not found. Please notify a dbunit developer to add the property to the class org.dbunit.database.DatabaseConfig
2023/12/13 09:34:52.415 [Test worker] INFO  org.dbunit.database.DatabaseConfig - The property ending with 'prologTimeout' was not found. Please notify a dbunit developer to add the property to the class org.dbunit.database.DatabaseConfig
2023/12/13 09:34:52.415 [Test worker] INFO  org.dbunit.database.DatabaseConfig - The property ending with 'replacers' was not found. Please notify a dbunit developer to add the property to the class org.dbunit.database.DatabaseConfig
2023/12/13 09:34:52.418 [Test worker] INFO  c.g.d.r.c.d.DataSetExecutorImpl - DBUnit configuration for dataset executor 'default':cacheConnection: false
cacheTableNames: false
caseInsensitiveStrategy: LOWERCASE
columnSensing: false
leakHunter: false
mergeDataSets: false
mergingStrategy: METHOD
disableSequenceFiltering: false
alwaysCleanBefore: false
alwaysCleanAfter: false
raiseExceptionOnCleanUp: false
disablePKCheckFor: com.github.database.rider.core.configuration.DBUnitConfig@fec3814e
schema: products_list
tableType: [TABLE]
allowEmptyFields: false
fetchSize: 100
qualifiedTableNames: false
prologTimeout: 1000
batchSize: 100
batchedStatements: false
caseSensitiveTableNames: false
replacers: [com.github.database.rider.core.replacers.DateTimeReplacer@5b6cc344, com.github.database.rider.core.replacers.UnixTimestampReplacer@2110684a, com.github.database.rider.core.replacers.NullReplacer@83e635f]

2023/12/13 09:34:52.723 [Test worker] INFO  org.dbunit.database.DatabaseConfig - The property ending with 'schema' was not found. Please notify a dbunit developer to add the property to the class org.dbunit.database.DatabaseConfig
2023/12/13 09:34:52.723 [Test worker] INFO  org.dbunit.database.DatabaseConfig - The property ending with 'prologTimeout' was not found. Please notify a dbunit developer to add the property to the class org.dbunit.database.DatabaseConfig
2023/12/13 09:34:52.723 [Test worker] INFO  org.dbunit.database.DatabaseConfig - The property ending with 'replacers' was not found. Please notify a dbunit developer to add the property to the class org.dbunit.database.DatabaseConfig
2023/12/13 09:34:52.755 [SpringApplicationShutdownHook] INFO  com.zaxxer.hikari.HikariDataSource - HikariPool-1 - Shutdown initiated...
2023/12/13 09:34:52.776 [SpringApplicationShutdownHook] INFO  com.zaxxer.hikari.HikariDataSource - HikariPool-1 - Shutdown completed.
2023/12/13 09:35:21.256 [Test worker] INFO  o.s.t.c.s.AnnotationConfigContextLoaderUtils - Could not detect default configuration classes for test class [com.yuuki.katou.inventory_management_app01.mapper.ProductMapperTest]: ProductMapperTest does not declare any static, non-private, non-final, nested classes annotated with @Configuration.
2023/12/13 09:35:21.434 [Test worker] INFO  o.s.b.t.c.SpringBootTestContextBootstrapper - Found @SpringBootConfiguration com.yuuki.katou.inventory_management_app01.InventoryManagementApp01Application for test class com.yuuki.katou.inventory_management_app01.mapper.ProductMapperTest
2023/12/13 09:35:21.853 [background-preinit] INFO  o.h.validator.internal.util.Version - HV000001: Hibernate Validator 8.0.1.Final
2023/12/13 09:35:21.920 [Test worker] INFO  c.y.k.i.mapper.ProductMapperTest - Starting ProductMapperTest using Java 17.0.8 with PID 24332 (started by USER in C:\ProjectFiles\inventory_management_app01)
2023/12/13 09:35:21.921 [Test worker] INFO  c.y.k.i.mapper.ProductMapperTest - No active profile set, falling back to 1 default profile: "default"
2023/12/13 09:35:23.287 [Test worker] INFO  c.y.k.i.mapper.ProductMapperTest - Started ProductMapperTest in 1.762 seconds (process running for 3.618)
2023/12/13 09:35:23.321 [Test worker] INFO  com.zaxxer.hikari.HikariDataSource - HikariPool-1 - Starting...
2023/12/13 09:35:23.906 [Test worker] INFO  com.zaxxer.hikari.pool.HikariPool - HikariPool-1 - Added connection com.mysql.cj.jdbc.ConnectionImpl@3d1c933
2023/12/13 09:35:23.909 [Test worker] INFO  com.zaxxer.hikari.HikariDataSource - HikariPool-1 - Start completed.
2023/12/13 09:35:25.089 [Test worker] INFO  org.dbunit.database.DatabaseConfig - The property ending with 'schema' was not found. Please notify a dbunit developer to add the property to the class org.dbunit.database.DatabaseConfig
2023/12/13 09:35:25.089 [Test worker] INFO  org.dbunit.database.DatabaseConfig - The property ending with 'prologTimeout' was not found. Please notify a dbunit developer to add the property to the class org.dbunit.database.DatabaseConfig
2023/12/13 09:35:25.089 [Test worker] INFO  org.dbunit.database.DatabaseConfig - The property ending with 'replacers' was not found. Please notify a dbunit developer to add the property to the class org.dbunit.database.DatabaseConfig
2023/12/13 09:35:25.091 [Test worker] INFO  c.g.d.r.c.d.DataSetExecutorImpl - DBUnit configuration for dataset executor 'default':cacheConnection: false
cacheTableNames: false
caseInsensitiveStrategy: LOWERCASE
columnSensing: false
leakHunter: false
mergeDataSets: false
mergingStrategy: METHOD
disableSequenceFiltering: false
alwaysCleanBefore: false
alwaysCleanAfter: false
raiseExceptionOnCleanUp: false
disablePKCheckFor: com.github.database.rider.core.configuration.DBUnitConfig@a22e06ed
schema: products_list
tableType: [TABLE]
allowEmptyFields: false
fetchSize: 100
qualifiedTableNames: false
prologTimeout: 1000
batchSize: 100
batchedStatements: false
caseSensitiveTableNames: false
replacers: [com.github.database.rider.core.replacers.DateTimeReplacer@3f80d8c, com.github.database.rider.core.replacers.UnixTimestampReplacer@2d3b0978, com.github.database.rider.core.replacers.NullReplacer@5c60c08]

2023/12/13 09:35:26.071 [Test worker] INFO  org.dbunit.database.DatabaseConfig - The property ending with 'schema' was not found. Please notify a dbunit developer to add the property to the class org.dbunit.database.DatabaseConfig
2023/12/13 09:35:26.071 [Test worker] INFO  org.dbunit.database.DatabaseConfig - The property ending with 'prologTimeout' was not found. Please notify a dbunit developer to add the property to the class org.dbunit.database.DatabaseConfig
2023/12/13 09:35:26.071 [Test worker] INFO  org.dbunit.database.DatabaseConfig - The property ending with 'replacers' was not found. Please notify a dbunit developer to add the property to the class org.dbunit.database.DatabaseConfig
2023/12/13 09:35:26.109 [Test worker] INFO  org.dbunit.database.DatabaseConfig - The property ending with 'schema' was not found. Please notify a dbunit developer to add the property to the class org.dbunit.database.DatabaseConfig
2023/12/13 09:35:26.109 [Test worker] INFO  org.dbunit.database.DatabaseConfig - The property ending with 'prologTimeout' was not found. Please notify a dbunit developer to add the property to the class org.dbunit.database.DatabaseConfig
2023/12/13 09:35:26.109 [Test worker] INFO  org.dbunit.database.DatabaseConfig - The property ending with 'replacers' was not found. Please notify a dbunit developer to add the property to the class org.dbunit.database.DatabaseConfig
2023/12/13 09:35:26.184 [Test worker] INFO  org.dbunit.database.DatabaseConfig - The property ending with 'schema' was not found. Please notify a dbunit developer to add the property to the class org.dbunit.database.DatabaseConfig
2023/12/13 09:35:26.184 [Test worker] INFO  org.dbunit.database.DatabaseConfig - The property ending with 'prologTimeout' was not found. Please notify a dbunit developer to add the property to the class org.dbunit.database.DatabaseConfig
2023/12/13 09:35:26.184 [Test worker] INFO  org.dbunit.database.DatabaseConfig - The property ending with 'replacers' was not found. Please notify a dbunit developer to add the property to the class org.dbunit.database.DatabaseConfig
2023/12/13 09:35:26.209 [Test worker] INFO  org.dbunit.database.DatabaseConfig - The property ending with 'schema' was not found. Please notify a dbunit developer to add the property to the class org.dbunit.database.DatabaseConfig
2023/12/13 09:35:26.209 [Test worker] INFO  org.dbunit.database.DatabaseConfig - The property ending with 'prologTimeout' was not found. Please notify a dbunit developer to add the property to the class org.dbunit.database.DatabaseConfig
2023/12/13 09:35:26.209 [Test worker] INFO  org.dbunit.database.DatabaseConfig - The property ending with 'replacers' was not found. Please notify a dbunit developer to add the property to the class org.dbunit.database.DatabaseConfig
2023/12/13 09:35:26.263 [Test worker] INFO  org.dbunit.database.DatabaseConfig - The property ending with 'schema' was not found. Please notify a dbunit developer to add the property to the class org.dbunit.database.DatabaseConfig
2023/12/13 09:35:26.264 [Test worker] INFO  org.dbunit.database.DatabaseConfig - The property ending with 'prologTimeout' was not found. Please notify a dbunit developer to add the property to the class org.dbunit.database.DatabaseConfig
2023/12/13 09:35:26.265 [Test worker] INFO  org.dbunit.database.DatabaseConfig - The property ending with 'replacers' was not found. Please notify a dbunit developer to add the property to the class org.dbunit.database.DatabaseConfig
2023/12/13 09:35:26.286 [Test worker] INFO  org.dbunit.database.DatabaseConfig - The property ending with 'schema' was not found. Please notify a dbunit developer to add the property to the class org.dbunit.database.DatabaseConfig
2023/12/13 09:35:26.287 [Test worker] INFO  org.dbunit.database.DatabaseConfig - The property ending with 'prologTimeout' was not found. Please notify a dbunit developer to add the property to the class org.dbunit.database.DatabaseConfig
2023/12/13 09:35:26.287 [Test worker] INFO  org.dbunit.database.DatabaseConfig - The property ending with 'replacers' was not found. Please notify a dbunit developer to add the property to the class org.dbunit.database.DatabaseConfig
2023/12/13 09:35:26.468 [Test worker] INFO  org.dbunit.database.DatabaseConfig - The property ending with 'schema' was not found. Please notify a dbunit developer to add the property to the class org.dbunit.database.DatabaseConfig
2023/12/13 09:35:26.468 [Test worker] INFO  org.dbunit.database.DatabaseConfig - The property ending with 'prologTimeout' was not found. Please notify a dbunit developer to add the property to the class org.dbunit.database.DatabaseConfig
2023/12/13 09:35:26.468 [Test worker] INFO  org.dbunit.database.DatabaseConfig - The property ending with 'replacers' was not found. Please notify a dbunit developer to add the property to the class org.dbunit.database.DatabaseConfig
2023/12/13 09:35:26.492 [Test worker] INFO  org.dbunit.database.DatabaseConfig - The property ending with 'schema' was not found. Please notify a dbunit developer to add the property to the class org.dbunit.database.DatabaseConfig
2023/12/13 09:35:26.492 [Test worker] INFO  org.dbunit.database.DatabaseConfig - The property ending with 'prologTimeout' was not found. Please notify a dbunit developer to add the property to the class org.dbunit.database.DatabaseConfig
2023/12/13 09:35:26.492 [Test worker] INFO  org.dbunit.database.DatabaseConfig - The property ending with 'replacers' was not found. Please notify a dbunit developer to add the property to the class org.dbunit.database.DatabaseConfig
2023/12/13 09:35:26.543 [Test worker] INFO  org.dbunit.database.DatabaseConfig - The property ending with 'schema' was not found. Please notify a dbunit developer to add the property to the class org.dbunit.database.DatabaseConfig
2023/12/13 09:35:26.543 [Test worker] INFO  org.dbunit.database.DatabaseConfig - The property ending with 'prologTimeout' was not found. Please notify a dbunit developer to add the property to the class org.dbunit.database.DatabaseConfig
2023/12/13 09:35:26.544 [Test worker] INFO  org.dbunit.database.DatabaseConfig - The property ending with 'replacers' was not found. Please notify a dbunit developer to add the property to the class org.dbunit.database.DatabaseConfig
2023/12/13 09:35:26.563 [Test worker] INFO  org.dbunit.database.DatabaseConfig - The property ending with 'schema' was not found. Please notify a dbunit developer to add the property to the class org.dbunit.database.DatabaseConfig
2023/12/13 09:35:26.563 [Test worker] INFO  org.dbunit.database.DatabaseConfig - The property ending with 'prologTimeout' was not found. Please notify a dbunit developer to add the property to the class org.dbunit.database.DatabaseConfig
2023/12/13 09:35:26.563 [Test worker] INFO  org.dbunit.database.DatabaseConfig - The property ending with 'replacers' was not found. Please notify a dbunit developer to add the property to the class org.dbunit.database.DatabaseConfig
2023/12/13 09:35:26.696 [Test worker] INFO  org.dbunit.database.DatabaseConfig - The property ending with 'schema' was not found. Please notify a dbunit developer to add the property to the class org.dbunit.database.DatabaseConfig
2023/12/13 09:35:26.696 [Test worker] INFO  org.dbunit.database.DatabaseConfig - The property ending with 'prologTimeout' was not found. Please notify a dbunit developer to add the property to the class org.dbunit.database.DatabaseConfig
2023/12/13 09:35:26.697 [Test worker] INFO  org.dbunit.database.DatabaseConfig - The property ending with 'replacers' was not found. Please notify a dbunit developer to add the property to the class org.dbunit.database.DatabaseConfig
2023/12/13 09:35:26.724 [Test worker] INFO  org.dbunit.database.DatabaseConfig - The property ending with 'schema' was not found. Please notify a dbunit developer to add the property to the class org.dbunit.database.DatabaseConfig
2023/12/13 09:35:26.724 [Test worker] INFO  org.dbunit.database.DatabaseConfig - The property ending with 'prologTimeout' was not found. Please notify a dbunit developer to add the property to the class org.dbunit.database.DatabaseConfig
2023/12/13 09:35:26.724 [Test worker] INFO  org.dbunit.database.DatabaseConfig - The property ending with 'replacers' was not found. Please notify a dbunit developer to add the property to the class org.dbunit.database.DatabaseConfig
2023/12/13 09:35:26.925 [Test worker] INFO  org.dbunit.database.DatabaseConfig - The property ending with 'schema' was not found. Please notify a dbunit developer to add the property to the class org.dbunit.database.DatabaseConfig
2023/12/13 09:35:26.925 [Test worker] INFO  org.dbunit.database.DatabaseConfig - The property ending with 'prologTimeout' was not found. Please notify a dbunit developer to add the property to the class org.dbunit.database.DatabaseConfig
2023/12/13 09:35:26.926 [Test worker] INFO  org.dbunit.database.DatabaseConfig - The property ending with 'replacers' was not found. Please notify a dbunit developer to add the property to the class org.dbunit.database.DatabaseConfig
2023/12/13 09:35:26.957 [SpringApplicationShutdownHook] INFO  com.zaxxer.hikari.HikariDataSource - HikariPool-1 - Shutdown initiated...
2023/12/13 09:35:26.977 [SpringApplicationShutdownHook] INFO  com.zaxxer.hikari.HikariDataSource - HikariPool-1 - Shutdown completed.
2023/12/13 09:53:10.499 [Test worker] INFO  o.s.t.c.s.AnnotationConfigContextLoaderUtils - Could not detect default configuration classes for test class [com.yuuki.katou.inventory_management_app01.mapper.ProductMapperTest]: ProductMapperTest does not declare any static, non-private, non-final, nested classes annotated with @Configuration.
2023/12/13 09:53:10.593 [Test worker] INFO  o.s.b.t.c.SpringBootTestContextBootstrapper - Found @SpringBootConfiguration com.yuuki.katou.inventory_management_app01.InventoryManagementApp01Application for test class com.yuuki.katou.inventory_management_app01.mapper.ProductMapperTest
2023/12/13 09:53:10.863 [background-preinit] INFO  o.h.validator.internal.util.Version - HV000001: Hibernate Validator 8.0.1.Final
2023/12/13 09:53:10.910 [Test worker] INFO  c.y.k.i.mapper.ProductMapperTest - Starting ProductMapperTest using Java 17.0.8 with PID 28244 (started by USER in C:\ProjectFiles\inventory_management_app01)
2023/12/13 09:53:10.912 [Test worker] INFO  c.y.k.i.mapper.ProductMapperTest - No active profile set, falling back to 1 default profile: "default"
2023/12/13 09:53:11.732 [Test worker] INFO  c.y.k.i.mapper.ProductMapperTest - Started ProductMapperTest in 1.057 seconds (process running for 2.199)
2023/12/13 09:53:11.754 [Test worker] INFO  com.zaxxer.hikari.HikariDataSource - HikariPool-1 - Starting...
2023/12/13 09:53:12.181 [Test worker] INFO  com.zaxxer.hikari.pool.HikariPool - HikariPool-1 - Added connection com.mysql.cj.jdbc.ConnectionImpl@d36c1c3
2023/12/13 09:53:12.184 [Test worker] INFO  com.zaxxer.hikari.HikariDataSource - HikariPool-1 - Start completed.
2023/12/13 09:53:13.060 [Test worker] INFO  org.dbunit.database.DatabaseConfig - The property ending with 'schema' was not found. Please notify a dbunit developer to add the property to the class org.dbunit.database.DatabaseConfig
2023/12/13 09:53:13.061 [Test worker] INFO  org.dbunit.database.DatabaseConfig - The property ending with 'prologTimeout' was not found. Please notify a dbunit developer to add the property to the class org.dbunit.database.DatabaseConfig
2023/12/13 09:53:13.061 [Test worker] INFO  org.dbunit.database.DatabaseConfig - The property ending with 'replacers' was not found. Please notify a dbunit developer to add the property to the class org.dbunit.database.DatabaseConfig
2023/12/13 09:53:13.171 [Test worker] INFO  org.dbunit.database.DatabaseConfig - The property ending with 'schema' was not found. Please notify a dbunit developer to add the property to the class org.dbunit.database.DatabaseConfig
2023/12/13 09:53:13.171 [Test worker] INFO  org.dbunit.database.DatabaseConfig - The property ending with 'prologTimeout' was not found. Please notify a dbunit developer to add the property to the class org.dbunit.database.DatabaseConfig
2023/12/13 09:53:13.171 [Test worker] INFO  org.dbunit.database.DatabaseConfig - The property ending with 'replacers' was not found. Please notify a dbunit developer to add the property to the class org.dbunit.database.DatabaseConfig
2023/12/13 09:53:13.209 [SpringApplicationShutdownHook] INFO  com.zaxxer.hikari.HikariDataSource - HikariPool-1 - Shutdown initiated...
2023/12/13 09:53:13.232 [SpringApplicationShutdownHook] INFO  com.zaxxer.hikari.HikariDataSource - HikariPool-1 - Shutdown completed.
2023/12/13 09:58:16.671 [Test worker] INFO  o.s.t.c.s.AnnotationConfigContextLoaderUtils - Could not detect default configuration classes for test class [com.yuuki.katou.inventory_management_app01.mapper.ProductMapperTest]: ProductMapperTest does not declare any static, non-private, non-final, nested classes annotated with @Configuration.
2023/12/13 09:58:16.757 [Test worker] INFO  o.s.b.t.c.SpringBootTestContextBootstrapper - Found @SpringBootConfiguration com.yuuki.katou.inventory_management_app01.InventoryManagementApp01Application for test class com.yuuki.katou.inventory_management_app01.mapper.ProductMapperTest
2023/12/13 09:58:17.015 [background-preinit] INFO  o.h.validator.internal.util.Version - HV000001: Hibernate Validator 8.0.1.Final
2023/12/13 09:58:17.053 [Test worker] INFO  c.y.k.i.mapper.ProductMapperTest - Starting ProductMapperTest using Java 17.0.8 with PID 22636 (started by USER in C:\ProjectFiles\inventory_management_app01)
2023/12/13 09:58:17.054 [Test worker] INFO  c.y.k.i.mapper.ProductMapperTest - No active profile set, falling back to 1 default profile: "default"
2023/12/13 09:58:17.762 [Test worker] INFO  c.y.k.i.mapper.ProductMapperTest - Started ProductMapperTest in 0.941 seconds (process running for 1.96)
2023/12/13 09:58:17.784 [Test worker] INFO  com.zaxxer.hikari.HikariDataSource - HikariPool-1 - Starting...
2023/12/13 09:58:18.142 [Test worker] INFO  com.zaxxer.hikari.pool.HikariPool - HikariPool-1 - Added connection com.mysql.cj.jdbc.ConnectionImpl@626c569b
2023/12/13 09:58:18.144 [Test worker] INFO  com.zaxxer.hikari.HikariDataSource - HikariPool-1 - Start completed.
2023/12/13 09:58:18.950 [Test worker] INFO  org.dbunit.database.DatabaseConfig - The property ending with 'schema' was not found. Please notify a dbunit developer to add the property to the class org.dbunit.database.DatabaseConfig
2023/12/13 09:58:18.950 [Test worker] INFO  org.dbunit.database.DatabaseConfig - The property ending with 'prologTimeout' was not found. Please notify a dbunit developer to add the property to the class org.dbunit.database.DatabaseConfig
2023/12/13 09:58:18.950 [Test worker] INFO  org.dbunit.database.DatabaseConfig - The property ending with 'replacers' was not found. Please notify a dbunit developer to add the property to the class org.dbunit.database.DatabaseConfig
2023/12/13 09:58:18.952 [Test worker] INFO  c.g.d.r.c.d.DataSetExecutorImpl - DBUnit configuration for dataset executor 'default':cacheConnection: false
cacheTableNames: false
caseInsensitiveStrategy: LOWERCASE
columnSensing: false
leakHunter: false
mergeDataSets: false
mergingStrategy: METHOD
disableSequenceFiltering: false
alwaysCleanBefore: false
alwaysCleanAfter: false
raiseExceptionOnCleanUp: false
disablePKCheckFor: com.github.database.rider.core.configuration.DBUnitConfig@c72d7fd6
schema: products_list
tableType: [TABLE]
allowEmptyFields: false
fetchSize: 100
qualifiedTableNames: false
prologTimeout: 1000
batchSize: 100
batchedStatements: false
caseSensitiveTableNames: false
replacers: [com.github.database.rider.core.replacers.DateTimeReplacer@5c60c08, com.github.database.rider.core.replacers.UnixTimestampReplacer@1cb44a2f, com.github.database.rider.core.replacers.NullReplacer@5fe3b058]

2023/12/13 09:58:19.219 [Test worker] INFO  org.dbunit.database.DatabaseConfig - The property ending with 'schema' was not found. Please notify a dbunit developer to add the property to the class org.dbunit.database.DatabaseConfig
2023/12/13 09:58:19.219 [Test worker] INFO  org.dbunit.database.DatabaseConfig - The property ending with 'prologTimeout' was not found. Please notify a dbunit developer to add the property to the class org.dbunit.database.DatabaseConfig
2023/12/13 09:58:19.219 [Test worker] INFO  org.dbunit.database.DatabaseConfig - The property ending with 'replacers' was not found. Please notify a dbunit developer to add the property to the class org.dbunit.database.DatabaseConfig
2023/12/13 09:58:19.253 [SpringApplicationShutdownHook] INFO  com.zaxxer.hikari.HikariDataSource - HikariPool-1 - Shutdown initiated...
2023/12/13 09:58:19.275 [SpringApplicationShutdownHook] INFO  com.zaxxer.hikari.HikariDataSource - HikariPool-1 - Shutdown completed.
2023/12/13 10:04:55.360 [Test worker] INFO  o.s.t.c.s.AnnotationConfigContextLoaderUtils - Could not detect default configuration classes for test class [com.yuuki.katou.inventory_management_app01.mapper.ProductMapperTest]: ProductMapperTest does not declare any static, non-private, non-final, nested classes annotated with @Configuration.
2023/12/13 10:04:55.453 [Test worker] INFO  o.s.b.t.c.SpringBootTestContextBootstrapper - Found @SpringBootConfiguration com.yuuki.katou.inventory_management_app01.InventoryManagementApp01Application for test class com.yuuki.katou.inventory_management_app01.mapper.ProductMapperTest
2023/12/13 10:04:55.689 [background-preinit] INFO  o.h.validator.internal.util.Version - HV000001: Hibernate Validator 8.0.1.Final
2023/12/13 10:04:55.725 [Test worker] INFO  c.y.k.i.mapper.ProductMapperTest - Starting ProductMapperTest using Java 17.0.8 with PID 35476 (started by USER in C:\ProjectFiles\inventory_management_app01)
2023/12/13 10:04:55.726 [Test worker] INFO  c.y.k.i.mapper.ProductMapperTest - No active profile set, falling back to 1 default profile: "default"
2023/12/13 10:04:56.446 [Test worker] INFO  c.y.k.i.mapper.ProductMapperTest - Started ProductMapperTest in 0.931 seconds (process running for 1.966)
2023/12/13 10:04:56.471 [Test worker] INFO  com.zaxxer.hikari.HikariDataSource - HikariPool-1 - Starting...
2023/12/13 10:04:56.771 [Test worker] INFO  com.zaxxer.hikari.pool.HikariPool - HikariPool-1 - Added connection com.mysql.cj.jdbc.ConnectionImpl@96abc76
2023/12/13 10:04:56.773 [Test worker] INFO  com.zaxxer.hikari.HikariDataSource - HikariPool-1 - Start completed.
2023/12/13 10:04:57.560 [Test worker] INFO  org.dbunit.database.DatabaseConfig - The property ending with 'schema' was not found. Please notify a dbunit developer to add the property to the class org.dbunit.database.DatabaseConfig
2023/12/13 10:04:57.560 [Test worker] INFO  org.dbunit.database.DatabaseConfig - The property ending with 'prologTimeout' was not found. Please notify a dbunit developer to add the property to the class org.dbunit.database.DatabaseConfig
2023/12/13 10:04:57.560 [Test worker] INFO  org.dbunit.database.DatabaseConfig - The property ending with 'replacers' was not found. Please notify a dbunit developer to add the property to the class org.dbunit.database.DatabaseConfig
2023/12/13 10:04:57.561 [Test worker] INFO  c.g.d.r.c.d.DataSetExecutorImpl - DBUnit configuration for dataset executor 'default':cacheConnection: false
cacheTableNames: false
caseInsensitiveStrategy: LOWERCASE
columnSensing: false
leakHunter: false
mergeDataSets: false
mergingStrategy: METHOD
disableSequenceFiltering: false
alwaysCleanBefore: false
alwaysCleanAfter: false
raiseExceptionOnCleanUp: false
disablePKCheckFor: com.github.database.rider.core.configuration.DBUnitConfig@de0bac76
schema: products_list
tableType: [TABLE]
allowEmptyFields: false
fetchSize: 100
qualifiedTableNames: false
prologTimeout: 1000
batchSize: 100
batchedStatements: false
caseSensitiveTableNames: false
replacers: [com.github.database.rider.core.replacers.DateTimeReplacer@49cceb19, com.github.database.rider.core.replacers.UnixTimestampReplacer@197d5a87, com.github.database.rider.core.replacers.NullReplacer@131d977f]

2023/12/13 10:04:58.142 [Test worker] INFO  org.dbunit.database.DatabaseConfig - The property ending with 'schema' was not found. Please notify a dbunit developer to add the property to the class org.dbunit.database.DatabaseConfig
2023/12/13 10:04:58.142 [Test worker] INFO  org.dbunit.database.DatabaseConfig - The property ending with 'prologTimeout' was not found. Please notify a dbunit developer to add the property to the class org.dbunit.database.DatabaseConfig
2023/12/13 10:04:58.142 [Test worker] INFO  org.dbunit.database.DatabaseConfig - The property ending with 'replacers' was not found. Please notify a dbunit developer to add the property to the class org.dbunit.database.DatabaseConfig
2023/12/13 10:04:58.175 [SpringApplicationShutdownHook] INFO  com.zaxxer.hikari.HikariDataSource - HikariPool-1 - Shutdown initiated...
2023/12/13 10:04:58.192 [SpringApplicationShutdownHook] INFO  com.zaxxer.hikari.HikariDataSource - HikariPool-1 - Shutdown completed.
2023/12/13 10:13:20.550 [Test worker] INFO  o.s.t.c.s.AnnotationConfigContextLoaderUtils - Could not detect default configuration classes for test class [com.yuuki.katou.inventory_management_app01.mapper.ProductMapperTest]: ProductMapperTest does not declare any static, non-private, non-final, nested classes annotated with @Configuration.
2023/12/13 10:13:20.637 [Test worker] INFO  o.s.b.t.c.SpringBootTestContextBootstrapper - Found @SpringBootConfiguration com.yuuki.katou.inventory_management_app01.InventoryManagementApp01Application for test class com.yuuki.katou.inventory_management_app01.mapper.ProductMapperTest
2023/12/13 10:13:20.873 [background-preinit] INFO  o.h.validator.internal.util.Version - HV000001: Hibernate Validator 8.0.1.Final
2023/12/13 10:13:20.914 [Test worker] INFO  c.y.k.i.mapper.ProductMapperTest - Starting ProductMapperTest using Java 17.0.8 with PID 26172 (started by USER in C:\ProjectFiles\inventory_management_app01)
2023/12/13 10:13:20.915 [Test worker] INFO  c.y.k.i.mapper.ProductMapperTest - No active profile set, falling back to 1 default profile: "default"
2023/12/13 10:13:21.630 [Test worker] INFO  c.y.k.i.mapper.ProductMapperTest - Started ProductMapperTest in 0.925 seconds (process running for 1.994)
2023/12/13 10:13:21.654 [Test worker] INFO  com.zaxxer.hikari.HikariDataSource - HikariPool-1 - Starting...
2023/12/13 10:13:21.981 [Test worker] INFO  com.zaxxer.hikari.pool.HikariPool - HikariPool-1 - Added connection com.mysql.cj.jdbc.ConnectionImpl@4b28a7bf
2023/12/13 10:13:21.983 [Test worker] INFO  com.zaxxer.hikari.HikariDataSource - HikariPool-1 - Start completed.
2023/12/13 10:13:22.761 [Test worker] INFO  org.dbunit.database.DatabaseConfig - The property ending with 'schema' was not found. Please notify a dbunit developer to add the property to the class org.dbunit.database.DatabaseConfig
2023/12/13 10:13:22.762 [Test worker] INFO  org.dbunit.database.DatabaseConfig - The property ending with 'prologTimeout' was not found. Please notify a dbunit developer to add the property to the class org.dbunit.database.DatabaseConfig
2023/12/13 10:13:22.762 [Test worker] INFO  org.dbunit.database.DatabaseConfig - The property ending with 'replacers' was not found. Please notify a dbunit developer to add the property to the class org.dbunit.database.DatabaseConfig
2023/12/13 10:13:22.763 [Test worker] INFO  c.g.d.r.c.d.DataSetExecutorImpl - DBUnit configuration for dataset executor 'default':cacheConnection: false
cacheTableNames: false
caseInsensitiveStrategy: LOWERCASE
columnSensing: false
leakHunter: false
mergeDataSets: false
mergingStrategy: METHOD
disableSequenceFiltering: false
alwaysCleanBefore: false
alwaysCleanAfter: false
raiseExceptionOnCleanUp: false
disablePKCheckFor: com.github.database.rider.core.configuration.DBUnitConfig@1f461110
schema: products_list
tableType: [TABLE]
allowEmptyFields: false
fetchSize: 100
qualifiedTableNames: false
prologTimeout: 1000
batchSize: 100
batchedStatements: false
caseSensitiveTableNames: false
replacers: [com.github.database.rider.core.replacers.DateTimeReplacer@638d2ce3, com.github.database.rider.core.replacers.UnixTimestampReplacer@79617c3d, com.github.database.rider.core.replacers.NullReplacer@49cceb19]

2023/12/13 10:13:23.049 [Test worker] INFO  org.dbunit.database.DatabaseConfig - The property ending with 'schema' was not found. Please notify a dbunit developer to add the property to the class org.dbunit.database.DatabaseConfig
2023/12/13 10:13:23.049 [Test worker] INFO  org.dbunit.database.DatabaseConfig - The property ending with 'prologTimeout' was not found. Please notify a dbunit developer to add the property to the class org.dbunit.database.DatabaseConfig
2023/12/13 10:13:23.049 [Test worker] INFO  org.dbunit.database.DatabaseConfig - The property ending with 'replacers' was not found. Please notify a dbunit developer to add the property to the class org.dbunit.database.DatabaseConfig
2023/12/13 10:13:23.079 [SpringApplicationShutdownHook] INFO  com.zaxxer.hikari.HikariDataSource - HikariPool-1 - Shutdown initiated...
2023/12/13 10:13:23.095 [SpringApplicationShutdownHook] INFO  com.zaxxer.hikari.HikariDataSource - HikariPool-1 - Shutdown completed.
2023/12/13 10:22:38.031 [Test worker] INFO  o.s.t.c.s.AnnotationConfigContextLoaderUtils - Could not detect default configuration classes for test class [com.yuuki.katou.inventory_management_app01.mapper.ProductMapperTest]: ProductMapperTest does not declare any static, non-private, non-final, nested classes annotated with @Configuration.
2023/12/13 10:22:38.121 [Test worker] INFO  o.s.b.t.c.SpringBootTestContextBootstrapper - Found @SpringBootConfiguration com.yuuki.katou.inventory_management_app01.InventoryManagementApp01Application for test class com.yuuki.katou.inventory_management_app01.mapper.ProductMapperTest
2023/12/13 10:22:38.367 [background-preinit] INFO  o.h.validator.internal.util.Version - HV000001: Hibernate Validator 8.0.1.Final
2023/12/13 10:22:38.405 [Test worker] INFO  c.y.k.i.mapper.ProductMapperTest - Starting ProductMapperTest using Java 17.0.8 with PID 33932 (started by USER in C:\ProjectFiles\inventory_management_app01)
2023/12/13 10:22:38.406 [Test worker] INFO  c.y.k.i.mapper.ProductMapperTest - No active profile set, falling back to 1 default profile: "default"
2023/12/13 10:22:39.113 [Test worker] INFO  c.y.k.i.mapper.ProductMapperTest - Started ProductMapperTest in 0.936 seconds (process running for 1.974)
2023/12/13 10:22:39.137 [Test worker] INFO  com.zaxxer.hikari.HikariDataSource - HikariPool-1 - Starting...
2023/12/13 10:22:39.457 [Test worker] INFO  com.zaxxer.hikari.pool.HikariPool - HikariPool-1 - Added connection com.mysql.cj.jdbc.ConnectionImpl@68e5c7ae
2023/12/13 10:22:39.458 [Test worker] INFO  com.zaxxer.hikari.HikariDataSource - HikariPool-1 - Start completed.
2023/12/13 10:22:40.219 [Test worker] INFO  org.dbunit.database.DatabaseConfig - The property ending with 'schema' was not found. Please notify a dbunit developer to add the property to the class org.dbunit.database.DatabaseConfig
2023/12/13 10:22:40.219 [Test worker] INFO  org.dbunit.database.DatabaseConfig - The property ending with 'prologTimeout' was not found. Please notify a dbunit developer to add the property to the class org.dbunit.database.DatabaseConfig
2023/12/13 10:22:40.219 [Test worker] INFO  org.dbunit.database.DatabaseConfig - The property ending with 'replacers' was not found. Please notify a dbunit developer to add the property to the class org.dbunit.database.DatabaseConfig
2023/12/13 10:22:40.220 [Test worker] INFO  c.g.d.r.c.d.DataSetExecutorImpl - DBUnit configuration for dataset executor 'default':cacheConnection: false
cacheTableNames: false
caseInsensitiveStrategy: LOWERCASE
columnSensing: false
leakHunter: false
mergeDataSets: false
mergingStrategy: METHOD
disableSequenceFiltering: false
alwaysCleanBefore: false
alwaysCleanAfter: false
raiseExceptionOnCleanUp: false
disablePKCheckFor: com.github.database.rider.core.configuration.DBUnitConfig@7cf0ec6b
schema: products_list
tableType: [TABLE]
allowEmptyFields: false
fetchSize: 100
qualifiedTableNames: false
prologTimeout: 1000
batchSize: 100
batchedStatements: false
caseSensitiveTableNames: false
replacers: [com.github.database.rider.core.replacers.DateTimeReplacer@2a661215, com.github.database.rider.core.replacers.UnixTimestampReplacer@1f75fd1d, com.github.database.rider.core.replacers.NullReplacer@212e39ee]

2023/12/13 10:22:40.362 [Test worker] WARN  o.s.test.context.TestContextManager - Caught exception while invoking 'beforeTestMethod' callback on TestExecutionListener [com.github.database.rider.spring.DBRiderTestExecutionListener] for test method [void com.yuuki.katou.inventory_management_app01.mapper.ProductMapperTest.getIdByName_WhenNameDoesNotExist()] and test instance [com.yuuki.katou.inventory_management_app01.mapper.ProductMapperTest@3a8640f7]
java.lang.RuntimeException: Could not create dataset for test 'getIdByName_WhenNameDoesNotExist'.
	at com.github.database.rider.core.RiderRunner.runBeforeTest(RiderRunner.java:46)
	at com.github.database.rider.spring.DBRiderTestExecutionListener.beforeTestMethod(DBRiderTestExecutionListener.java:24)
	at org.springframework.test.context.TestContextManager.beforeTestMethod(TestContextManager.java:288)
	at org.springframework.test.context.junit.jupiter.SpringExtension.beforeEach(SpringExtension.java:174)
	at org.junit.jupiter.engine.descriptor.TestMethodTestDescriptor.lambda$invokeBeforeEachCallbacks$2(TestMethodTestDescriptor.java:166)
	at org.junit.jupiter.engine.descriptor.TestMethodTestDescriptor.lambda$invokeBeforeMethodsOrCallbacksUntilExceptionOccurs$6(TestMethodTestDescriptor.java:202)
	at org.junit.platform.engine.support.hierarchical.ThrowableCollector.execute(ThrowableCollector.java:73)
	at org.junit.jupiter.engine.descriptor.TestMethodTestDescriptor.invokeBeforeMethodsOrCallbacksUntilExceptionOccurs(TestMethodTestDescriptor.java:202)
	at org.junit.jupiter.engine.descriptor.TestMethodTestDescriptor.invokeBeforeEachCallbacks(TestMethodTestDescriptor.java:165)
	at org.junit.jupiter.engine.descriptor.TestMethodTestDescriptor.execute(TestMethodTestDescriptor.java:132)
	at org.junit.jupiter.engine.descriptor.TestMethodTestDescriptor.execute(TestMethodTestDescriptor.java:68)
	at org.junit.platform.engine.support.hierarchical.NodeTestTask.lambda$executeRecursively$6(NodeTestTask.java:151)
	at org.junit.platform.engine.support.hierarchical.ThrowableCollector.execute(ThrowableCollector.java:73)
	at org.junit.platform.engine.support.hierarchical.NodeTestTask.lambda$executeRecursively$8(NodeTestTask.java:141)
	at org.junit.platform.engine.support.hierarchical.Node.around(Node.java:137)
	at org.junit.platform.engine.support.hierarchical.NodeTestTask.lambda$executeRecursively$9(NodeTestTask.java:139)
	at org.junit.platform.engine.support.hierarchical.ThrowableCollector.execute(ThrowableCollector.java:73)
	at org.junit.platform.engine.support.hierarchical.NodeTestTask.executeRecursively(NodeTestTask.java:138)
	at org.junit.platform.engine.support.hierarchical.NodeTestTask.execute(NodeTestTask.java:95)
	at java.base/java.util.ArrayList.forEach(ArrayList.java:1511)
	at org.junit.platform.engine.support.hierarchical.SameThreadHierarchicalTestExecutorService.invokeAll(SameThreadHierarchicalTestExecutorService.java:41)
	at org.junit.platform.engine.support.hierarchical.NodeTestTask.lambda$executeRecursively$6(NodeTestTask.java:155)
	at org.junit.platform.engine.support.hierarchical.ThrowableCollector.execute(ThrowableCollector.java:73)
	at org.junit.platform.engine.support.hierarchical.NodeTestTask.lambda$executeRecursively$8(NodeTestTask.java:141)
	at org.junit.platform.engine.support.hierarchical.Node.around(Node.java:137)
	at org.junit.platform.engine.support.hierarchical.NodeTestTask.lambda$executeRecursively$9(NodeTestTask.java:139)
	at org.junit.platform.engine.support.hierarchical.ThrowableCollector.execute(ThrowableCollector.java:73)
	at org.junit.platform.engine.support.hierarchical.NodeTestTask.executeRecursively(NodeTestTask.java:138)
	at org.junit.platform.engine.support.hierarchical.NodeTestTask.execute(NodeTestTask.java:95)
	at java.base/java.util.ArrayList.forEach(ArrayList.java:1511)
	at org.junit.platform.engine.support.hierarchical.SameThreadHierarchicalTestExecutorService.invokeAll(SameThreadHierarchicalTestExecutorService.java:41)
	at org.junit.platform.engine.support.hierarchical.NodeTestTask.lambda$executeRecursively$6(NodeTestTask.java:155)
	at org.junit.platform.engine.support.hierarchical.ThrowableCollector.execute(ThrowableCollector.java:73)
	at org.junit.platform.engine.support.hierarchical.NodeTestTask.lambda$executeRecursively$8(NodeTestTask.java:141)
	at org.junit.platform.engine.support.hierarchical.Node.around(Node.java:137)
	at org.junit.platform.engine.support.hierarchical.NodeTestTask.lambda$executeRecursively$9(NodeTestTask.java:139)
	at org.junit.platform.engine.support.hierarchical.ThrowableCollector.execute(ThrowableCollector.java:73)
	at org.junit.platform.engine.support.hierarchical.NodeTestTask.executeRecursively(NodeTestTask.java:138)
	at org.junit.platform.engine.support.hierarchical.NodeTestTask.execute(NodeTestTask.java:95)
	at org.junit.platform.engine.support.hierarchical.SameThreadHierarchicalTestExecutorService.submit(SameThreadHierarchicalTestExecutorService.java:35)
	at org.junit.platform.engine.support.hierarchical.HierarchicalTestExecutor.execute(HierarchicalTestExecutor.java:57)
	at org.junit.platform.engine.support.hierarchical.HierarchicalTestEngine.execute(HierarchicalTestEngine.java:54)
	at org.junit.platform.launcher.core.EngineExecutionOrchestrator.execute(EngineExecutionOrchestrator.java:107)
	at org.junit.platform.launcher.core.EngineExecutionOrchestrator.execute(EngineExecutionOrchestrator.java:88)
	at org.junit.platform.launcher.core.EngineExecutionOrchestrator.lambda$execute$0(EngineExecutionOrchestrator.java:54)
	at org.junit.platform.launcher.core.EngineExecutionOrchestrator.withInterceptedStreams(EngineExecutionOrchestrator.java:67)
	at org.junit.platform.launcher.core.EngineExecutionOrchestrator.execute(EngineExecutionOrchestrator.java:52)
	at org.junit.platform.launcher.core.DefaultLauncher.execute(DefaultLauncher.java:114)
	at org.junit.platform.launcher.core.DefaultLauncher.execute(DefaultLauncher.java:86)
	at org.junit.platform.launcher.core.DefaultLauncherSession$DelegatingLauncher.execute(DefaultLauncherSession.java:86)
	at org.gradle.api.internal.tasks.testing.junitplatform.JUnitPlatformTestClassProcessor$CollectAllTestClassesExecutor.processAllTestClasses(JUnitPlatformTestClassProcessor.java:119)
	at org.gradle.api.internal.tasks.testing.junitplatform.JUnitPlatformTestClassProcessor$CollectAllTestClassesExecutor.access$000(JUnitPlatformTestClassProcessor.java:94)
	at org.gradle.api.internal.tasks.testing.junitplatform.JUnitPlatformTestClassProcessor.stop(JUnitPlatformTestClassProcessor.java:89)
	at org.gradle.api.internal.tasks.testing.SuiteTestClassProcessor.stop(SuiteTestClassProcessor.java:62)
	at java.base/jdk.internal.reflect.NativeMethodAccessorImpl.invoke0(Native Method)
	at java.base/jdk.internal.reflect.NativeMethodAccessorImpl.invoke(NativeMethodAccessorImpl.java:77)
	at java.base/jdk.internal.reflect.DelegatingMethodAccessorImpl.invoke(DelegatingMethodAccessorImpl.java:43)
	at java.base/java.lang.reflect.Method.invoke(Method.java:568)
	at org.gradle.internal.dispatch.ReflectionDispatch.dispatch(ReflectionDispatch.java:36)
	at org.gradle.internal.dispatch.ReflectionDispatch.dispatch(ReflectionDispatch.java:24)
	at org.gradle.internal.dispatch.ContextClassLoaderDispatch.dispatch(ContextClassLoaderDispatch.java:33)
	at org.gradle.internal.dispatch.ProxyDispatchAdapter$DispatchingInvocationHandler.invoke(ProxyDispatchAdapter.java:94)
	at jdk.proxy1/jdk.proxy1.$Proxy2.stop(Unknown Source)
	at org.gradle.api.internal.tasks.testing.worker.TestWorker$3.run(TestWorker.java:193)
	at org.gradle.api.internal.tasks.testing.worker.TestWorker.executeAndMaintainThreadName(TestWorker.java:129)
	at org.gradle.api.internal.tasks.testing.worker.TestWorker.execute(TestWorker.java:100)
	at org.gradle.api.internal.tasks.testing.worker.TestWorker.execute(TestWorker.java:60)
	at org.gradle.process.internal.worker.child.ActionExecutionWorker.execute(ActionExecutionWorker.java:56)
	at org.gradle.process.internal.worker.child.SystemApplicationClassLoaderWorker.call(SystemApplicationClassLoaderWorker.java:113)
	at org.gradle.process.internal.worker.child.SystemApplicationClassLoaderWorker.call(SystemApplicationClassLoaderWorker.java:65)
	at worker.org.gradle.process.internal.worker.GradleWorkerMain.run(GradleWorkerMain.java:69)
	at worker.org.gradle.process.internal.worker.GradleWorkerMain.main(GradleWorkerMain.java:74)
Caused by: com.github.database.rider.core.exception.DataBaseSeedingException: Could not initialize dataset: datasets/01_brands.yml
	at com.github.database.rider.core.dataset.DataSetExecutorImpl.createDataSet(DataSetExecutorImpl.java:142)
	at com.github.database.rider.core.RiderRunner.runBeforeTest(RiderRunner.java:44)
	... 71 common frames omitted
Caused by: java.sql.SQLIntegrityConstraintViolationException: Cannot delete or update a parent row: a foreign key constraint fails (`products_list`.`products`, CONSTRAINT `products_ibfk_1` FOREIGN KEY (`brand_id`) REFERENCES `brands` (`brand_id`))
	at com.mysql.cj.jdbc.exceptions.SQLError.createSQLException(SQLError.java:118)
	at com.mysql.cj.jdbc.exceptions.SQLExceptionsMapping.translateException(SQLExceptionsMapping.java:122)
	at com.mysql.cj.jdbc.StatementImpl.executeInternal(StatementImpl.java:763)
	at com.mysql.cj.jdbc.StatementImpl.execute(StatementImpl.java:648)
	at com.zaxxer.hikari.pool.ProxyStatement.execute(ProxyStatement.java:94)
	at com.zaxxer.hikari.pool.HikariProxyStatement.execute(HikariProxyStatement.java)
	at org.dbunit.database.statement.SimpleStatement.executeBatch(SimpleStatement.java:69)
	at org.dbunit.operation.DeleteAllOperation.execute(DeleteAllOperation.java:126)
	at org.dbunit.operation.CompositeOperation.execute(CompositeOperation.java:79)
	at com.github.database.rider.core.dataset.DataSetExecutorImpl.createDataSet(DataSetExecutorImpl.java:133)
	... 72 common frames omitted
2023/12/13 10:22:40.368 [Test worker] INFO  org.dbunit.database.DatabaseConfig - The property ending with 'schema' was not found. Please notify a dbunit developer to add the property to the class org.dbunit.database.DatabaseConfig
2023/12/13 10:22:40.368 [Test worker] INFO  org.dbunit.database.DatabaseConfig - The property ending with 'prologTimeout' was not found. Please notify a dbunit developer to add the property to the class org.dbunit.database.DatabaseConfig
2023/12/13 10:22:40.368 [Test worker] INFO  org.dbunit.database.DatabaseConfig - The property ending with 'replacers' was not found. Please notify a dbunit developer to add the property to the class org.dbunit.database.DatabaseConfig
2023/12/13 10:22:40.409 [SpringApplicationShutdownHook] INFO  com.zaxxer.hikari.HikariDataSource - HikariPool-1 - Shutdown initiated...
2023/12/13 10:22:40.423 [SpringApplicationShutdownHook] INFO  com.zaxxer.hikari.HikariDataSource - HikariPool-1 - Shutdown completed.
2023/12/13 10:23:29.477 [Test worker] INFO  o.s.t.c.s.AnnotationConfigContextLoaderUtils - Could not detect default configuration classes for test class [com.yuuki.katou.inventory_management_app01.mapper.ProductMapperTest]: ProductMapperTest does not declare any static, non-private, non-final, nested classes annotated with @Configuration.
2023/12/13 10:23:29.569 [Test worker] INFO  o.s.b.t.c.SpringBootTestContextBootstrapper - Found @SpringBootConfiguration com.yuuki.katou.inventory_management_app01.InventoryManagementApp01Application for test class com.yuuki.katou.inventory_management_app01.mapper.ProductMapperTest
2023/12/13 10:23:29.808 [background-preinit] INFO  o.h.validator.internal.util.Version - HV000001: Hibernate Validator 8.0.1.Final
2023/12/13 10:23:29.847 [Test worker] INFO  c.y.k.i.mapper.ProductMapperTest - Starting ProductMapperTest using Java 17.0.8 with PID 19196 (started by USER in C:\ProjectFiles\inventory_management_app01)
2023/12/13 10:23:29.848 [Test worker] INFO  c.y.k.i.mapper.ProductMapperTest - No active profile set, falling back to 1 default profile: "default"
2023/12/13 10:23:30.578 [Test worker] INFO  c.y.k.i.mapper.ProductMapperTest - Started ProductMapperTest in 0.954 seconds (process running for 2.044)
2023/12/13 10:23:30.601 [Test worker] INFO  com.zaxxer.hikari.HikariDataSource - HikariPool-1 - Starting...
2023/12/13 10:23:30.925 [Test worker] INFO  com.zaxxer.hikari.pool.HikariPool - HikariPool-1 - Added connection com.mysql.cj.jdbc.ConnectionImpl@4b28a7bf
2023/12/13 10:23:30.927 [Test worker] INFO  com.zaxxer.hikari.HikariDataSource - HikariPool-1 - Start completed.
2023/12/13 10:23:31.656 [Test worker] INFO  org.dbunit.database.DatabaseConfig - The property ending with 'schema' was not found. Please notify a dbunit developer to add the property to the class org.dbunit.database.DatabaseConfig
2023/12/13 10:23:31.657 [Test worker] INFO  org.dbunit.database.DatabaseConfig - The property ending with 'prologTimeout' was not found. Please notify a dbunit developer to add the property to the class org.dbunit.database.DatabaseConfig
2023/12/13 10:23:31.657 [Test worker] INFO  org.dbunit.database.DatabaseConfig - The property ending with 'replacers' was not found. Please notify a dbunit developer to add the property to the class org.dbunit.database.DatabaseConfig
2023/12/13 10:23:31.660 [Test worker] INFO  c.g.d.r.c.d.DataSetExecutorImpl - DBUnit configuration for dataset executor 'default':cacheConnection: false
cacheTableNames: false
caseInsensitiveStrategy: LOWERCASE
columnSensing: false
leakHunter: false
mergeDataSets: false
mergingStrategy: METHOD
disableSequenceFiltering: false
alwaysCleanBefore: false
alwaysCleanAfter: false
raiseExceptionOnCleanUp: false
disablePKCheckFor: com.github.database.rider.core.configuration.DBUnitConfig@1f461110
schema: products_list
tableType: [TABLE]
allowEmptyFields: false
fetchSize: 100
qualifiedTableNames: false
prologTimeout: 1000
batchSize: 100
batchedStatements: false
caseSensitiveTableNames: false
replacers: [com.github.database.rider.core.replacers.DateTimeReplacer@638d2ce3, com.github.database.rider.core.replacers.UnixTimestampReplacer@79617c3d, com.github.database.rider.core.replacers.NullReplacer@49cceb19]

2023/12/13 10:23:32.304 [Test worker] INFO  org.dbunit.database.DatabaseConfig - The property ending with 'schema' was not found. Please notify a dbunit developer to add the property to the class org.dbunit.database.DatabaseConfig
2023/12/13 10:23:32.304 [Test worker] INFO  org.dbunit.database.DatabaseConfig - The property ending with 'prologTimeout' was not found. Please notify a dbunit developer to add the property to the class org.dbunit.database.DatabaseConfig
2023/12/13 10:23:32.304 [Test worker] INFO  org.dbunit.database.DatabaseConfig - The property ending with 'replacers' was not found. Please notify a dbunit developer to add the property to the class org.dbunit.database.DatabaseConfig
2023/12/13 10:23:32.327 [SpringApplicationShutdownHook] INFO  com.zaxxer.hikari.HikariDataSource - HikariPool-1 - Shutdown initiated...
2023/12/13 10:23:32.341 [SpringApplicationShutdownHook] INFO  com.zaxxer.hikari.HikariDataSource - HikariPool-1 - Shutdown completed.
2023/12/13 10:24:15.320 [Test worker] INFO  o.s.t.c.s.AnnotationConfigContextLoaderUtils - Could not detect default configuration classes for test class [com.yuuki.katou.inventory_management_app01.mapper.ProductMapperTest]: ProductMapperTest does not declare any static, non-private, non-final, nested classes annotated with @Configuration.
2023/12/13 10:24:15.409 [Test worker] INFO  o.s.b.t.c.SpringBootTestContextBootstrapper - Found @SpringBootConfiguration com.yuuki.katou.inventory_management_app01.InventoryManagementApp01Application for test class com.yuuki.katou.inventory_management_app01.mapper.ProductMapperTest
2023/12/13 10:24:15.662 [background-preinit] INFO  o.h.validator.internal.util.Version - HV000001: Hibernate Validator 8.0.1.Final
2023/12/13 10:24:15.699 [Test worker] INFO  c.y.k.i.mapper.ProductMapperTest - Starting ProductMapperTest using Java 17.0.8 with PID 27528 (started by USER in C:\ProjectFiles\inventory_management_app01)
2023/12/13 10:24:15.700 [Test worker] INFO  c.y.k.i.mapper.ProductMapperTest - No active profile set, falling back to 1 default profile: "default"
2023/12/13 10:24:16.424 [Test worker] INFO  c.y.k.i.mapper.ProductMapperTest - Started ProductMapperTest in 0.951 seconds (process running for 1.994)
2023/12/13 10:24:16.446 [Test worker] INFO  com.zaxxer.hikari.HikariDataSource - HikariPool-1 - Starting...
2023/12/13 10:24:16.788 [Test worker] INFO  com.zaxxer.hikari.pool.HikariPool - HikariPool-1 - Added connection com.mysql.cj.jdbc.ConnectionImpl@9a9aa68
2023/12/13 10:24:16.790 [Test worker] INFO  com.zaxxer.hikari.HikariDataSource - HikariPool-1 - Start completed.
2023/12/13 10:24:17.656 [Test worker] INFO  org.dbunit.database.DatabaseConfig - The property ending with 'schema' was not found. Please notify a dbunit developer to add the property to the class org.dbunit.database.DatabaseConfig
2023/12/13 10:24:17.656 [Test worker] INFO  org.dbunit.database.DatabaseConfig - The property ending with 'prologTimeout' was not found. Please notify a dbunit developer to add the property to the class org.dbunit.database.DatabaseConfig
2023/12/13 10:24:17.656 [Test worker] INFO  org.dbunit.database.DatabaseConfig - The property ending with 'replacers' was not found. Please notify a dbunit developer to add the property to the class org.dbunit.database.DatabaseConfig
2023/12/13 10:24:17.658 [Test worker] INFO  c.g.d.r.c.d.DataSetExecutorImpl - DBUnit configuration for dataset executor 'default':cacheConnection: false
cacheTableNames: false
caseInsensitiveStrategy: LOWERCASE
columnSensing: false
leakHunter: false
mergeDataSets: false
mergingStrategy: METHOD
disableSequenceFiltering: false
alwaysCleanBefore: false
alwaysCleanAfter: false
raiseExceptionOnCleanUp: false
disablePKCheckFor: com.github.database.rider.core.configuration.DBUnitConfig@a35a89e5
schema: products_list
tableType: [TABLE]
allowEmptyFields: false
fetchSize: 100
qualifiedTableNames: false
prologTimeout: 1000
batchSize: 100
batchedStatements: false
caseSensitiveTableNames: false
replacers: [com.github.database.rider.core.replacers.DateTimeReplacer@9d3a7a1, com.github.database.rider.core.replacers.UnixTimestampReplacer@1c411474, com.github.database.rider.core.replacers.NullReplacer@5e681097]

2023/12/13 10:24:18.280 [Test worker] INFO  org.dbunit.database.DatabaseConfig - The property ending with 'schema' was not found. Please notify a dbunit developer to add the property to the class org.dbunit.database.DatabaseConfig
2023/12/13 10:24:18.281 [Test worker] INFO  org.dbunit.database.DatabaseConfig - The property ending with 'prologTimeout' was not found. Please notify a dbunit developer to add the property to the class org.dbunit.database.DatabaseConfig
2023/12/13 10:24:18.281 [Test worker] INFO  org.dbunit.database.DatabaseConfig - The property ending with 'replacers' was not found. Please notify a dbunit developer to add the property to the class org.dbunit.database.DatabaseConfig
2023/12/13 10:24:18.320 [SpringApplicationShutdownHook] INFO  com.zaxxer.hikari.HikariDataSource - HikariPool-1 - Shutdown initiated...
2023/12/13 10:24:18.339 [SpringApplicationShutdownHook] INFO  com.zaxxer.hikari.HikariDataSource - HikariPool-1 - Shutdown completed.
2023/12/13 10:27:21.710 [Test worker] INFO  o.s.t.c.s.AnnotationConfigContextLoaderUtils - Could not detect default configuration classes for test class [com.yuuki.katou.inventory_management_app01.mapper.ProductMapperTest]: ProductMapperTest does not declare any static, non-private, non-final, nested classes annotated with @Configuration.
2023/12/13 10:27:21.796 [Test worker] INFO  o.s.b.t.c.SpringBootTestContextBootstrapper - Found @SpringBootConfiguration com.yuuki.katou.inventory_management_app01.InventoryManagementApp01Application for test class com.yuuki.katou.inventory_management_app01.mapper.ProductMapperTest
2023/12/13 10:27:22.050 [background-preinit] INFO  o.h.validator.internal.util.Version - HV000001: Hibernate Validator 8.0.1.Final
2023/12/13 10:27:22.086 [Test worker] INFO  c.y.k.i.mapper.ProductMapperTest - Starting ProductMapperTest using Java 17.0.8 with PID 31124 (started by USER in C:\ProjectFiles\inventory_management_app01)
2023/12/13 10:27:22.087 [Test worker] INFO  c.y.k.i.mapper.ProductMapperTest - No active profile set, falling back to 1 default profile: "default"
2023/12/13 10:27:22.842 [Test worker] INFO  c.y.k.i.mapper.ProductMapperTest - Started ProductMapperTest in 0.993 seconds (process running for 2.045)
2023/12/13 10:27:22.870 [Test worker] INFO  com.zaxxer.hikari.HikariDataSource - HikariPool-1 - Starting...
2023/12/13 10:27:23.191 [Test worker] INFO  com.zaxxer.hikari.pool.HikariPool - HikariPool-1 - Added connection com.mysql.cj.jdbc.ConnectionImpl@3a3883c4
2023/12/13 10:27:23.193 [Test worker] INFO  com.zaxxer.hikari.HikariDataSource - HikariPool-1 - Start completed.
2023/12/13 10:27:24.087 [Test worker] INFO  org.dbunit.database.DatabaseConfig - The property ending with 'schema' was not found. Please notify a dbunit developer to add the property to the class org.dbunit.database.DatabaseConfig
2023/12/13 10:27:24.088 [Test worker] INFO  org.dbunit.database.DatabaseConfig - The property ending with 'prologTimeout' was not found. Please notify a dbunit developer to add the property to the class org.dbunit.database.DatabaseConfig
2023/12/13 10:27:24.088 [Test worker] INFO  org.dbunit.database.DatabaseConfig - The property ending with 'replacers' was not found. Please notify a dbunit developer to add the property to the class org.dbunit.database.DatabaseConfig
2023/12/13 10:27:24.090 [Test worker] INFO  c.g.d.r.c.d.DataSetExecutorImpl - DBUnit configuration for dataset executor 'default':cacheConnection: false
cacheTableNames: false
caseInsensitiveStrategy: LOWERCASE
columnSensing: false
leakHunter: false
mergeDataSets: false
mergingStrategy: METHOD
disableSequenceFiltering: false
alwaysCleanBefore: false
alwaysCleanAfter: false
raiseExceptionOnCleanUp: false
disablePKCheckFor: com.github.database.rider.core.configuration.DBUnitConfig@73cb40fa
schema: products_list
tableType: [TABLE]
allowEmptyFields: false
fetchSize: 100
qualifiedTableNames: false
prologTimeout: 1000
batchSize: 100
batchedStatements: false
caseSensitiveTableNames: false
replacers: [com.github.database.rider.core.replacers.DateTimeReplacer@1c411474, com.github.database.rider.core.replacers.UnixTimestampReplacer@5e681097, com.github.database.rider.core.replacers.NullReplacer@152891f8]

2023/12/13 10:27:24.717 [Test worker] INFO  org.dbunit.database.DatabaseConfig - The property ending with 'schema' was not found. Please notify a dbunit developer to add the property to the class org.dbunit.database.DatabaseConfig
2023/12/13 10:27:24.717 [Test worker] INFO  org.dbunit.database.DatabaseConfig - The property ending with 'prologTimeout' was not found. Please notify a dbunit developer to add the property to the class org.dbunit.database.DatabaseConfig
2023/12/13 10:27:24.717 [Test worker] INFO  org.dbunit.database.DatabaseConfig - The property ending with 'replacers' was not found. Please notify a dbunit developer to add the property to the class org.dbunit.database.DatabaseConfig
2023/12/13 10:27:24.765 [SpringApplicationShutdownHook] INFO  com.zaxxer.hikari.HikariDataSource - HikariPool-1 - Shutdown initiated...
2023/12/13 10:27:24.785 [SpringApplicationShutdownHook] INFO  com.zaxxer.hikari.HikariDataSource - HikariPool-1 - Shutdown completed.
2023/12/13 10:45:34.121 [Test worker] INFO  o.s.t.c.s.AnnotationConfigContextLoaderUtils - Could not detect default configuration classes for test class [com.yuuki.katou.inventory_management_app01.mapper.ProductMapperTest]: ProductMapperTest does not declare any static, non-private, non-final, nested classes annotated with @Configuration.
2023/12/13 10:45:34.211 [Test worker] INFO  o.s.b.t.c.SpringBootTestContextBootstrapper - Found @SpringBootConfiguration com.yuuki.katou.inventory_management_app01.InventoryManagementApp01Application for test class com.yuuki.katou.inventory_management_app01.mapper.ProductMapperTest
2023/12/13 10:45:34.449 [background-preinit] INFO  o.h.validator.internal.util.Version - HV000001: Hibernate Validator 8.0.1.Final
2023/12/13 10:45:34.489 [Test worker] INFO  c.y.k.i.mapper.ProductMapperTest - Starting ProductMapperTest using Java 17.0.8 with PID 17416 (started by USER in C:\ProjectFiles\inventory_management_app01)
2023/12/13 10:45:34.490 [Test worker] INFO  c.y.k.i.mapper.ProductMapperTest - No active profile set, falling back to 1 default profile: "default"
2023/12/13 10:45:35.269 [Test worker] INFO  c.y.k.i.mapper.ProductMapperTest - Started ProductMapperTest in 1.003 seconds (process running for 2.084)
2023/12/13 10:45:35.292 [Test worker] INFO  com.zaxxer.hikari.HikariDataSource - HikariPool-1 - Starting...
2023/12/13 10:45:35.614 [Test worker] INFO  com.zaxxer.hikari.pool.HikariPool - HikariPool-1 - Added connection com.mysql.cj.jdbc.ConnectionImpl@96abc76
2023/12/13 10:45:35.616 [Test worker] INFO  com.zaxxer.hikari.HikariDataSource - HikariPool-1 - Start completed.
2023/12/13 10:45:36.411 [Test worker] INFO  org.dbunit.database.DatabaseConfig - The property ending with 'schema' was not found. Please notify a dbunit developer to add the property to the class org.dbunit.database.DatabaseConfig
2023/12/13 10:45:36.411 [Test worker] INFO  org.dbunit.database.DatabaseConfig - The property ending with 'prologTimeout' was not found. Please notify a dbunit developer to add the property to the class org.dbunit.database.DatabaseConfig
2023/12/13 10:45:36.411 [Test worker] INFO  org.dbunit.database.DatabaseConfig - The property ending with 'replacers' was not found. Please notify a dbunit developer to add the property to the class org.dbunit.database.DatabaseConfig
2023/12/13 10:45:36.413 [Test worker] INFO  c.g.d.r.c.d.DataSetExecutorImpl - DBUnit configuration for dataset executor 'default':cacheConnection: false
cacheTableNames: false
caseInsensitiveStrategy: LOWERCASE
columnSensing: false
leakHunter: false
mergeDataSets: false
mergingStrategy: METHOD
disableSequenceFiltering: false
alwaysCleanBefore: false
alwaysCleanAfter: false
raiseExceptionOnCleanUp: false
disablePKCheckFor: com.github.database.rider.core.configuration.DBUnitConfig@de0bac76
schema: products_list
tableType: [TABLE]
allowEmptyFields: false
fetchSize: 100
qualifiedTableNames: false
prologTimeout: 1000
batchSize: 100
batchedStatements: false
caseSensitiveTableNames: false
replacers: [com.github.database.rider.core.replacers.DateTimeReplacer@49cceb19, com.github.database.rider.core.replacers.UnixTimestampReplacer@197d5a87, com.github.database.rider.core.replacers.NullReplacer@131d977f]

2023/12/13 10:45:36.683 [Test worker] INFO  org.dbunit.database.DatabaseConfig - The property ending with 'schema' was not found. Please notify a dbunit developer to add the property to the class org.dbunit.database.DatabaseConfig
2023/12/13 10:45:36.683 [Test worker] INFO  org.dbunit.database.DatabaseConfig - The property ending with 'prologTimeout' was not found. Please notify a dbunit developer to add the property to the class org.dbunit.database.DatabaseConfig
2023/12/13 10:45:36.684 [Test worker] INFO  org.dbunit.database.DatabaseConfig - The property ending with 'replacers' was not found. Please notify a dbunit developer to add the property to the class org.dbunit.database.DatabaseConfig
2023/12/13 10:45:36.723 [SpringApplicationShutdownHook] INFO  com.zaxxer.hikari.HikariDataSource - HikariPool-1 - Shutdown initiated...
2023/12/13 10:45:36.734 [SpringApplicationShutdownHook] INFO  com.zaxxer.hikari.HikariDataSource - HikariPool-1 - Shutdown completed.
2023/12/13 10:53:24.564 [Test worker] INFO  o.s.t.c.s.AnnotationConfigContextLoaderUtils - Could not detect default configuration classes for test class [com.yuuki.katou.inventory_management_app01.mapper.ProductMapperTest]: ProductMapperTest does not declare any static, non-private, non-final, nested classes annotated with @Configuration.
2023/12/13 10:53:24.649 [Test worker] INFO  o.s.b.t.c.SpringBootTestContextBootstrapper - Found @SpringBootConfiguration com.yuuki.katou.inventory_management_app01.InventoryManagementApp01Application for test class com.yuuki.katou.inventory_management_app01.mapper.ProductMapperTest
2023/12/13 10:53:24.894 [background-preinit] INFO  o.h.validator.internal.util.Version - HV000001: Hibernate Validator 8.0.1.Final
2023/12/13 10:53:24.930 [Test worker] INFO  c.y.k.i.mapper.ProductMapperTest - Starting ProductMapperTest using Java 17.0.8 with PID 36888 (started by USER in C:\ProjectFiles\inventory_management_app01)
2023/12/13 10:53:24.931 [Test worker] INFO  c.y.k.i.mapper.ProductMapperTest - No active profile set, falling back to 1 default profile: "default"
2023/12/13 10:53:25.617 [Test worker] INFO  c.y.k.i.mapper.ProductMapperTest - Started ProductMapperTest in 0.911 seconds (process running for 1.919)
2023/12/13 10:53:25.645 [Test worker] INFO  com.zaxxer.hikari.HikariDataSource - HikariPool-1 - Starting...
2023/12/13 10:53:25.951 [Test worker] INFO  com.zaxxer.hikari.pool.HikariPool - HikariPool-1 - Added connection com.mysql.cj.jdbc.ConnectionImpl@437281c5
2023/12/13 10:53:25.954 [Test worker] INFO  com.zaxxer.hikari.HikariDataSource - HikariPool-1 - Start completed.
2023/12/13 10:53:26.748 [Test worker] INFO  org.dbunit.database.DatabaseConfig - The property ending with 'schema' was not found. Please notify a dbunit developer to add the property to the class org.dbunit.database.DatabaseConfig
2023/12/13 10:53:26.748 [Test worker] INFO  org.dbunit.database.DatabaseConfig - The property ending with 'prologTimeout' was not found. Please notify a dbunit developer to add the property to the class org.dbunit.database.DatabaseConfig
2023/12/13 10:53:26.748 [Test worker] INFO  org.dbunit.database.DatabaseConfig - The property ending with 'replacers' was not found. Please notify a dbunit developer to add the property to the class org.dbunit.database.DatabaseConfig
2023/12/13 10:53:26.750 [Test worker] INFO  c.g.d.r.c.d.DataSetExecutorImpl - DBUnit configuration for dataset executor 'default':cacheConnection: false
cacheTableNames: false
caseInsensitiveStrategy: LOWERCASE
columnSensing: false
leakHunter: false
mergeDataSets: false
mergingStrategy: METHOD
disableSequenceFiltering: false
alwaysCleanBefore: false
alwaysCleanAfter: false
raiseExceptionOnCleanUp: false
disablePKCheckFor: com.github.database.rider.core.configuration.DBUnitConfig@b8f4a01d
schema: products_list
tableType: [TABLE]
allowEmptyFields: false
fetchSize: 100
qualifiedTableNames: false
prologTimeout: 1000
batchSize: 100
batchedStatements: false
caseSensitiveTableNames: false
replacers: [com.github.database.rider.core.replacers.DateTimeReplacer@131d977f, com.github.database.rider.core.replacers.UnixTimestampReplacer@616f81b5, com.github.database.rider.core.replacers.NullReplacer@4f552aa2]

2023/12/13 10:53:27.014 [Test worker] INFO  org.dbunit.database.DatabaseConfig - The property ending with 'schema' was not found. Please notify a dbunit developer to add the property to the class org.dbunit.database.DatabaseConfig
2023/12/13 10:53:27.014 [Test worker] INFO  org.dbunit.database.DatabaseConfig - The property ending with 'prologTimeout' was not found. Please notify a dbunit developer to add the property to the class org.dbunit.database.DatabaseConfig
2023/12/13 10:53:27.014 [Test worker] INFO  org.dbunit.database.DatabaseConfig - The property ending with 'replacers' was not found. Please notify a dbunit developer to add the property to the class org.dbunit.database.DatabaseConfig
2023/12/13 10:53:27.044 [SpringApplicationShutdownHook] INFO  com.zaxxer.hikari.HikariDataSource - HikariPool-1 - Shutdown initiated...
2023/12/13 10:53:27.065 [SpringApplicationShutdownHook] INFO  com.zaxxer.hikari.HikariDataSource - HikariPool-1 - Shutdown completed.
2023/12/13 10:55:40.943 [Test worker] INFO  o.s.t.c.s.AnnotationConfigContextLoaderUtils - Could not detect default configuration classes for test class [com.yuuki.katou.inventory_management_app01.mapper.ProductMapperTest]: ProductMapperTest does not declare any static, non-private, non-final, nested classes annotated with @Configuration.
2023/12/13 10:55:41.034 [Test worker] INFO  o.s.b.t.c.SpringBootTestContextBootstrapper - Found @SpringBootConfiguration com.yuuki.katou.inventory_management_app01.InventoryManagementApp01Application for test class com.yuuki.katou.inventory_management_app01.mapper.ProductMapperTest
2023/12/13 10:55:41.276 [background-preinit] INFO  o.h.validator.internal.util.Version - HV000001: Hibernate Validator 8.0.1.Final
2023/12/13 10:55:41.319 [Test worker] INFO  c.y.k.i.mapper.ProductMapperTest - Starting ProductMapperTest using Java 17.0.8 with PID 24628 (started by USER in C:\ProjectFiles\inventory_management_app01)
2023/12/13 10:55:41.320 [Test worker] INFO  c.y.k.i.mapper.ProductMapperTest - No active profile set, falling back to 1 default profile: "default"
2023/12/13 10:55:42.015 [Test worker] INFO  c.y.k.i.mapper.ProductMapperTest - Started ProductMapperTest in 0.919 seconds (process running for 1.948)
2023/12/13 10:55:42.037 [Test worker] INFO  com.zaxxer.hikari.HikariDataSource - HikariPool-1 - Starting...
2023/12/13 10:55:42.365 [Test worker] INFO  com.zaxxer.hikari.pool.HikariPool - HikariPool-1 - Added connection com.mysql.cj.jdbc.ConnectionImpl@1304e0d7
2023/12/13 10:55:42.367 [Test worker] INFO  com.zaxxer.hikari.HikariDataSource - HikariPool-1 - Start completed.
2023/12/13 10:55:43.129 [Test worker] INFO  org.dbunit.database.DatabaseConfig - The property ending with 'schema' was not found. Please notify a dbunit developer to add the property to the class org.dbunit.database.DatabaseConfig
2023/12/13 10:55:43.130 [Test worker] INFO  org.dbunit.database.DatabaseConfig - The property ending with 'prologTimeout' was not found. Please notify a dbunit developer to add the property to the class org.dbunit.database.DatabaseConfig
2023/12/13 10:55:43.130 [Test worker] INFO  org.dbunit.database.DatabaseConfig - The property ending with 'replacers' was not found. Please notify a dbunit developer to add the property to the class org.dbunit.database.DatabaseConfig
2023/12/13 10:55:43.132 [Test worker] INFO  c.g.d.r.c.d.DataSetExecutorImpl - DBUnit configuration for dataset executor 'default':cacheConnection: false
cacheTableNames: false
caseInsensitiveStrategy: LOWERCASE
columnSensing: false
leakHunter: false
mergeDataSets: false
mergingStrategy: METHOD
disableSequenceFiltering: false
alwaysCleanBefore: false
alwaysCleanAfter: false
raiseExceptionOnCleanUp: false
disablePKCheckFor: com.github.database.rider.core.configuration.DBUnitConfig@3b1f44fd
schema: products_list
tableType: [TABLE]
allowEmptyFields: false
fetchSize: 100
qualifiedTableNames: false
prologTimeout: 1000
batchSize: 100
batchedStatements: false
caseSensitiveTableNames: false
replacers: [com.github.database.rider.core.replacers.DateTimeReplacer@1d2c253, com.github.database.rider.core.replacers.UnixTimestampReplacer@15a484a9, com.github.database.rider.core.replacers.NullReplacer@b56c222]

2023/12/13 10:55:43.380 [Test worker] INFO  org.dbunit.database.DatabaseConfig - The property ending with 'schema' was not found. Please notify a dbunit developer to add the property to the class org.dbunit.database.DatabaseConfig
2023/12/13 10:55:43.380 [Test worker] INFO  org.dbunit.database.DatabaseConfig - The property ending with 'prologTimeout' was not found. Please notify a dbunit developer to add the property to the class org.dbunit.database.DatabaseConfig
2023/12/13 10:55:43.380 [Test worker] INFO  org.dbunit.database.DatabaseConfig - The property ending with 'replacers' was not found. Please notify a dbunit developer to add the property to the class org.dbunit.database.DatabaseConfig
2023/12/13 10:55:43.406 [SpringApplicationShutdownHook] INFO  com.zaxxer.hikari.HikariDataSource - HikariPool-1 - Shutdown initiated...
2023/12/13 10:55:43.420 [SpringApplicationShutdownHook] INFO  com.zaxxer.hikari.HikariDataSource - HikariPool-1 - Shutdown completed.
2023/12/13 10:55:54.713 [Test worker] INFO  o.s.t.c.s.AnnotationConfigContextLoaderUtils - Could not detect default configuration classes for test class [com.yuuki.katou.inventory_management_app01.mapper.ProductMapperTest]: ProductMapperTest does not declare any static, non-private, non-final, nested classes annotated with @Configuration.
2023/12/13 10:55:54.801 [Test worker] INFO  o.s.b.t.c.SpringBootTestContextBootstrapper - Found @SpringBootConfiguration com.yuuki.katou.inventory_management_app01.InventoryManagementApp01Application for test class com.yuuki.katou.inventory_management_app01.mapper.ProductMapperTest
2023/12/13 10:55:55.064 [background-preinit] INFO  o.h.validator.internal.util.Version - HV000001: Hibernate Validator 8.0.1.Final
2023/12/13 10:55:55.108 [Test worker] INFO  c.y.k.i.mapper.ProductMapperTest - Starting ProductMapperTest using Java 17.0.8 with PID 27120 (started by USER in C:\ProjectFiles\inventory_management_app01)
2023/12/13 10:55:55.109 [Test worker] INFO  c.y.k.i.mapper.ProductMapperTest - No active profile set, falling back to 1 default profile: "default"
2023/12/13 10:55:55.801 [Test worker] INFO  c.y.k.i.mapper.ProductMapperTest - Started ProductMapperTest in 0.944 seconds (process running for 2.007)
2023/12/13 10:55:55.826 [Test worker] INFO  com.zaxxer.hikari.HikariDataSource - HikariPool-1 - Starting...
2023/12/13 10:55:56.157 [Test worker] INFO  com.zaxxer.hikari.pool.HikariPool - HikariPool-1 - Added connection com.mysql.cj.jdbc.ConnectionImpl@573aeab2
2023/12/13 10:55:56.158 [Test worker] INFO  com.zaxxer.hikari.HikariDataSource - HikariPool-1 - Start completed.
2023/12/13 10:55:56.932 [Test worker] INFO  org.dbunit.database.DatabaseConfig - The property ending with 'schema' was not found. Please notify a dbunit developer to add the property to the class org.dbunit.database.DatabaseConfig
2023/12/13 10:55:56.933 [Test worker] INFO  org.dbunit.database.DatabaseConfig - The property ending with 'prologTimeout' was not found. Please notify a dbunit developer to add the property to the class org.dbunit.database.DatabaseConfig
2023/12/13 10:55:56.933 [Test worker] INFO  org.dbunit.database.DatabaseConfig - The property ending with 'replacers' was not found. Please notify a dbunit developer to add the property to the class org.dbunit.database.DatabaseConfig
2023/12/13 10:55:56.935 [Test worker] INFO  c.g.d.r.c.d.DataSetExecutorImpl - DBUnit configuration for dataset executor 'default':cacheConnection: false
cacheTableNames: false
caseInsensitiveStrategy: LOWERCASE
columnSensing: false
leakHunter: false
mergeDataSets: false
mergingStrategy: METHOD
disableSequenceFiltering: false
alwaysCleanBefore: false
alwaysCleanAfter: false
raiseExceptionOnCleanUp: false
disablePKCheckFor: com.github.database.rider.core.configuration.DBUnitConfig@613540c3
schema: products_list
tableType: [TABLE]
allowEmptyFields: false
fetchSize: 100
qualifiedTableNames: false
prologTimeout: 1000
batchSize: 100
batchedStatements: false
caseSensitiveTableNames: false
replacers: [com.github.database.rider.core.replacers.DateTimeReplacer@152891f8, com.github.database.rider.core.replacers.UnixTimestampReplacer@1d2c253, com.github.database.rider.core.replacers.NullReplacer@15a484a9]

2023/12/13 10:55:57.256 [Test worker] INFO  org.dbunit.database.DatabaseConfig - The property ending with 'schema' was not found. Please notify a dbunit developer to add the property to the class org.dbunit.database.DatabaseConfig
2023/12/13 10:55:57.256 [Test worker] INFO  org.dbunit.database.DatabaseConfig - The property ending with 'prologTimeout' was not found. Please notify a dbunit developer to add the property to the class org.dbunit.database.DatabaseConfig
2023/12/13 10:55:57.256 [Test worker] INFO  org.dbunit.database.DatabaseConfig - The property ending with 'replacers' was not found. Please notify a dbunit developer to add the property to the class org.dbunit.database.DatabaseConfig
2023/12/13 10:55:57.311 [SpringApplicationShutdownHook] INFO  com.zaxxer.hikari.HikariDataSource - HikariPool-1 - Shutdown initiated...
2023/12/13 10:55:57.334 [SpringApplicationShutdownHook] INFO  com.zaxxer.hikari.HikariDataSource - HikariPool-1 - Shutdown completed.
2023/12/13 10:56:44.350 [Test worker] INFO  o.s.t.c.s.AnnotationConfigContextLoaderUtils - Could not detect default configuration classes for test class [com.yuuki.katou.inventory_management_app01.mapper.ProductMapperTest]: ProductMapperTest does not declare any static, non-private, non-final, nested classes annotated with @Configuration.
2023/12/13 10:56:44.438 [Test worker] INFO  o.s.b.t.c.SpringBootTestContextBootstrapper - Found @SpringBootConfiguration com.yuuki.katou.inventory_management_app01.InventoryManagementApp01Application for test class com.yuuki.katou.inventory_management_app01.mapper.ProductMapperTest
2023/12/13 10:56:44.669 [background-preinit] INFO  o.h.validator.internal.util.Version - HV000001: Hibernate Validator 8.0.1.Final
2023/12/13 10:56:44.708 [Test worker] INFO  c.y.k.i.mapper.ProductMapperTest - Starting ProductMapperTest using Java 17.0.8 with PID 23172 (started by USER in C:\ProjectFiles\inventory_management_app01)
2023/12/13 10:56:44.709 [Test worker] INFO  c.y.k.i.mapper.ProductMapperTest - No active profile set, falling back to 1 default profile: "default"
2023/12/13 10:56:45.424 [Test worker] INFO  c.y.k.i.mapper.ProductMapperTest - Started ProductMapperTest in 0.932 seconds (process running for 2.005)
2023/12/13 10:56:45.448 [Test worker] INFO  com.zaxxer.hikari.HikariDataSource - HikariPool-1 - Starting...
2023/12/13 10:56:45.758 [Test worker] INFO  com.zaxxer.hikari.pool.HikariPool - HikariPool-1 - Added connection com.mysql.cj.jdbc.ConnectionImpl@24a4e2c5
2023/12/13 10:56:45.760 [Test worker] INFO  com.zaxxer.hikari.HikariDataSource - HikariPool-1 - Start completed.
2023/12/13 10:56:46.545 [Test worker] INFO  org.dbunit.database.DatabaseConfig - The property ending with 'schema' was not found. Please notify a dbunit developer to add the property to the class org.dbunit.database.DatabaseConfig
2023/12/13 10:56:46.545 [Test worker] INFO  org.dbunit.database.DatabaseConfig - The property ending with 'prologTimeout' was not found. Please notify a dbunit developer to add the property to the class org.dbunit.database.DatabaseConfig
2023/12/13 10:56:46.545 [Test worker] INFO  org.dbunit.database.DatabaseConfig - The property ending with 'replacers' was not found. Please notify a dbunit developer to add the property to the class org.dbunit.database.DatabaseConfig
2023/12/13 10:56:46.547 [Test worker] INFO  c.g.d.r.c.d.DataSetExecutorImpl - DBUnit configuration for dataset executor 'default':cacheConnection: false
cacheTableNames: false
caseInsensitiveStrategy: LOWERCASE
columnSensing: false
leakHunter: false
mergeDataSets: false
mergingStrategy: METHOD
disableSequenceFiltering: false
alwaysCleanBefore: false
alwaysCleanAfter: false
raiseExceptionOnCleanUp: false
disablePKCheckFor: com.github.database.rider.core.configuration.DBUnitConfig@ac731106
schema: products_list
tableType: [TABLE]
allowEmptyFields: false
fetchSize: 100
qualifiedTableNames: false
prologTimeout: 1000
batchSize: 100
batchedStatements: false
caseSensitiveTableNames: false
replacers: [com.github.database.rider.core.replacers.DateTimeReplacer@4f552aa2, com.github.database.rider.core.replacers.UnixTimestampReplacer@3c8fe8ad, com.github.database.rider.core.replacers.NullReplacer@43d6262c]

2023/12/13 10:56:46.794 [Test worker] INFO  org.dbunit.database.DatabaseConfig - The property ending with 'schema' was not found. Please notify a dbunit developer to add the property to the class org.dbunit.database.DatabaseConfig
2023/12/13 10:56:46.794 [Test worker] INFO  org.dbunit.database.DatabaseConfig - The property ending with 'prologTimeout' was not found. Please notify a dbunit developer to add the property to the class org.dbunit.database.DatabaseConfig
2023/12/13 10:56:46.794 [Test worker] INFO  org.dbunit.database.DatabaseConfig - The property ending with 'replacers' was not found. Please notify a dbunit developer to add the property to the class org.dbunit.database.DatabaseConfig
2023/12/13 10:56:46.822 [SpringApplicationShutdownHook] INFO  com.zaxxer.hikari.HikariDataSource - HikariPool-1 - Shutdown initiated...
2023/12/13 10:56:46.837 [SpringApplicationShutdownHook] INFO  com.zaxxer.hikari.HikariDataSource - HikariPool-1 - Shutdown completed.
2023/12/13 10:58:29.205 [Test worker] INFO  o.s.t.c.s.AnnotationConfigContextLoaderUtils - Could not detect default configuration classes for test class [com.yuuki.katou.inventory_management_app01.mapper.ProductMapperTest]: ProductMapperTest does not declare any static, non-private, non-final, nested classes annotated with @Configuration.
2023/12/13 10:58:29.291 [Test worker] INFO  o.s.b.t.c.SpringBootTestContextBootstrapper - Found @SpringBootConfiguration com.yuuki.katou.inventory_management_app01.InventoryManagementApp01Application for test class com.yuuki.katou.inventory_management_app01.mapper.ProductMapperTest
2023/12/13 10:58:29.522 [background-preinit] INFO  o.h.validator.internal.util.Version - HV000001: Hibernate Validator 8.0.1.Final
2023/12/13 10:58:29.563 [Test worker] INFO  c.y.k.i.mapper.ProductMapperTest - Starting ProductMapperTest using Java 17.0.8 with PID 8928 (started by USER in C:\ProjectFiles\inventory_management_app01)
2023/12/13 10:58:29.564 [Test worker] INFO  c.y.k.i.mapper.ProductMapperTest - No active profile set, falling back to 1 default profile: "default"
2023/12/13 10:58:30.292 [Test worker] INFO  c.y.k.i.mapper.ProductMapperTest - Started ProductMapperTest in 0.945 seconds (process running for 1.987)
2023/12/13 10:58:30.314 [Test worker] INFO  com.zaxxer.hikari.HikariDataSource - HikariPool-1 - Starting...
2023/12/13 10:58:30.657 [Test worker] INFO  com.zaxxer.hikari.pool.HikariPool - HikariPool-1 - Added connection com.mysql.cj.jdbc.ConnectionImpl@1304e0d7
2023/12/13 10:58:30.659 [Test worker] INFO  com.zaxxer.hikari.HikariDataSource - HikariPool-1 - Start completed.
2023/12/13 10:58:31.501 [Test worker] INFO  org.dbunit.database.DatabaseConfig - The property ending with 'schema' was not found. Please notify a dbunit developer to add the property to the class org.dbunit.database.DatabaseConfig
2023/12/13 10:58:31.501 [Test worker] INFO  org.dbunit.database.DatabaseConfig - The property ending with 'prologTimeout' was not found. Please notify a dbunit developer to add the property to the class org.dbunit.database.DatabaseConfig
2023/12/13 10:58:31.501 [Test worker] INFO  org.dbunit.database.DatabaseConfig - The property ending with 'replacers' was not found. Please notify a dbunit developer to add the property to the class org.dbunit.database.DatabaseConfig
2023/12/13 10:58:31.503 [Test worker] INFO  c.g.d.r.c.d.DataSetExecutorImpl - DBUnit configuration for dataset executor 'default':cacheConnection: false
cacheTableNames: false
caseInsensitiveStrategy: LOWERCASE
columnSensing: false
leakHunter: false
mergeDataSets: false
mergingStrategy: METHOD
disableSequenceFiltering: false
alwaysCleanBefore: false
alwaysCleanAfter: false
raiseExceptionOnCleanUp: false
disablePKCheckFor: com.github.database.rider.core.configuration.DBUnitConfig@3b1f44fd
schema: products_list
tableType: [TABLE]
allowEmptyFields: false
fetchSize: 100
qualifiedTableNames: false
prologTimeout: 1000
batchSize: 100
batchedStatements: false
caseSensitiveTableNames: false
replacers: [com.github.database.rider.core.replacers.DateTimeReplacer@1d2c253, com.github.database.rider.core.replacers.UnixTimestampReplacer@15a484a9, com.github.database.rider.core.replacers.NullReplacer@b56c222]

2023/12/13 10:58:31.762 [Test worker] INFO  org.dbunit.database.DatabaseConfig - The property ending with 'schema' was not found. Please notify a dbunit developer to add the property to the class org.dbunit.database.DatabaseConfig
2023/12/13 10:58:31.762 [Test worker] INFO  org.dbunit.database.DatabaseConfig - The property ending with 'prologTimeout' was not found. Please notify a dbunit developer to add the property to the class org.dbunit.database.DatabaseConfig
2023/12/13 10:58:31.762 [Test worker] INFO  org.dbunit.database.DatabaseConfig - The property ending with 'replacers' was not found. Please notify a dbunit developer to add the property to the class org.dbunit.database.DatabaseConfig
2023/12/13 10:58:31.789 [SpringApplicationShutdownHook] INFO  com.zaxxer.hikari.HikariDataSource - HikariPool-1 - Shutdown initiated...
2023/12/13 10:58:31.803 [SpringApplicationShutdownHook] INFO  com.zaxxer.hikari.HikariDataSource - HikariPool-1 - Shutdown completed.
2023/12/13 11:10:41.059 [Test worker] INFO  o.s.t.c.s.AnnotationConfigContextLoaderUtils - Could not detect default configuration classes for test class [com.yuuki.katou.inventory_management_app01.mapper.ProductMapperTest]: ProductMapperTest does not declare any static, non-private, non-final, nested classes annotated with @Configuration.
2023/12/13 11:10:41.145 [Test worker] INFO  o.s.b.t.c.SpringBootTestContextBootstrapper - Found @SpringBootConfiguration com.yuuki.katou.inventory_management_app01.InventoryManagementApp01Application for test class com.yuuki.katou.inventory_management_app01.mapper.ProductMapperTest
2023/12/13 11:10:41.386 [background-preinit] INFO  o.h.validator.internal.util.Version - HV000001: Hibernate Validator 8.0.1.Final
2023/12/13 11:10:41.427 [Test worker] INFO  c.y.k.i.mapper.ProductMapperTest - Starting ProductMapperTest using Java 17.0.8 with PID 35000 (started by USER in C:\ProjectFiles\inventory_management_app01)
2023/12/13 11:10:41.428 [Test worker] INFO  c.y.k.i.mapper.ProductMapperTest - No active profile set, falling back to 1 default profile: "default"
2023/12/13 11:10:42.140 [Test worker] INFO  c.y.k.i.mapper.ProductMapperTest - Started ProductMapperTest in 0.939 seconds (process running for 1.956)
2023/12/13 11:10:42.171 [Test worker] INFO  com.zaxxer.hikari.HikariDataSource - HikariPool-1 - Starting...
2023/12/13 11:10:42.489 [Test worker] INFO  com.zaxxer.hikari.pool.HikariPool - HikariPool-1 - Added connection com.mysql.cj.jdbc.ConnectionImpl@3d1c933
2023/12/13 11:10:42.491 [Test worker] INFO  com.zaxxer.hikari.HikariDataSource - HikariPool-1 - Start completed.
2023/12/13 11:10:43.257 [Test worker] INFO  org.dbunit.database.DatabaseConfig - The property ending with 'schema' was not found. Please notify a dbunit developer to add the property to the class org.dbunit.database.DatabaseConfig
2023/12/13 11:10:43.257 [Test worker] INFO  org.dbunit.database.DatabaseConfig - The property ending with 'prologTimeout' was not found. Please notify a dbunit developer to add the property to the class org.dbunit.database.DatabaseConfig
2023/12/13 11:10:43.257 [Test worker] INFO  org.dbunit.database.DatabaseConfig - The property ending with 'replacers' was not found. Please notify a dbunit developer to add the property to the class org.dbunit.database.DatabaseConfig
2023/12/13 11:10:43.259 [Test worker] INFO  c.g.d.r.c.d.DataSetExecutorImpl - DBUnit configuration for dataset executor 'default':cacheConnection: false
cacheTableNames: false
caseInsensitiveStrategy: LOWERCASE
columnSensing: false
leakHunter: false
mergeDataSets: false
mergingStrategy: METHOD
disableSequenceFiltering: false
alwaysCleanBefore: false
alwaysCleanAfter: false
raiseExceptionOnCleanUp: false
disablePKCheckFor: com.github.database.rider.core.configuration.DBUnitConfig@a22e06ed
schema: products_list
tableType: [TABLE]
allowEmptyFields: false
fetchSize: 100
qualifiedTableNames: false
prologTimeout: 1000
batchSize: 100
batchedStatements: false
caseSensitiveTableNames: false
replacers: [com.github.database.rider.core.replacers.DateTimeReplacer@3f80d8c, com.github.database.rider.core.replacers.UnixTimestampReplacer@2d3b0978, com.github.database.rider.core.replacers.NullReplacer@5c60c08]

2023/12/13 11:10:43.869 [Test worker] INFO  org.dbunit.database.DatabaseConfig - The property ending with 'schema' was not found. Please notify a dbunit developer to add the property to the class org.dbunit.database.DatabaseConfig
2023/12/13 11:10:43.869 [Test worker] INFO  org.dbunit.database.DatabaseConfig - The property ending with 'prologTimeout' was not found. Please notify a dbunit developer to add the property to the class org.dbunit.database.DatabaseConfig
2023/12/13 11:10:43.869 [Test worker] INFO  org.dbunit.database.DatabaseConfig - The property ending with 'replacers' was not found. Please notify a dbunit developer to add the property to the class org.dbunit.database.DatabaseConfig
2023/12/13 11:10:43.897 [SpringApplicationShutdownHook] INFO  com.zaxxer.hikari.HikariDataSource - HikariPool-1 - Shutdown initiated...
2023/12/13 11:10:43.911 [SpringApplicationShutdownHook] INFO  com.zaxxer.hikari.HikariDataSource - HikariPool-1 - Shutdown completed.
2023/12/13 11:25:04.731 [Test worker] INFO  o.s.t.c.s.AnnotationConfigContextLoaderUtils - Could not detect default configuration classes for test class [com.yuuki.katou.inventory_management_app01.mapper.ReferenceDataMapperTest]: ReferenceDataMapperTest does not declare any static, non-private, non-final, nested classes annotated with @Configuration.
2023/12/13 11:25:04.825 [Test worker] INFO  o.s.b.t.c.SpringBootTestContextBootstrapper - Found @SpringBootConfiguration com.yuuki.katou.inventory_management_app01.InventoryManagementApp01Application for test class com.yuuki.katou.inventory_management_app01.mapper.ReferenceDataMapperTest
2023/12/13 11:25:05.080 [background-preinit] INFO  o.h.validator.internal.util.Version - HV000001: Hibernate Validator 8.0.1.Final
2023/12/13 11:25:05.127 [Test worker] INFO  c.y.k.i.m.ReferenceDataMapperTest - Starting ReferenceDataMapperTest using Java 17.0.8 with PID 25740 (started by USER in C:\ProjectFiles\inventory_management_app01)
2023/12/13 11:25:05.128 [Test worker] INFO  c.y.k.i.m.ReferenceDataMapperTest - No active profile set, falling back to 1 default profile: "default"
2023/12/13 11:25:05.926 [Test worker] INFO  c.y.k.i.m.ReferenceDataMapperTest - Started ReferenceDataMapperTest in 1.041 seconds (process running for 2.113)
2023/12/13 11:25:05.947 [Test worker] INFO  com.zaxxer.hikari.HikariDataSource - HikariPool-1 - Starting...
2023/12/13 11:25:06.271 [Test worker] INFO  com.zaxxer.hikari.pool.HikariPool - HikariPool-1 - Added connection com.mysql.cj.jdbc.ConnectionImpl@2bba35ef
2023/12/13 11:25:06.272 [Test worker] INFO  com.zaxxer.hikari.HikariDataSource - HikariPool-1 - Start completed.
2023/12/13 11:25:07.063 [Test worker] INFO  org.dbunit.database.DatabaseConfig - The property ending with 'schema' was not found. Please notify a dbunit developer to add the property to the class org.dbunit.database.DatabaseConfig
2023/12/13 11:25:07.064 [Test worker] INFO  org.dbunit.database.DatabaseConfig - The property ending with 'prologTimeout' was not found. Please notify a dbunit developer to add the property to the class org.dbunit.database.DatabaseConfig
2023/12/13 11:25:07.064 [Test worker] INFO  org.dbunit.database.DatabaseConfig - The property ending with 'replacers' was not found. Please notify a dbunit developer to add the property to the class org.dbunit.database.DatabaseConfig
2023/12/13 11:25:07.065 [Test worker] INFO  c.g.d.r.c.d.DataSetExecutorImpl - DBUnit configuration for dataset executor 'default':cacheConnection: false
cacheTableNames: false
caseInsensitiveStrategy: LOWERCASE
columnSensing: false
leakHunter: false
mergeDataSets: false
mergingStrategy: METHOD
disableSequenceFiltering: false
alwaysCleanBefore: false
alwaysCleanAfter: false
raiseExceptionOnCleanUp: false
disablePKCheckFor: com.github.database.rider.core.configuration.DBUnitConfig@662785c5
schema: products_list
tableType: [TABLE]
allowEmptyFields: false
fetchSize: 100
qualifiedTableNames: false
prologTimeout: 1000
batchSize: 100
batchedStatements: false
caseSensitiveTableNames: false
replacers: [com.github.database.rider.core.replacers.DateTimeReplacer@65b73689, com.github.database.rider.core.replacers.UnixTimestampReplacer@2047adea, com.github.database.rider.core.replacers.NullReplacer@5af40e45]

2023/12/13 11:25:07.231 [Test worker] WARN  o.s.test.context.TestContextManager - Caught exception while invoking 'beforeTestMethod' callback on TestExecutionListener [com.github.database.rider.spring.DBRiderTestExecutionListener] for test method [void com.yuuki.katou.inventory_management_app01.mapper.ReferenceDataMapperTest.Ç∑Ç◊ÇƒÇÃÉuÉâÉìÉhèÓïÒÇéÊìæÇ≈Ç´ÇÈÇ±Ç∆()] and test instance [com.yuuki.katou.inventory_management_app01.mapper.ReferenceDataMapperTest@25823192]
java.lang.RuntimeException: Could not create dataset for test 'Ç∑Ç◊ÇƒÇÃÉuÉâÉìÉhèÓïÒÇéÊìæÇ≈Ç´ÇÈÇ±Ç∆'.
	at com.github.database.rider.core.RiderRunner.runBeforeTest(RiderRunner.java:46)
	at com.github.database.rider.spring.DBRiderTestExecutionListener.beforeTestMethod(DBRiderTestExecutionListener.java:24)
	at org.springframework.test.context.TestContextManager.beforeTestMethod(TestContextManager.java:288)
	at org.springframework.test.context.junit.jupiter.SpringExtension.beforeEach(SpringExtension.java:174)
	at org.junit.jupiter.engine.descriptor.TestMethodTestDescriptor.lambda$invokeBeforeEachCallbacks$2(TestMethodTestDescriptor.java:166)
	at org.junit.jupiter.engine.descriptor.TestMethodTestDescriptor.lambda$invokeBeforeMethodsOrCallbacksUntilExceptionOccurs$6(TestMethodTestDescriptor.java:202)
	at org.junit.platform.engine.support.hierarchical.ThrowableCollector.execute(ThrowableCollector.java:73)
	at org.junit.jupiter.engine.descriptor.TestMethodTestDescriptor.invokeBeforeMethodsOrCallbacksUntilExceptionOccurs(TestMethodTestDescriptor.java:202)
	at org.junit.jupiter.engine.descriptor.TestMethodTestDescriptor.invokeBeforeEachCallbacks(TestMethodTestDescriptor.java:165)
	at org.junit.jupiter.engine.descriptor.TestMethodTestDescriptor.execute(TestMethodTestDescriptor.java:132)
	at org.junit.jupiter.engine.descriptor.TestMethodTestDescriptor.execute(TestMethodTestDescriptor.java:68)
	at org.junit.platform.engine.support.hierarchical.NodeTestTask.lambda$executeRecursively$6(NodeTestTask.java:151)
	at org.junit.platform.engine.support.hierarchical.ThrowableCollector.execute(ThrowableCollector.java:73)
	at org.junit.platform.engine.support.hierarchical.NodeTestTask.lambda$executeRecursively$8(NodeTestTask.java:141)
	at org.junit.platform.engine.support.hierarchical.Node.around(Node.java:137)
	at org.junit.platform.engine.support.hierarchical.NodeTestTask.lambda$executeRecursively$9(NodeTestTask.java:139)
	at org.junit.platform.engine.support.hierarchical.ThrowableCollector.execute(ThrowableCollector.java:73)
	at org.junit.platform.engine.support.hierarchical.NodeTestTask.executeRecursively(NodeTestTask.java:138)
	at org.junit.platform.engine.support.hierarchical.NodeTestTask.execute(NodeTestTask.java:95)
	at java.base/java.util.ArrayList.forEach(ArrayList.java:1511)
	at org.junit.platform.engine.support.hierarchical.SameThreadHierarchicalTestExecutorService.invokeAll(SameThreadHierarchicalTestExecutorService.java:41)
	at org.junit.platform.engine.support.hierarchical.NodeTestTask.lambda$executeRecursively$6(NodeTestTask.java:155)
	at org.junit.platform.engine.support.hierarchical.ThrowableCollector.execute(ThrowableCollector.java:73)
	at org.junit.platform.engine.support.hierarchical.NodeTestTask.lambda$executeRecursively$8(NodeTestTask.java:141)
	at org.junit.platform.engine.support.hierarchical.Node.around(Node.java:137)
	at org.junit.platform.engine.support.hierarchical.NodeTestTask.lambda$executeRecursively$9(NodeTestTask.java:139)
	at org.junit.platform.engine.support.hierarchical.ThrowableCollector.execute(ThrowableCollector.java:73)
	at org.junit.platform.engine.support.hierarchical.NodeTestTask.executeRecursively(NodeTestTask.java:138)
	at org.junit.platform.engine.support.hierarchical.NodeTestTask.execute(NodeTestTask.java:95)
	at java.base/java.util.ArrayList.forEach(ArrayList.java:1511)
	at org.junit.platform.engine.support.hierarchical.SameThreadHierarchicalTestExecutorService.invokeAll(SameThreadHierarchicalTestExecutorService.java:41)
	at org.junit.platform.engine.support.hierarchical.NodeTestTask.lambda$executeRecursively$6(NodeTestTask.java:155)
	at org.junit.platform.engine.support.hierarchical.ThrowableCollector.execute(ThrowableCollector.java:73)
	at org.junit.platform.engine.support.hierarchical.NodeTestTask.lambda$executeRecursively$8(NodeTestTask.java:141)
	at org.junit.platform.engine.support.hierarchical.Node.around(Node.java:137)
	at org.junit.platform.engine.support.hierarchical.NodeTestTask.lambda$executeRecursively$9(NodeTestTask.java:139)
	at org.junit.platform.engine.support.hierarchical.ThrowableCollector.execute(ThrowableCollector.java:73)
	at org.junit.platform.engine.support.hierarchical.NodeTestTask.executeRecursively(NodeTestTask.java:138)
	at org.junit.platform.engine.support.hierarchical.NodeTestTask.execute(NodeTestTask.java:95)
	at org.junit.platform.engine.support.hierarchical.SameThreadHierarchicalTestExecutorService.submit(SameThreadHierarchicalTestExecutorService.java:35)
	at org.junit.platform.engine.support.hierarchical.HierarchicalTestExecutor.execute(HierarchicalTestExecutor.java:57)
	at org.junit.platform.engine.support.hierarchical.HierarchicalTestEngine.execute(HierarchicalTestEngine.java:54)
	at org.junit.platform.launcher.core.EngineExecutionOrchestrator.execute(EngineExecutionOrchestrator.java:107)
	at org.junit.platform.launcher.core.EngineExecutionOrchestrator.execute(EngineExecutionOrchestrator.java:88)
	at org.junit.platform.launcher.core.EngineExecutionOrchestrator.lambda$execute$0(EngineExecutionOrchestrator.java:54)
	at org.junit.platform.launcher.core.EngineExecutionOrchestrator.withInterceptedStreams(EngineExecutionOrchestrator.java:67)
	at org.junit.platform.launcher.core.EngineExecutionOrchestrator.execute(EngineExecutionOrchestrator.java:52)
	at org.junit.platform.launcher.core.DefaultLauncher.execute(DefaultLauncher.java:114)
	at org.junit.platform.launcher.core.DefaultLauncher.execute(DefaultLauncher.java:86)
	at org.junit.platform.launcher.core.DefaultLauncherSession$DelegatingLauncher.execute(DefaultLauncherSession.java:86)
	at org.gradle.api.internal.tasks.testing.junitplatform.JUnitPlatformTestClassProcessor$CollectAllTestClassesExecutor.processAllTestClasses(JUnitPlatformTestClassProcessor.java:119)
	at org.gradle.api.internal.tasks.testing.junitplatform.JUnitPlatformTestClassProcessor$CollectAllTestClassesExecutor.access$000(JUnitPlatformTestClassProcessor.java:94)
	at org.gradle.api.internal.tasks.testing.junitplatform.JUnitPlatformTestClassProcessor.stop(JUnitPlatformTestClassProcessor.java:89)
	at org.gradle.api.internal.tasks.testing.SuiteTestClassProcessor.stop(SuiteTestClassProcessor.java:62)
	at java.base/jdk.internal.reflect.NativeMethodAccessorImpl.invoke0(Native Method)
	at java.base/jdk.internal.reflect.NativeMethodAccessorImpl.invoke(NativeMethodAccessorImpl.java:77)
	at java.base/jdk.internal.reflect.DelegatingMethodAccessorImpl.invoke(DelegatingMethodAccessorImpl.java:43)
	at java.base/java.lang.reflect.Method.invoke(Method.java:568)
	at org.gradle.internal.dispatch.ReflectionDispatch.dispatch(ReflectionDispatch.java:36)
	at org.gradle.internal.dispatch.ReflectionDispatch.dispatch(ReflectionDispatch.java:24)
	at org.gradle.internal.dispatch.ContextClassLoaderDispatch.dispatch(ContextClassLoaderDispatch.java:33)
	at org.gradle.internal.dispatch.ProxyDispatchAdapter$DispatchingInvocationHandler.invoke(ProxyDispatchAdapter.java:94)
	at jdk.proxy1/jdk.proxy1.$Proxy2.stop(Unknown Source)
	at org.gradle.api.internal.tasks.testing.worker.TestWorker$3.run(TestWorker.java:193)
	at org.gradle.api.internal.tasks.testing.worker.TestWorker.executeAndMaintainThreadName(TestWorker.java:129)
	at org.gradle.api.internal.tasks.testing.worker.TestWorker.execute(TestWorker.java:100)
	at org.gradle.api.internal.tasks.testing.worker.TestWorker.execute(TestWorker.java:60)
	at org.gradle.process.internal.worker.child.ActionExecutionWorker.execute(ActionExecutionWorker.java:56)
	at org.gradle.process.internal.worker.child.SystemApplicationClassLoaderWorker.call(SystemApplicationClassLoaderWorker.java:113)
	at org.gradle.process.internal.worker.child.SystemApplicationClassLoaderWorker.call(SystemApplicationClassLoaderWorker.java:65)
	at worker.org.gradle.process.internal.worker.GradleWorkerMain.run(GradleWorkerMain.java:69)
	at worker.org.gradle.process.internal.worker.GradleWorkerMain.main(GradleWorkerMain.java:74)
Caused by: com.github.database.rider.core.exception.DataBaseSeedingException: Could not initialize dataset: datasets/01_brands.yml
	at com.github.database.rider.core.dataset.DataSetExecutorImpl.createDataSet(DataSetExecutorImpl.java:142)
	at com.github.database.rider.core.RiderRunner.runBeforeTest(RiderRunner.java:44)
	... 71 common frames omitted
Caused by: java.sql.SQLIntegrityConstraintViolationException: Cannot delete or update a parent row: a foreign key constraint fails (`products_list`.`products`, CONSTRAINT `products_ibfk_1` FOREIGN KEY (`brand_id`) REFERENCES `brands` (`brand_id`))
	at com.mysql.cj.jdbc.exceptions.SQLError.createSQLException(SQLError.java:118)
	at com.mysql.cj.jdbc.exceptions.SQLExceptionsMapping.translateException(SQLExceptionsMapping.java:122)
	at com.mysql.cj.jdbc.StatementImpl.executeInternal(StatementImpl.java:763)
	at com.mysql.cj.jdbc.StatementImpl.execute(StatementImpl.java:648)
	at com.zaxxer.hikari.pool.ProxyStatement.execute(ProxyStatement.java:94)
	at com.zaxxer.hikari.pool.HikariProxyStatement.execute(HikariProxyStatement.java)
	at org.dbunit.database.statement.SimpleStatement.executeBatch(SimpleStatement.java:69)
	at org.dbunit.operation.DeleteAllOperation.execute(DeleteAllOperation.java:126)
	at org.dbunit.operation.CompositeOperation.execute(CompositeOperation.java:79)
	at com.github.database.rider.core.dataset.DataSetExecutorImpl.createDataSet(DataSetExecutorImpl.java:133)
	... 72 common frames omitted
2023/12/13 11:25:07.238 [Test worker] INFO  org.dbunit.database.DatabaseConfig - The property ending with 'schema' was not found. Please notify a dbunit developer to add the property to the class org.dbunit.database.DatabaseConfig
2023/12/13 11:25:07.238 [Test worker] INFO  org.dbunit.database.DatabaseConfig - The property ending with 'prologTimeout' was not found. Please notify a dbunit developer to add the property to the class org.dbunit.database.DatabaseConfig
2023/12/13 11:25:07.238 [Test worker] INFO  org.dbunit.database.DatabaseConfig - The property ending with 'replacers' was not found. Please notify a dbunit developer to add the property to the class org.dbunit.database.DatabaseConfig
2023/12/13 11:25:07.281 [SpringApplicationShutdownHook] INFO  com.zaxxer.hikari.HikariDataSource - HikariPool-1 - Shutdown initiated...
2023/12/13 11:25:07.300 [SpringApplicationShutdownHook] INFO  com.zaxxer.hikari.HikariDataSource - HikariPool-1 - Shutdown completed.
2023/12/13 11:31:02.833 [Test worker] INFO  o.s.t.c.s.AnnotationConfigContextLoaderUtils - Could not detect default configuration classes for test class [com.yuuki.katou.inventory_management_app01.mapper.ReferenceDataMapperTest]: ReferenceDataMapperTest does not declare any static, non-private, non-final, nested classes annotated with @Configuration.
2023/12/13 11:31:02.923 [Test worker] INFO  o.s.b.t.c.SpringBootTestContextBootstrapper - Found @SpringBootConfiguration com.yuuki.katou.inventory_management_app01.InventoryManagementApp01Application for test class com.yuuki.katou.inventory_management_app01.mapper.ReferenceDataMapperTest
2023/12/13 11:31:03.168 [background-preinit] INFO  o.h.validator.internal.util.Version - HV000001: Hibernate Validator 8.0.1.Final
2023/12/13 11:31:03.209 [Test worker] INFO  c.y.k.i.m.ReferenceDataMapperTest - Starting ReferenceDataMapperTest using Java 17.0.8 with PID 35080 (started by USER in C:\ProjectFiles\inventory_management_app01)
2023/12/13 11:31:03.210 [Test worker] INFO  c.y.k.i.m.ReferenceDataMapperTest - No active profile set, falling back to 1 default profile: "default"
2023/12/13 11:31:03.919 [Test worker] INFO  c.y.k.i.m.ReferenceDataMapperTest - Started ReferenceDataMapperTest in 0.94 seconds (process running for 1.961)
2023/12/13 11:31:03.938 [Test worker] INFO  com.zaxxer.hikari.HikariDataSource - HikariPool-1 - Starting...
2023/12/13 11:31:04.264 [Test worker] INFO  com.zaxxer.hikari.pool.HikariPool - HikariPool-1 - Added connection com.mysql.cj.jdbc.ConnectionImpl@2bba35ef
2023/12/13 11:31:04.266 [Test worker] INFO  com.zaxxer.hikari.HikariDataSource - HikariPool-1 - Start completed.
2023/12/13 11:31:05.059 [Test worker] INFO  org.dbunit.database.DatabaseConfig - The property ending with 'schema' was not found. Please notify a dbunit developer to add the property to the class org.dbunit.database.DatabaseConfig
2023/12/13 11:31:05.059 [Test worker] INFO  org.dbunit.database.DatabaseConfig - The property ending with 'prologTimeout' was not found. Please notify a dbunit developer to add the property to the class org.dbunit.database.DatabaseConfig
2023/12/13 11:31:05.059 [Test worker] INFO  org.dbunit.database.DatabaseConfig - The property ending with 'replacers' was not found. Please notify a dbunit developer to add the property to the class org.dbunit.database.DatabaseConfig
2023/12/13 11:31:05.061 [Test worker] INFO  c.g.d.r.c.d.DataSetExecutorImpl - DBUnit configuration for dataset executor 'default':cacheConnection: false
cacheTableNames: false
caseInsensitiveStrategy: LOWERCASE
columnSensing: false
leakHunter: false
mergeDataSets: false
mergingStrategy: METHOD
disableSequenceFiltering: false
alwaysCleanBefore: false
alwaysCleanAfter: false
raiseExceptionOnCleanUp: false
disablePKCheckFor: com.github.database.rider.core.configuration.DBUnitConfig@662785c5
schema: products_list
tableType: [TABLE]
allowEmptyFields: false
fetchSize: 100
qualifiedTableNames: false
prologTimeout: 1000
batchSize: 100
batchedStatements: false
caseSensitiveTableNames: false
replacers: [com.github.database.rider.core.replacers.DateTimeReplacer@65b73689, com.github.database.rider.core.replacers.UnixTimestampReplacer@2047adea, com.github.database.rider.core.replacers.NullReplacer@5af40e45]

2023/12/13 11:31:05.627 [Test worker] INFO  org.dbunit.database.DatabaseConfig - The property ending with 'schema' was not found. Please notify a dbunit developer to add the property to the class org.dbunit.database.DatabaseConfig
2023/12/13 11:31:05.628 [Test worker] INFO  org.dbunit.database.DatabaseConfig - The property ending with 'prologTimeout' was not found. Please notify a dbunit developer to add the property to the class org.dbunit.database.DatabaseConfig
2023/12/13 11:31:05.628 [Test worker] INFO  org.dbunit.database.DatabaseConfig - The property ending with 'replacers' was not found. Please notify a dbunit developer to add the property to the class org.dbunit.database.DatabaseConfig
2023/12/13 11:31:05.664 [SpringApplicationShutdownHook] INFO  com.zaxxer.hikari.HikariDataSource - HikariPool-1 - Shutdown initiated...
2023/12/13 11:31:05.681 [SpringApplicationShutdownHook] INFO  com.zaxxer.hikari.HikariDataSource - HikariPool-1 - Shutdown completed.
2023/12/13 11:32:09.583 [Test worker] INFO  o.s.t.c.s.AnnotationConfigContextLoaderUtils - Could not detect default configuration classes for test class [com.yuuki.katou.inventory_management_app01.mapper.ReferenceDataMapperTest]: ReferenceDataMapperTest does not declare any static, non-private, non-final, nested classes annotated with @Configuration.
2023/12/13 11:32:09.672 [Test worker] INFO  o.s.b.t.c.SpringBootTestContextBootstrapper - Found @SpringBootConfiguration com.yuuki.katou.inventory_management_app01.InventoryManagementApp01Application for test class com.yuuki.katou.inventory_management_app01.mapper.ReferenceDataMapperTest
2023/12/13 11:32:09.907 [background-preinit] INFO  o.h.validator.internal.util.Version - HV000001: Hibernate Validator 8.0.1.Final
2023/12/13 11:32:09.943 [Test worker] INFO  c.y.k.i.m.ReferenceDataMapperTest - Starting ReferenceDataMapperTest using Java 17.0.8 with PID 28476 (started by USER in C:\ProjectFiles\inventory_management_app01)
2023/12/13 11:32:09.944 [Test worker] INFO  c.y.k.i.m.ReferenceDataMapperTest - No active profile set, falling back to 1 default profile: "default"
2023/12/13 11:32:10.679 [Test worker] INFO  c.y.k.i.m.ReferenceDataMapperTest - Started ReferenceDataMapperTest in 0.953 seconds (process running for 1.97)
2023/12/13 11:32:10.704 [Test worker] INFO  com.zaxxer.hikari.HikariDataSource - HikariPool-1 - Starting...
2023/12/13 11:32:11.015 [Test worker] INFO  com.zaxxer.hikari.pool.HikariPool - HikariPool-1 - Added connection com.mysql.cj.jdbc.ConnectionImpl@787178b1
2023/12/13 11:32:11.017 [Test worker] INFO  com.zaxxer.hikari.HikariDataSource - HikariPool-1 - Start completed.
2023/12/13 11:32:11.787 [Test worker] INFO  org.dbunit.database.DatabaseConfig - The property ending with 'schema' was not found. Please notify a dbunit developer to add the property to the class org.dbunit.database.DatabaseConfig
2023/12/13 11:32:11.787 [Test worker] INFO  org.dbunit.database.DatabaseConfig - The property ending with 'prologTimeout' was not found. Please notify a dbunit developer to add the property to the class org.dbunit.database.DatabaseConfig
2023/12/13 11:32:11.787 [Test worker] INFO  org.dbunit.database.DatabaseConfig - The property ending with 'replacers' was not found. Please notify a dbunit developer to add the property to the class org.dbunit.database.DatabaseConfig
2023/12/13 11:32:11.789 [Test worker] INFO  c.g.d.r.c.d.DataSetExecutorImpl - DBUnit configuration for dataset executor 'default':cacheConnection: false
cacheTableNames: false
caseInsensitiveStrategy: LOWERCASE
columnSensing: false
leakHunter: false
mergeDataSets: false
mergingStrategy: METHOD
disableSequenceFiltering: false
alwaysCleanBefore: false
alwaysCleanAfter: false
raiseExceptionOnCleanUp: false
disablePKCheckFor: com.github.database.rider.core.configuration.DBUnitConfig@563f7c67
schema: products_list
tableType: [TABLE]
allowEmptyFields: false
fetchSize: 100
qualifiedTableNames: false
prologTimeout: 1000
batchSize: 100
batchedStatements: false
caseSensitiveTableNames: false
replacers: [com.github.database.rider.core.replacers.DateTimeReplacer@1926f962, com.github.database.rider.core.replacers.UnixTimestampReplacer@62794582, com.github.database.rider.core.replacers.NullReplacer@c82ad22]

2023/12/13 11:32:12.429 [Test worker] INFO  org.dbunit.database.DatabaseConfig - The property ending with 'schema' was not found. Please notify a dbunit developer to add the property to the class org.dbunit.database.DatabaseConfig
2023/12/13 11:32:12.429 [Test worker] INFO  org.dbunit.database.DatabaseConfig - The property ending with 'prologTimeout' was not found. Please notify a dbunit developer to add the property to the class org.dbunit.database.DatabaseConfig
2023/12/13 11:32:12.429 [Test worker] INFO  org.dbunit.database.DatabaseConfig - The property ending with 'replacers' was not found. Please notify a dbunit developer to add the property to the class org.dbunit.database.DatabaseConfig
2023/12/13 11:32:12.455 [SpringApplicationShutdownHook] INFO  com.zaxxer.hikari.HikariDataSource - HikariPool-1 - Shutdown initiated...
2023/12/13 11:32:12.467 [SpringApplicationShutdownHook] INFO  com.zaxxer.hikari.HikariDataSource - HikariPool-1 - Shutdown completed.
2023/12/13 11:32:39.166 [Test worker] INFO  o.s.t.c.s.AnnotationConfigContextLoaderUtils - Could not detect default configuration classes for test class [com.yuuki.katou.inventory_management_app01.mapper.ReferenceDataMapperTest]: ReferenceDataMapperTest does not declare any static, non-private, non-final, nested classes annotated with @Configuration.
2023/12/13 11:32:39.267 [Test worker] INFO  o.s.b.t.c.SpringBootTestContextBootstrapper - Found @SpringBootConfiguration com.yuuki.katou.inventory_management_app01.InventoryManagementApp01Application for test class com.yuuki.katou.inventory_management_app01.mapper.ReferenceDataMapperTest
2023/12/13 11:32:39.536 [background-preinit] INFO  o.h.validator.internal.util.Version - HV000001: Hibernate Validator 8.0.1.Final
2023/12/13 11:32:39.571 [Test worker] INFO  c.y.k.i.m.ReferenceDataMapperTest - Starting ReferenceDataMapperTest using Java 17.0.8 with PID 33996 (started by USER in C:\ProjectFiles\inventory_management_app01)
2023/12/13 11:32:39.572 [Test worker] INFO  c.y.k.i.m.ReferenceDataMapperTest - No active profile set, falling back to 1 default profile: "default"
2023/12/13 11:32:40.301 [Test worker] INFO  c.y.k.i.m.ReferenceDataMapperTest - Started ReferenceDataMapperTest in 0.959 seconds (process running for 2.001)
2023/12/13 11:32:40.323 [Test worker] INFO  com.zaxxer.hikari.HikariDataSource - HikariPool-1 - Starting...
2023/12/13 11:32:40.656 [Test worker] INFO  com.zaxxer.hikari.pool.HikariPool - HikariPool-1 - Added connection com.mysql.cj.jdbc.ConnectionImpl@4b28a7bf
2023/12/13 11:32:40.658 [Test worker] INFO  com.zaxxer.hikari.HikariDataSource - HikariPool-1 - Start completed.
2023/12/13 11:32:41.411 [Test worker] INFO  org.dbunit.database.DatabaseConfig - The property ending with 'schema' was not found. Please notify a dbunit developer to add the property to the class org.dbunit.database.DatabaseConfig
2023/12/13 11:32:41.411 [Test worker] INFO  org.dbunit.database.DatabaseConfig - The property ending with 'prologTimeout' was not found. Please notify a dbunit developer to add the property to the class org.dbunit.database.DatabaseConfig
2023/12/13 11:32:41.411 [Test worker] INFO  org.dbunit.database.DatabaseConfig - The property ending with 'replacers' was not found. Please notify a dbunit developer to add the property to the class org.dbunit.database.DatabaseConfig
2023/12/13 11:32:41.413 [Test worker] INFO  c.g.d.r.c.d.DataSetExecutorImpl - DBUnit configuration for dataset executor 'default':cacheConnection: false
cacheTableNames: false
caseInsensitiveStrategy: LOWERCASE
columnSensing: false
leakHunter: false
mergeDataSets: false
mergingStrategy: METHOD
disableSequenceFiltering: false
alwaysCleanBefore: false
alwaysCleanAfter: false
raiseExceptionOnCleanUp: false
disablePKCheckFor: com.github.database.rider.core.configuration.DBUnitConfig@fec3814e
schema: products_list
tableType: [TABLE]
allowEmptyFields: false
fetchSize: 100
qualifiedTableNames: false
prologTimeout: 1000
batchSize: 100
batchedStatements: false
caseSensitiveTableNames: false
replacers: [com.github.database.rider.core.replacers.DateTimeReplacer@5b6cc344, com.github.database.rider.core.replacers.UnixTimestampReplacer@2110684a, com.github.database.rider.core.replacers.NullReplacer@83e635f]

2023/12/13 11:32:41.538 [Test worker] WARN  o.s.test.context.TestContextManager - Caught exception while invoking 'beforeTestMethod' callback on TestExecutionListener [com.github.database.rider.spring.DBRiderTestExecutionListener] for test method [void com.yuuki.katou.inventory_management_app01.mapper.ReferenceDataMapperTest.Ç∑Ç◊ÇƒÇÃÉuÉâÉìÉhèÓïÒÇéÊìæÇ≈Ç´ÇÈÇ±Ç∆()] and test instance [com.yuuki.katou.inventory_management_app01.mapper.ReferenceDataMapperTest@64544ee4]
java.lang.RuntimeException: Could not create dataset for test 'Ç∑Ç◊ÇƒÇÃÉuÉâÉìÉhèÓïÒÇéÊìæÇ≈Ç´ÇÈÇ±Ç∆'.
	at com.github.database.rider.core.RiderRunner.runBeforeTest(RiderRunner.java:46)
	at com.github.database.rider.spring.DBRiderTestExecutionListener.beforeTestMethod(DBRiderTestExecutionListener.java:24)
	at org.springframework.test.context.TestContextManager.beforeTestMethod(TestContextManager.java:288)
	at org.springframework.test.context.junit.jupiter.SpringExtension.beforeEach(SpringExtension.java:174)
	at org.junit.jupiter.engine.descriptor.TestMethodTestDescriptor.lambda$invokeBeforeEachCallbacks$2(TestMethodTestDescriptor.java:166)
	at org.junit.jupiter.engine.descriptor.TestMethodTestDescriptor.lambda$invokeBeforeMethodsOrCallbacksUntilExceptionOccurs$6(TestMethodTestDescriptor.java:202)
	at org.junit.platform.engine.support.hierarchical.ThrowableCollector.execute(ThrowableCollector.java:73)
	at org.junit.jupiter.engine.descriptor.TestMethodTestDescriptor.invokeBeforeMethodsOrCallbacksUntilExceptionOccurs(TestMethodTestDescriptor.java:202)
	at org.junit.jupiter.engine.descriptor.TestMethodTestDescriptor.invokeBeforeEachCallbacks(TestMethodTestDescriptor.java:165)
	at org.junit.jupiter.engine.descriptor.TestMethodTestDescriptor.execute(TestMethodTestDescriptor.java:132)
	at org.junit.jupiter.engine.descriptor.TestMethodTestDescriptor.execute(TestMethodTestDescriptor.java:68)
	at org.junit.platform.engine.support.hierarchical.NodeTestTask.lambda$executeRecursively$6(NodeTestTask.java:151)
	at org.junit.platform.engine.support.hierarchical.ThrowableCollector.execute(ThrowableCollector.java:73)
	at org.junit.platform.engine.support.hierarchical.NodeTestTask.lambda$executeRecursively$8(NodeTestTask.java:141)
	at org.junit.platform.engine.support.hierarchical.Node.around(Node.java:137)
	at org.junit.platform.engine.support.hierarchical.NodeTestTask.lambda$executeRecursively$9(NodeTestTask.java:139)
	at org.junit.platform.engine.support.hierarchical.ThrowableCollector.execute(ThrowableCollector.java:73)
	at org.junit.platform.engine.support.hierarchical.NodeTestTask.executeRecursively(NodeTestTask.java:138)
	at org.junit.platform.engine.support.hierarchical.NodeTestTask.execute(NodeTestTask.java:95)
	at java.base/java.util.ArrayList.forEach(ArrayList.java:1511)
	at org.junit.platform.engine.support.hierarchical.SameThreadHierarchicalTestExecutorService.invokeAll(SameThreadHierarchicalTestExecutorService.java:41)
	at org.junit.platform.engine.support.hierarchical.NodeTestTask.lambda$executeRecursively$6(NodeTestTask.java:155)
	at org.junit.platform.engine.support.hierarchical.ThrowableCollector.execute(ThrowableCollector.java:73)
	at org.junit.platform.engine.support.hierarchical.NodeTestTask.lambda$executeRecursively$8(NodeTestTask.java:141)
	at org.junit.platform.engine.support.hierarchical.Node.around(Node.java:137)
	at org.junit.platform.engine.support.hierarchical.NodeTestTask.lambda$executeRecursively$9(NodeTestTask.java:139)
	at org.junit.platform.engine.support.hierarchical.ThrowableCollector.execute(ThrowableCollector.java:73)
	at org.junit.platform.engine.support.hierarchical.NodeTestTask.executeRecursively(NodeTestTask.java:138)
	at org.junit.platform.engine.support.hierarchical.NodeTestTask.execute(NodeTestTask.java:95)
	at java.base/java.util.ArrayList.forEach(ArrayList.java:1511)
	at org.junit.platform.engine.support.hierarchical.SameThreadHierarchicalTestExecutorService.invokeAll(SameThreadHierarchicalTestExecutorService.java:41)
	at org.junit.platform.engine.support.hierarchical.NodeTestTask.lambda$executeRecursively$6(NodeTestTask.java:155)
	at org.junit.platform.engine.support.hierarchical.ThrowableCollector.execute(ThrowableCollector.java:73)
	at org.junit.platform.engine.support.hierarchical.NodeTestTask.lambda$executeRecursively$8(NodeTestTask.java:141)
	at org.junit.platform.engine.support.hierarchical.Node.around(Node.java:137)
	at org.junit.platform.engine.support.hierarchical.NodeTestTask.lambda$executeRecursively$9(NodeTestTask.java:139)
	at org.junit.platform.engine.support.hierarchical.ThrowableCollector.execute(ThrowableCollector.java:73)
	at org.junit.platform.engine.support.hierarchical.NodeTestTask.executeRecursively(NodeTestTask.java:138)
	at org.junit.platform.engine.support.hierarchical.NodeTestTask.execute(NodeTestTask.java:95)
	at org.junit.platform.engine.support.hierarchical.SameThreadHierarchicalTestExecutorService.submit(SameThreadHierarchicalTestExecutorService.java:35)
	at org.junit.platform.engine.support.hierarchical.HierarchicalTestExecutor.execute(HierarchicalTestExecutor.java:57)
	at org.junit.platform.engine.support.hierarchical.HierarchicalTestEngine.execute(HierarchicalTestEngine.java:54)
	at org.junit.platform.launcher.core.EngineExecutionOrchestrator.execute(EngineExecutionOrchestrator.java:107)
	at org.junit.platform.launcher.core.EngineExecutionOrchestrator.execute(EngineExecutionOrchestrator.java:88)
	at org.junit.platform.launcher.core.EngineExecutionOrchestrator.lambda$execute$0(EngineExecutionOrchestrator.java:54)
	at org.junit.platform.launcher.core.EngineExecutionOrchestrator.withInterceptedStreams(EngineExecutionOrchestrator.java:67)
	at org.junit.platform.launcher.core.EngineExecutionOrchestrator.execute(EngineExecutionOrchestrator.java:52)
	at org.junit.platform.launcher.core.DefaultLauncher.execute(DefaultLauncher.java:114)
	at org.junit.platform.launcher.core.DefaultLauncher.execute(DefaultLauncher.java:86)
	at org.junit.platform.launcher.core.DefaultLauncherSession$DelegatingLauncher.execute(DefaultLauncherSession.java:86)
	at org.gradle.api.internal.tasks.testing.junitplatform.JUnitPlatformTestClassProcessor$CollectAllTestClassesExecutor.processAllTestClasses(JUnitPlatformTestClassProcessor.java:119)
	at org.gradle.api.internal.tasks.testing.junitplatform.JUnitPlatformTestClassProcessor$CollectAllTestClassesExecutor.access$000(JUnitPlatformTestClassProcessor.java:94)
	at org.gradle.api.internal.tasks.testing.junitplatform.JUnitPlatformTestClassProcessor.stop(JUnitPlatformTestClassProcessor.java:89)
	at org.gradle.api.internal.tasks.testing.SuiteTestClassProcessor.stop(SuiteTestClassProcessor.java:62)
	at java.base/jdk.internal.reflect.NativeMethodAccessorImpl.invoke0(Native Method)
	at java.base/jdk.internal.reflect.NativeMethodAccessorImpl.invoke(NativeMethodAccessorImpl.java:77)
	at java.base/jdk.internal.reflect.DelegatingMethodAccessorImpl.invoke(DelegatingMethodAccessorImpl.java:43)
	at java.base/java.lang.reflect.Method.invoke(Method.java:568)
	at org.gradle.internal.dispatch.ReflectionDispatch.dispatch(ReflectionDispatch.java:36)
	at org.gradle.internal.dispatch.ReflectionDispatch.dispatch(ReflectionDispatch.java:24)
	at org.gradle.internal.dispatch.ContextClassLoaderDispatch.dispatch(ContextClassLoaderDispatch.java:33)
	at org.gradle.internal.dispatch.ProxyDispatchAdapter$DispatchingInvocationHandler.invoke(ProxyDispatchAdapter.java:94)
	at jdk.proxy1/jdk.proxy1.$Proxy2.stop(Unknown Source)
	at org.gradle.api.internal.tasks.testing.worker.TestWorker$3.run(TestWorker.java:193)
	at org.gradle.api.internal.tasks.testing.worker.TestWorker.executeAndMaintainThreadName(TestWorker.java:129)
	at org.gradle.api.internal.tasks.testing.worker.TestWorker.execute(TestWorker.java:100)
	at org.gradle.api.internal.tasks.testing.worker.TestWorker.execute(TestWorker.java:60)
	at org.gradle.process.internal.worker.child.ActionExecutionWorker.execute(ActionExecutionWorker.java:56)
	at org.gradle.process.internal.worker.child.SystemApplicationClassLoaderWorker.call(SystemApplicationClassLoaderWorker.java:113)
	at org.gradle.process.internal.worker.child.SystemApplicationClassLoaderWorker.call(SystemApplicationClassLoaderWorker.java:65)
	at worker.org.gradle.process.internal.worker.GradleWorkerMain.run(GradleWorkerMain.java:69)
	at worker.org.gradle.process.internal.worker.GradleWorkerMain.main(GradleWorkerMain.java:74)
Caused by: com.github.database.rider.core.exception.DataBaseSeedingException: Could not initialize dataset: datasets/01_brands.yml
	at com.github.database.rider.core.dataset.DataSetExecutorImpl.createDataSet(DataSetExecutorImpl.java:142)
	at com.github.database.rider.core.RiderRunner.runBeforeTest(RiderRunner.java:44)
	... 71 common frames omitted
Caused by: java.sql.SQLIntegrityConstraintViolationException: Cannot delete or update a parent row: a foreign key constraint fails (`products_list`.`products`, CONSTRAINT `products_ibfk_1` FOREIGN KEY (`brand_id`) REFERENCES `brands` (`brand_id`))
	at com.mysql.cj.jdbc.exceptions.SQLError.createSQLException(SQLError.java:118)
	at com.mysql.cj.jdbc.exceptions.SQLExceptionsMapping.translateException(SQLExceptionsMapping.java:122)
	at com.mysql.cj.jdbc.StatementImpl.executeInternal(StatementImpl.java:763)
	at com.mysql.cj.jdbc.StatementImpl.execute(StatementImpl.java:648)
	at com.zaxxer.hikari.pool.ProxyStatement.execute(ProxyStatement.java:94)
	at com.zaxxer.hikari.pool.HikariProxyStatement.execute(HikariProxyStatement.java)
	at org.dbunit.database.statement.SimpleStatement.executeBatch(SimpleStatement.java:69)
	at org.dbunit.operation.DeleteAllOperation.execute(DeleteAllOperation.java:126)
	at org.dbunit.operation.CompositeOperation.execute(CompositeOperation.java:79)
	at com.github.database.rider.core.dataset.DataSetExecutorImpl.createDataSet(DataSetExecutorImpl.java:133)
	... 72 common frames omitted
2023/12/13 11:32:41.544 [Test worker] INFO  org.dbunit.database.DatabaseConfig - The property ending with 'schema' was not found. Please notify a dbunit developer to add the property to the class org.dbunit.database.DatabaseConfig
2023/12/13 11:32:41.544 [Test worker] INFO  org.dbunit.database.DatabaseConfig - The property ending with 'prologTimeout' was not found. Please notify a dbunit developer to add the property to the class org.dbunit.database.DatabaseConfig
2023/12/13 11:32:41.544 [Test worker] INFO  org.dbunit.database.DatabaseConfig - The property ending with 'replacers' was not found. Please notify a dbunit developer to add the property to the class org.dbunit.database.DatabaseConfig
2023/12/13 11:32:41.578 [SpringApplicationShutdownHook] INFO  com.zaxxer.hikari.HikariDataSource - HikariPool-1 - Shutdown initiated...
2023/12/13 11:32:41.594 [SpringApplicationShutdownHook] INFO  com.zaxxer.hikari.HikariDataSource - HikariPool-1 - Shutdown completed.
2023/12/13 11:33:02.910 [Test worker] INFO  o.s.t.c.s.AnnotationConfigContextLoaderUtils - Could not detect default configuration classes for test class [com.yuuki.katou.inventory_management_app01.mapper.ReferenceDataMapperTest]: ReferenceDataMapperTest does not declare any static, non-private, non-final, nested classes annotated with @Configuration.
2023/12/13 11:33:03.001 [Test worker] INFO  o.s.b.t.c.SpringBootTestContextBootstrapper - Found @SpringBootConfiguration com.yuuki.katou.inventory_management_app01.InventoryManagementApp01Application for test class com.yuuki.katou.inventory_management_app01.mapper.ReferenceDataMapperTest
2023/12/13 11:33:03.237 [background-preinit] INFO  o.h.validator.internal.util.Version - HV000001: Hibernate Validator 8.0.1.Final
2023/12/13 11:33:03.275 [Test worker] INFO  c.y.k.i.m.ReferenceDataMapperTest - Starting ReferenceDataMapperTest using Java 17.0.8 with PID 35148 (started by USER in C:\ProjectFiles\inventory_management_app01)
2023/12/13 11:33:03.275 [Test worker] INFO  c.y.k.i.m.ReferenceDataMapperTest - No active profile set, falling back to 1 default profile: "default"
2023/12/13 11:33:04.013 [Test worker] INFO  c.y.k.i.m.ReferenceDataMapperTest - Started ReferenceDataMapperTest in 0.96 seconds (process running for 1.97)
2023/12/13 11:33:04.033 [Test worker] INFO  com.zaxxer.hikari.HikariDataSource - HikariPool-1 - Starting...
2023/12/13 11:33:04.356 [Test worker] INFO  com.zaxxer.hikari.pool.HikariPool - HikariPool-1 - Added connection com.mysql.cj.jdbc.ConnectionImpl@26c7b1c6
2023/12/13 11:33:04.358 [Test worker] INFO  com.zaxxer.hikari.HikariDataSource - HikariPool-1 - Start completed.
2023/12/13 11:33:05.148 [Test worker] INFO  org.dbunit.database.DatabaseConfig - The property ending with 'schema' was not found. Please notify a dbunit developer to add the property to the class org.dbunit.database.DatabaseConfig
2023/12/13 11:33:05.148 [Test worker] INFO  org.dbunit.database.DatabaseConfig - The property ending with 'prologTimeout' was not found. Please notify a dbunit developer to add the property to the class org.dbunit.database.DatabaseConfig
2023/12/13 11:33:05.148 [Test worker] INFO  org.dbunit.database.DatabaseConfig - The property ending with 'replacers' was not found. Please notify a dbunit developer to add the property to the class org.dbunit.database.DatabaseConfig
2023/12/13 11:33:05.150 [Test worker] INFO  c.g.d.r.c.d.DataSetExecutorImpl - DBUnit configuration for dataset executor 'default':cacheConnection: false
cacheTableNames: false
caseInsensitiveStrategy: LOWERCASE
columnSensing: false
leakHunter: false
mergeDataSets: false
mergingStrategy: METHOD
disableSequenceFiltering: false
alwaysCleanBefore: false
alwaysCleanAfter: false
raiseExceptionOnCleanUp: false
disablePKCheckFor: com.github.database.rider.core.configuration.DBUnitConfig@d857dc6d
schema: products_list
tableType: [TABLE]
allowEmptyFields: false
fetchSize: 100
qualifiedTableNames: false
prologTimeout: 1000
batchSize: 100
batchedStatements: false
caseSensitiveTableNames: false
replacers: [com.github.database.rider.core.replacers.DateTimeReplacer@5a6efe33, com.github.database.rider.core.replacers.UnixTimestampReplacer@3e5ebdfe, com.github.database.rider.core.replacers.NullReplacer@71668a67]

2023/12/13 11:33:05.507 [Test worker] INFO  org.dbunit.database.DatabaseConfig - The property ending with 'schema' was not found. Please notify a dbunit developer to add the property to the class org.dbunit.database.DatabaseConfig
2023/12/13 11:33:05.507 [Test worker] INFO  org.dbunit.database.DatabaseConfig - The property ending with 'prologTimeout' was not found. Please notify a dbunit developer to add the property to the class org.dbunit.database.DatabaseConfig
2023/12/13 11:33:05.507 [Test worker] INFO  org.dbunit.database.DatabaseConfig - The property ending with 'replacers' was not found. Please notify a dbunit developer to add the property to the class org.dbunit.database.DatabaseConfig
2023/12/13 11:33:05.540 [SpringApplicationShutdownHook] INFO  com.zaxxer.hikari.HikariDataSource - HikariPool-1 - Shutdown initiated...
2023/12/13 11:33:05.552 [SpringApplicationShutdownHook] INFO  com.zaxxer.hikari.HikariDataSource - HikariPool-1 - Shutdown completed.
2023/12/13 11:33:17.872 [Test worker] INFO  o.s.t.c.s.AnnotationConfigContextLoaderUtils - Could not detect default configuration classes for test class [com.yuuki.katou.inventory_management_app01.mapper.ReferenceDataMapperTest]: ReferenceDataMapperTest does not declare any static, non-private, non-final, nested classes annotated with @Configuration.
2023/12/13 11:33:17.968 [Test worker] INFO  o.s.b.t.c.SpringBootTestContextBootstrapper - Found @SpringBootConfiguration com.yuuki.katou.inventory_management_app01.InventoryManagementApp01Application for test class com.yuuki.katou.inventory_management_app01.mapper.ReferenceDataMapperTest
2023/12/13 11:33:18.195 [background-preinit] INFO  o.h.validator.internal.util.Version - HV000001: Hibernate Validator 8.0.1.Final
2023/12/13 11:33:18.232 [Test worker] INFO  c.y.k.i.m.ReferenceDataMapperTest - Starting ReferenceDataMapperTest using Java 17.0.8 with PID 20576 (started by USER in C:\ProjectFiles\inventory_management_app01)
2023/12/13 11:33:18.233 [Test worker] INFO  c.y.k.i.m.ReferenceDataMapperTest - No active profile set, falling back to 1 default profile: "default"
2023/12/13 11:33:18.973 [Test worker] INFO  c.y.k.i.m.ReferenceDataMapperTest - Started ReferenceDataMapperTest in 0.947 seconds (process running for 1.97)
2023/12/13 11:33:19.000 [Test worker] INFO  com.zaxxer.hikari.HikariDataSource - HikariPool-1 - Starting...
2023/12/13 11:33:19.358 [Test worker] INFO  com.zaxxer.hikari.pool.HikariPool - HikariPool-1 - Added connection com.mysql.cj.jdbc.ConnectionImpl@1537e43
2023/12/13 11:33:19.360 [Test worker] INFO  com.zaxxer.hikari.HikariDataSource - HikariPool-1 - Start completed.
2023/12/13 11:33:20.184 [Test worker] INFO  org.dbunit.database.DatabaseConfig - The property ending with 'schema' was not found. Please notify a dbunit developer to add the property to the class org.dbunit.database.DatabaseConfig
2023/12/13 11:33:20.184 [Test worker] INFO  org.dbunit.database.DatabaseConfig - The property ending with 'prologTimeout' was not found. Please notify a dbunit developer to add the property to the class org.dbunit.database.DatabaseConfig
2023/12/13 11:33:20.184 [Test worker] INFO  org.dbunit.database.DatabaseConfig - The property ending with 'replacers' was not found. Please notify a dbunit developer to add the property to the class org.dbunit.database.DatabaseConfig
2023/12/13 11:33:20.186 [Test worker] INFO  c.g.d.r.c.d.DataSetExecutorImpl - DBUnit configuration for dataset executor 'default':cacheConnection: false
cacheTableNames: false
caseInsensitiveStrategy: LOWERCASE
columnSensing: false
leakHunter: false
mergeDataSets: false
mergingStrategy: METHOD
disableSequenceFiltering: false
alwaysCleanBefore: false
alwaysCleanAfter: false
raiseExceptionOnCleanUp: false
disablePKCheckFor: com.github.database.rider.core.configuration.DBUnitConfig@3de96c37
schema: products_list
tableType: [TABLE]
allowEmptyFields: false
fetchSize: 100
qualifiedTableNames: false
prologTimeout: 1000
batchSize: 100
batchedStatements: false
caseSensitiveTableNames: false
replacers: [com.github.database.rider.core.replacers.DateTimeReplacer@1f75fd1d, com.github.database.rider.core.replacers.UnixTimestampReplacer@212e39ee, com.github.database.rider.core.replacers.NullReplacer@638d2ce3]

2023/12/13 11:33:20.606 [Test worker] INFO  org.dbunit.database.DatabaseConfig - The property ending with 'schema' was not found. Please notify a dbunit developer to add the property to the class org.dbunit.database.DatabaseConfig
2023/12/13 11:33:20.607 [Test worker] INFO  org.dbunit.database.DatabaseConfig - The property ending with 'prologTimeout' was not found. Please notify a dbunit developer to add the property to the class org.dbunit.database.DatabaseConfig
2023/12/13 11:33:20.607 [Test worker] INFO  org.dbunit.database.DatabaseConfig - The property ending with 'replacers' was not found. Please notify a dbunit developer to add the property to the class org.dbunit.database.DatabaseConfig
2023/12/13 11:33:20.665 [SpringApplicationShutdownHook] INFO  com.zaxxer.hikari.HikariDataSource - HikariPool-1 - Shutdown initiated...
2023/12/13 11:33:20.680 [SpringApplicationShutdownHook] INFO  com.zaxxer.hikari.HikariDataSource - HikariPool-1 - Shutdown completed.
2023/12/13 14:11:31.847 [Test worker] INFO  o.s.t.c.s.AnnotationConfigContextLoaderUtils - Could not detect default configuration classes for test class [com.yuuki.katou.inventory_management_app01.mapper.ReferenceDataMapperTest]: ReferenceDataMapperTest does not declare any static, non-private, non-final, nested classes annotated with @Configuration.
2023/12/13 14:11:31.931 [Test worker] INFO  o.s.b.t.c.SpringBootTestContextBootstrapper - Found @SpringBootConfiguration com.yuuki.katou.inventory_management_app01.InventoryManagementApp01Application for test class com.yuuki.katou.inventory_management_app01.mapper.ReferenceDataMapperTest
2023/12/13 14:11:32.152 [background-preinit] INFO  o.h.validator.internal.util.Version - HV000001: Hibernate Validator 8.0.1.Final
2023/12/13 14:11:32.198 [Test worker] INFO  c.y.k.i.m.ReferenceDataMapperTest - Starting ReferenceDataMapperTest using Java 17.0.8 with PID 31644 (started by USER in C:\ProjectFiles\inventory_management_app01)
2023/12/13 14:11:32.200 [Test worker] INFO  c.y.k.i.m.ReferenceDataMapperTest - No active profile set, falling back to 1 default profile: "default"
2023/12/13 14:11:33.017 [Test worker] INFO  c.y.k.i.m.ReferenceDataMapperTest - Started ReferenceDataMapperTest in 1.033 seconds (process running for 2.108)
2023/12/13 14:11:33.045 [Test worker] INFO  com.zaxxer.hikari.HikariDataSource - HikariPool-1 - Starting...
2023/12/13 14:11:33.400 [Test worker] INFO  com.zaxxer.hikari.pool.HikariPool - HikariPool-1 - Added connection com.mysql.cj.jdbc.ConnectionImpl@96abc76
2023/12/13 14:11:33.401 [Test worker] INFO  com.zaxxer.hikari.HikariDataSource - HikariPool-1 - Start completed.
2023/12/13 14:11:34.233 [Test worker] INFO  org.dbunit.database.DatabaseConfig - The property ending with 'schema' was not found. Please notify a dbunit developer to add the property to the class org.dbunit.database.DatabaseConfig
2023/12/13 14:11:34.233 [Test worker] INFO  org.dbunit.database.DatabaseConfig - The property ending with 'prologTimeout' was not found. Please notify a dbunit developer to add the property to the class org.dbunit.database.DatabaseConfig
2023/12/13 14:11:34.233 [Test worker] INFO  org.dbunit.database.DatabaseConfig - The property ending with 'replacers' was not found. Please notify a dbunit developer to add the property to the class org.dbunit.database.DatabaseConfig
2023/12/13 14:11:34.342 [Test worker] INFO  org.dbunit.database.DatabaseConfig - The property ending with 'schema' was not found. Please notify a dbunit developer to add the property to the class org.dbunit.database.DatabaseConfig
2023/12/13 14:11:34.342 [Test worker] INFO  org.dbunit.database.DatabaseConfig - The property ending with 'prologTimeout' was not found. Please notify a dbunit developer to add the property to the class org.dbunit.database.DatabaseConfig
2023/12/13 14:11:34.342 [Test worker] INFO  org.dbunit.database.DatabaseConfig - The property ending with 'replacers' was not found. Please notify a dbunit developer to add the property to the class org.dbunit.database.DatabaseConfig
2023/12/13 14:11:34.379 [SpringApplicationShutdownHook] INFO  com.zaxxer.hikari.HikariDataSource - HikariPool-1 - Shutdown initiated...
2023/12/13 14:11:34.397 [SpringApplicationShutdownHook] INFO  com.zaxxer.hikari.HikariDataSource - HikariPool-1 - Shutdown completed.
2023/12/13 14:13:32.636 [Test worker] INFO  o.s.t.c.s.AnnotationConfigContextLoaderUtils - Could not detect default configuration classes for test class [com.yuuki.katou.inventory_management_app01.mapper.ReferenceDataMapperTest]: ReferenceDataMapperTest does not declare any static, non-private, non-final, nested classes annotated with @Configuration.
2023/12/13 14:13:32.765 [Test worker] INFO  o.s.b.t.c.SpringBootTestContextBootstrapper - Found @SpringBootConfiguration com.yuuki.katou.inventory_management_app01.InventoryManagementApp01Application for test class com.yuuki.katou.inventory_management_app01.mapper.ReferenceDataMapperTest
2023/12/13 14:13:33.041 [background-preinit] INFO  o.h.validator.internal.util.Version - HV000001: Hibernate Validator 8.0.1.Final
2023/12/13 14:13:33.090 [Test worker] INFO  c.y.k.i.m.ReferenceDataMapperTest - Starting ReferenceDataMapperTest using Java 17.0.8 with PID 36884 (started by USER in C:\ProjectFiles\inventory_management_app01)
2023/12/13 14:13:33.090 [Test worker] INFO  c.y.k.i.m.ReferenceDataMapperTest - No active profile set, falling back to 1 default profile: "default"
2023/12/13 14:13:33.879 [Test worker] INFO  c.y.k.i.m.ReferenceDataMapperTest - Started ReferenceDataMapperTest in 1.042 seconds (process running for 2.174)
2023/12/13 14:13:33.907 [Test worker] INFO  com.zaxxer.hikari.HikariDataSource - HikariPool-1 - Starting...
2023/12/13 14:13:34.255 [Test worker] INFO  com.zaxxer.hikari.pool.HikariPool - HikariPool-1 - Added connection com.mysql.cj.jdbc.ConnectionImpl@2bba35ef
2023/12/13 14:13:34.256 [Test worker] INFO  com.zaxxer.hikari.HikariDataSource - HikariPool-1 - Start completed.
2023/12/13 14:13:35.063 [Test worker] INFO  org.dbunit.database.DatabaseConfig - The property ending with 'schema' was not found. Please notify a dbunit developer to add the property to the class org.dbunit.database.DatabaseConfig
2023/12/13 14:13:35.063 [Test worker] INFO  org.dbunit.database.DatabaseConfig - The property ending with 'prologTimeout' was not found. Please notify a dbunit developer to add the property to the class org.dbunit.database.DatabaseConfig
2023/12/13 14:13:35.063 [Test worker] INFO  org.dbunit.database.DatabaseConfig - The property ending with 'replacers' was not found. Please notify a dbunit developer to add the property to the class org.dbunit.database.DatabaseConfig
2023/12/13 14:13:35.065 [Test worker] INFO  c.g.d.r.c.d.DataSetExecutorImpl - DBUnit configuration for dataset executor 'default':cacheConnection: false
cacheTableNames: false
caseInsensitiveStrategy: LOWERCASE
columnSensing: false
leakHunter: false
mergeDataSets: false
mergingStrategy: METHOD
disableSequenceFiltering: false
alwaysCleanBefore: false
alwaysCleanAfter: false
raiseExceptionOnCleanUp: false
disablePKCheckFor: com.github.database.rider.core.configuration.DBUnitConfig@563f7c67
schema: products_list
tableType: [TABLE]
allowEmptyFields: false
fetchSize: 100
qualifiedTableNames: false
prologTimeout: 1000
batchSize: 100
batchedStatements: false
caseSensitiveTableNames: false
replacers: [com.github.database.rider.core.replacers.DateTimeReplacer@1926f962, com.github.database.rider.core.replacers.UnixTimestampReplacer@62794582, com.github.database.rider.core.replacers.NullReplacer@c82ad22]

2023/12/13 14:13:35.467 [Test worker] INFO  org.dbunit.database.DatabaseConfig - The property ending with 'schema' was not found. Please notify a dbunit developer to add the property to the class org.dbunit.database.DatabaseConfig
2023/12/13 14:13:35.467 [Test worker] INFO  org.dbunit.database.DatabaseConfig - The property ending with 'prologTimeout' was not found. Please notify a dbunit developer to add the property to the class org.dbunit.database.DatabaseConfig
2023/12/13 14:13:35.467 [Test worker] INFO  org.dbunit.database.DatabaseConfig - The property ending with 'replacers' was not found. Please notify a dbunit developer to add the property to the class org.dbunit.database.DatabaseConfig
2023/12/13 14:13:35.517 [SpringApplicationShutdownHook] INFO  com.zaxxer.hikari.HikariDataSource - HikariPool-1 - Shutdown initiated...
2023/12/13 14:13:35.532 [SpringApplicationShutdownHook] INFO  com.zaxxer.hikari.HikariDataSource - HikariPool-1 - Shutdown completed.
2023/12/13 14:14:16.818 [Test worker] INFO  o.s.t.c.s.AnnotationConfigContextLoaderUtils - Could not detect default configuration classes for test class [com.yuuki.katou.inventory_management_app01.mapper.ReferenceDataMapperTest]: ReferenceDataMapperTest does not declare any static, non-private, non-final, nested classes annotated with @Configuration.
2023/12/13 14:14:16.913 [Test worker] INFO  o.s.b.t.c.SpringBootTestContextBootstrapper - Found @SpringBootConfiguration com.yuuki.katou.inventory_management_app01.InventoryManagementApp01Application for test class com.yuuki.katou.inventory_management_app01.mapper.ReferenceDataMapperTest
2023/12/13 14:14:17.162 [background-preinit] INFO  o.h.validator.internal.util.Version - HV000001: Hibernate Validator 8.0.1.Final
2023/12/13 14:14:17.201 [Test worker] INFO  c.y.k.i.m.ReferenceDataMapperTest - Starting ReferenceDataMapperTest using Java 17.0.8 with PID 32680 (started by USER in C:\ProjectFiles\inventory_management_app01)
2023/12/13 14:14:17.205 [Test worker] INFO  c.y.k.i.m.ReferenceDataMapperTest - No active profile set, falling back to 1 default profile: "default"
2023/12/13 14:14:17.934 [Test worker] INFO  c.y.k.i.m.ReferenceDataMapperTest - Started ReferenceDataMapperTest in 0.961 seconds (process running for 1.991)
2023/12/13 14:14:17.960 [Test worker] INFO  com.zaxxer.hikari.HikariDataSource - HikariPool-1 - Starting...
2023/12/13 14:14:18.317 [Test worker] INFO  com.zaxxer.hikari.pool.HikariPool - HikariPool-1 - Added connection com.mysql.cj.jdbc.ConnectionImpl@3d1c933
2023/12/13 14:14:18.320 [Test worker] INFO  com.zaxxer.hikari.HikariDataSource - HikariPool-1 - Start completed.
2023/12/13 14:14:19.161 [Test worker] INFO  org.dbunit.database.DatabaseConfig - The property ending with 'schema' was not found. Please notify a dbunit developer to add the property to the class org.dbunit.database.DatabaseConfig
2023/12/13 14:14:19.162 [Test worker] INFO  org.dbunit.database.DatabaseConfig - The property ending with 'prologTimeout' was not found. Please notify a dbunit developer to add the property to the class org.dbunit.database.DatabaseConfig
2023/12/13 14:14:19.162 [Test worker] INFO  org.dbunit.database.DatabaseConfig - The property ending with 'replacers' was not found. Please notify a dbunit developer to add the property to the class org.dbunit.database.DatabaseConfig
2023/12/13 14:14:19.164 [Test worker] INFO  c.g.d.r.c.d.DataSetExecutorImpl - DBUnit configuration for dataset executor 'default':cacheConnection: false
cacheTableNames: false
caseInsensitiveStrategy: LOWERCASE
columnSensing: false
leakHunter: false
mergeDataSets: false
mergingStrategy: METHOD
disableSequenceFiltering: false
alwaysCleanBefore: false
alwaysCleanAfter: false
raiseExceptionOnCleanUp: false
disablePKCheckFor: com.github.database.rider.core.configuration.DBUnitConfig@a22e06ed
schema: products_list
tableType: [TABLE]
allowEmptyFields: false
fetchSize: 100
qualifiedTableNames: false
prologTimeout: 1000
batchSize: 100
batchedStatements: false
caseSensitiveTableNames: false
replacers: [com.github.database.rider.core.replacers.DateTimeReplacer@3f80d8c, com.github.database.rider.core.replacers.UnixTimestampReplacer@2d3b0978, com.github.database.rider.core.replacers.NullReplacer@5c60c08]

2023/12/13 14:14:19.534 [Test worker] INFO  org.dbunit.database.DatabaseConfig - The property ending with 'schema' was not found. Please notify a dbunit developer to add the property to the class org.dbunit.database.DatabaseConfig
2023/12/13 14:14:19.535 [Test worker] INFO  org.dbunit.database.DatabaseConfig - The property ending with 'prologTimeout' was not found. Please notify a dbunit developer to add the property to the class org.dbunit.database.DatabaseConfig
2023/12/13 14:14:19.535 [Test worker] INFO  org.dbunit.database.DatabaseConfig - The property ending with 'replacers' was not found. Please notify a dbunit developer to add the property to the class org.dbunit.database.DatabaseConfig
2023/12/13 14:14:19.577 [SpringApplicationShutdownHook] INFO  com.zaxxer.hikari.HikariDataSource - HikariPool-1 - Shutdown initiated...
2023/12/13 14:14:19.596 [SpringApplicationShutdownHook] INFO  com.zaxxer.hikari.HikariDataSource - HikariPool-1 - Shutdown completed.
2023/12/13 14:27:26.696 [Test worker] INFO  o.s.t.c.s.AnnotationConfigContextLoaderUtils - Could not detect default configuration classes for test class [com.yuuki.katou.inventory_management_app01.mapper.ReferenceDataMapperTest]: ReferenceDataMapperTest does not declare any static, non-private, non-final, nested classes annotated with @Configuration.
2023/12/13 14:27:26.793 [Test worker] INFO  o.s.b.t.c.SpringBootTestContextBootstrapper - Found @SpringBootConfiguration com.yuuki.katou.inventory_management_app01.InventoryManagementApp01Application for test class com.yuuki.katou.inventory_management_app01.mapper.ReferenceDataMapperTest
2023/12/13 14:27:27.049 [background-preinit] INFO  o.h.validator.internal.util.Version - HV000001: Hibernate Validator 8.0.1.Final
2023/12/13 14:27:27.100 [Test worker] INFO  c.y.k.i.m.ReferenceDataMapperTest - Starting ReferenceDataMapperTest using Java 17.0.8 with PID 6860 (started by USER in C:\ProjectFiles\inventory_management_app01)
2023/12/13 14:27:27.101 [Test worker] INFO  c.y.k.i.m.ReferenceDataMapperTest - No active profile set, falling back to 1 default profile: "default"
2023/12/13 14:27:27.899 [Test worker] INFO  c.y.k.i.m.ReferenceDataMapperTest - Started ReferenceDataMapperTest in 1.051 seconds (process running for 2.133)
2023/12/13 14:27:27.923 [Test worker] INFO  com.zaxxer.hikari.HikariDataSource - HikariPool-1 - Starting...
2023/12/13 14:27:28.297 [Test worker] INFO  com.zaxxer.hikari.pool.HikariPool - HikariPool-1 - Added connection com.mysql.cj.jdbc.ConnectionImpl@4d69d288
2023/12/13 14:27:28.299 [Test worker] INFO  com.zaxxer.hikari.HikariDataSource - HikariPool-1 - Start completed.
2023/12/13 14:27:29.122 [Test worker] INFO  org.dbunit.database.DatabaseConfig - The property ending with 'schema' was not found. Please notify a dbunit developer to add the property to the class org.dbunit.database.DatabaseConfig
2023/12/13 14:27:29.122 [Test worker] INFO  org.dbunit.database.DatabaseConfig - The property ending with 'prologTimeout' was not found. Please notify a dbunit developer to add the property to the class org.dbunit.database.DatabaseConfig
2023/12/13 14:27:29.122 [Test worker] INFO  org.dbunit.database.DatabaseConfig - The property ending with 'replacers' was not found. Please notify a dbunit developer to add the property to the class org.dbunit.database.DatabaseConfig
2023/12/13 14:27:29.124 [Test worker] INFO  c.g.d.r.c.d.DataSetExecutorImpl - DBUnit configuration for dataset executor 'default':cacheConnection: false
cacheTableNames: false
caseInsensitiveStrategy: LOWERCASE
columnSensing: false
leakHunter: false
mergeDataSets: false
mergingStrategy: METHOD
disableSequenceFiltering: false
alwaysCleanBefore: false
alwaysCleanAfter: false
raiseExceptionOnCleanUp: false
disablePKCheckFor: com.github.database.rider.core.configuration.DBUnitConfig@d7bfb8eb
schema: products_list
tableType: [TABLE]
allowEmptyFields: false
fetchSize: 100
qualifiedTableNames: false
prologTimeout: 1000
batchSize: 100
batchedStatements: false
caseSensitiveTableNames: false
replacers: [com.github.database.rider.core.replacers.DateTimeReplacer@61d011e, com.github.database.rider.core.replacers.UnixTimestampReplacer@3b56947a, com.github.database.rider.core.replacers.NullReplacer@1926f962]

2023/12/13 14:27:29.125 [Test worker] WARN  o.s.test.context.TestContextManager - Caught exception while invoking 'beforeTestMethod' callback on TestExecutionListener [com.github.database.rider.spring.DBRiderTestExecutionListener] for test method [void com.yuuki.katou.inventory_management_app01.mapper.ReferenceDataMapperTest.Ç∑Ç◊ÇƒÇÃè§ïiÇÃèÛë‘Ç™éÊìæÇ≈Ç´ÇÈÇ±Ç∆()] and test instance [com.yuuki.katou.inventory_management_app01.mapper.ReferenceDataMapperTest@c82ad22]
java.lang.RuntimeException: Could not create dataset for test 'Ç∑Ç◊ÇƒÇÃè§ïiÇÃèÛë‘Ç™éÊìæÇ≈Ç´ÇÈÇ±Ç∆'.
	at com.github.database.rider.core.RiderRunner.runBeforeTest(RiderRunner.java:46)
	at com.github.database.rider.spring.DBRiderTestExecutionListener.beforeTestMethod(DBRiderTestExecutionListener.java:24)
	at org.springframework.test.context.TestContextManager.beforeTestMethod(TestContextManager.java:288)
	at org.springframework.test.context.junit.jupiter.SpringExtension.beforeEach(SpringExtension.java:174)
	at org.junit.jupiter.engine.descriptor.TestMethodTestDescriptor.lambda$invokeBeforeEachCallbacks$2(TestMethodTestDescriptor.java:166)
	at org.junit.jupiter.engine.descriptor.TestMethodTestDescriptor.lambda$invokeBeforeMethodsOrCallbacksUntilExceptionOccurs$6(TestMethodTestDescriptor.java:202)
	at org.junit.platform.engine.support.hierarchical.ThrowableCollector.execute(ThrowableCollector.java:73)
	at org.junit.jupiter.engine.descriptor.TestMethodTestDescriptor.invokeBeforeMethodsOrCallbacksUntilExceptionOccurs(TestMethodTestDescriptor.java:202)
	at org.junit.jupiter.engine.descriptor.TestMethodTestDescriptor.invokeBeforeEachCallbacks(TestMethodTestDescriptor.java:165)
	at org.junit.jupiter.engine.descriptor.TestMethodTestDescriptor.execute(TestMethodTestDescriptor.java:132)
	at org.junit.jupiter.engine.descriptor.TestMethodTestDescriptor.execute(TestMethodTestDescriptor.java:68)
	at org.junit.platform.engine.support.hierarchical.NodeTestTask.lambda$executeRecursively$6(NodeTestTask.java:151)
	at org.junit.platform.engine.support.hierarchical.ThrowableCollector.execute(ThrowableCollector.java:73)
	at org.junit.platform.engine.support.hierarchical.NodeTestTask.lambda$executeRecursively$8(NodeTestTask.java:141)
	at org.junit.platform.engine.support.hierarchical.Node.around(Node.java:137)
	at org.junit.platform.engine.support.hierarchical.NodeTestTask.lambda$executeRecursively$9(NodeTestTask.java:139)
	at org.junit.platform.engine.support.hierarchical.ThrowableCollector.execute(ThrowableCollector.java:73)
	at org.junit.platform.engine.support.hierarchical.NodeTestTask.executeRecursively(NodeTestTask.java:138)
	at org.junit.platform.engine.support.hierarchical.NodeTestTask.execute(NodeTestTask.java:95)
	at java.base/java.util.ArrayList.forEach(ArrayList.java:1511)
	at org.junit.platform.engine.support.hierarchical.SameThreadHierarchicalTestExecutorService.invokeAll(SameThreadHierarchicalTestExecutorService.java:41)
	at org.junit.platform.engine.support.hierarchical.NodeTestTask.lambda$executeRecursively$6(NodeTestTask.java:155)
	at org.junit.platform.engine.support.hierarchical.ThrowableCollector.execute(ThrowableCollector.java:73)
	at org.junit.platform.engine.support.hierarchical.NodeTestTask.lambda$executeRecursively$8(NodeTestTask.java:141)
	at org.junit.platform.engine.support.hierarchical.Node.around(Node.java:137)
	at org.junit.platform.engine.support.hierarchical.NodeTestTask.lambda$executeRecursively$9(NodeTestTask.java:139)
	at org.junit.platform.engine.support.hierarchical.ThrowableCollector.execute(ThrowableCollector.java:73)
	at org.junit.platform.engine.support.hierarchical.NodeTestTask.executeRecursively(NodeTestTask.java:138)
	at org.junit.platform.engine.support.hierarchical.NodeTestTask.execute(NodeTestTask.java:95)
	at java.base/java.util.ArrayList.forEach(ArrayList.java:1511)
	at org.junit.platform.engine.support.hierarchical.SameThreadHierarchicalTestExecutorService.invokeAll(SameThreadHierarchicalTestExecutorService.java:41)
	at org.junit.platform.engine.support.hierarchical.NodeTestTask.lambda$executeRecursively$6(NodeTestTask.java:155)
	at org.junit.platform.engine.support.hierarchical.ThrowableCollector.execute(ThrowableCollector.java:73)
	at org.junit.platform.engine.support.hierarchical.NodeTestTask.lambda$executeRecursively$8(NodeTestTask.java:141)
	at org.junit.platform.engine.support.hierarchical.Node.around(Node.java:137)
	at org.junit.platform.engine.support.hierarchical.NodeTestTask.lambda$executeRecursively$9(NodeTestTask.java:139)
	at org.junit.platform.engine.support.hierarchical.ThrowableCollector.execute(ThrowableCollector.java:73)
	at org.junit.platform.engine.support.hierarchical.NodeTestTask.executeRecursively(NodeTestTask.java:138)
	at org.junit.platform.engine.support.hierarchical.NodeTestTask.execute(NodeTestTask.java:95)
	at org.junit.platform.engine.support.hierarchical.SameThreadHierarchicalTestExecutorService.submit(SameThreadHierarchicalTestExecutorService.java:35)
	at org.junit.platform.engine.support.hierarchical.HierarchicalTestExecutor.execute(HierarchicalTestExecutor.java:57)
	at org.junit.platform.engine.support.hierarchical.HierarchicalTestEngine.execute(HierarchicalTestEngine.java:54)
	at org.junit.platform.launcher.core.EngineExecutionOrchestrator.execute(EngineExecutionOrchestrator.java:107)
	at org.junit.platform.launcher.core.EngineExecutionOrchestrator.execute(EngineExecutionOrchestrator.java:88)
	at org.junit.platform.launcher.core.EngineExecutionOrchestrator.lambda$execute$0(EngineExecutionOrchestrator.java:54)
	at org.junit.platform.launcher.core.EngineExecutionOrchestrator.withInterceptedStreams(EngineExecutionOrchestrator.java:67)
	at org.junit.platform.launcher.core.EngineExecutionOrchestrator.execute(EngineExecutionOrchestrator.java:52)
	at org.junit.platform.launcher.core.DefaultLauncher.execute(DefaultLauncher.java:114)
	at org.junit.platform.launcher.core.DefaultLauncher.execute(DefaultLauncher.java:86)
	at org.junit.platform.launcher.core.DefaultLauncherSession$DelegatingLauncher.execute(DefaultLauncherSession.java:86)
	at org.gradle.api.internal.tasks.testing.junitplatform.JUnitPlatformTestClassProcessor$CollectAllTestClassesExecutor.processAllTestClasses(JUnitPlatformTestClassProcessor.java:119)
	at org.gradle.api.internal.tasks.testing.junitplatform.JUnitPlatformTestClassProcessor$CollectAllTestClassesExecutor.access$000(JUnitPlatformTestClassProcessor.java:94)
	at org.gradle.api.internal.tasks.testing.junitplatform.JUnitPlatformTestClassProcessor.stop(JUnitPlatformTestClassProcessor.java:89)
	at org.gradle.api.internal.tasks.testing.SuiteTestClassProcessor.stop(SuiteTestClassProcessor.java:62)
	at java.base/jdk.internal.reflect.NativeMethodAccessorImpl.invoke0(Native Method)
	at java.base/jdk.internal.reflect.NativeMethodAccessorImpl.invoke(NativeMethodAccessorImpl.java:77)
	at java.base/jdk.internal.reflect.DelegatingMethodAccessorImpl.invoke(DelegatingMethodAccessorImpl.java:43)
	at java.base/java.lang.reflect.Method.invoke(Method.java:568)
	at org.gradle.internal.dispatch.ReflectionDispatch.dispatch(ReflectionDispatch.java:36)
	at org.gradle.internal.dispatch.ReflectionDispatch.dispatch(ReflectionDispatch.java:24)
	at org.gradle.internal.dispatch.ContextClassLoaderDispatch.dispatch(ContextClassLoaderDispatch.java:33)
	at org.gradle.internal.dispatch.ProxyDispatchAdapter$DispatchingInvocationHandler.invoke(ProxyDispatchAdapter.java:94)
	at jdk.proxy1/jdk.proxy1.$Proxy2.stop(Unknown Source)
	at org.gradle.api.internal.tasks.testing.worker.TestWorker$3.run(TestWorker.java:193)
	at org.gradle.api.internal.tasks.testing.worker.TestWorker.executeAndMaintainThreadName(TestWorker.java:129)
	at org.gradle.api.internal.tasks.testing.worker.TestWorker.execute(TestWorker.java:100)
	at org.gradle.api.internal.tasks.testing.worker.TestWorker.execute(TestWorker.java:60)
	at org.gradle.process.internal.worker.child.ActionExecutionWorker.execute(ActionExecutionWorker.java:56)
	at org.gradle.process.internal.worker.child.SystemApplicationClassLoaderWorker.call(SystemApplicationClassLoaderWorker.java:113)
	at org.gradle.process.internal.worker.child.SystemApplicationClassLoaderWorker.call(SystemApplicationClassLoaderWorker.java:65)
	at worker.org.gradle.process.internal.worker.GradleWorkerMain.run(GradleWorkerMain.java:69)
	at worker.org.gradle.process.internal.worker.GradleWorkerMain.main(GradleWorkerMain.java:74)
Caused by: com.github.database.rider.core.exception.DataBaseSeedingException: Could not initialize dataset: datasets/03_categories.yml, datasets/05_products.yml
	at com.github.database.rider.core.dataset.DataSetExecutorImpl.createDataSet(DataSetExecutorImpl.java:142)
	at com.github.database.rider.core.RiderRunner.runBeforeTest(RiderRunner.java:44)
	... 71 common frames omitted
Caused by: java.lang.RuntimeException: The dataset 'datasets/03_categories.yml' is neither a valid URL nor could be found under 'resources' or 'resources/datasets/' directory.
	at com.github.database.rider.core.dataset.DataSetExecutorImpl.getDataSetUrl(DataSetExecutorImpl.java:553)
	at com.github.database.rider.core.dataset.DataSetExecutorImpl.loadDataSet(DataSetExecutorImpl.java:231)
	at com.github.database.rider.core.dataset.DataSetExecutorImpl.loadDataSets(DataSetExecutorImpl.java:288)
	at com.github.database.rider.core.dataset.DataSetExecutorImpl.createDataSet(DataSetExecutorImpl.java:122)
	... 72 common frames omitted
2023/12/13 14:27:29.132 [Test worker] INFO  org.dbunit.database.DatabaseConfig - The property ending with 'schema' was not found. Please notify a dbunit developer to add the property to the class org.dbunit.database.DatabaseConfig
2023/12/13 14:27:29.132 [Test worker] INFO  org.dbunit.database.DatabaseConfig - The property ending with 'prologTimeout' was not found. Please notify a dbunit developer to add the property to the class org.dbunit.database.DatabaseConfig
2023/12/13 14:27:29.133 [Test worker] INFO  org.dbunit.database.DatabaseConfig - The property ending with 'replacers' was not found. Please notify a dbunit developer to add the property to the class org.dbunit.database.DatabaseConfig
2023/12/13 14:27:29.158 [Test worker] INFO  org.dbunit.database.DatabaseConfig - The property ending with 'schema' was not found. Please notify a dbunit developer to add the property to the class org.dbunit.database.DatabaseConfig
2023/12/13 14:27:29.158 [Test worker] INFO  org.dbunit.database.DatabaseConfig - The property ending with 'prologTimeout' was not found. Please notify a dbunit developer to add the property to the class org.dbunit.database.DatabaseConfig
2023/12/13 14:27:29.158 [Test worker] INFO  org.dbunit.database.DatabaseConfig - The property ending with 'replacers' was not found. Please notify a dbunit developer to add the property to the class org.dbunit.database.DatabaseConfig
2023/12/13 14:27:29.570 [Test worker] INFO  org.dbunit.database.DatabaseConfig - The property ending with 'schema' was not found. Please notify a dbunit developer to add the property to the class org.dbunit.database.DatabaseConfig
2023/12/13 14:27:29.570 [Test worker] INFO  org.dbunit.database.DatabaseConfig - The property ending with 'prologTimeout' was not found. Please notify a dbunit developer to add the property to the class org.dbunit.database.DatabaseConfig
2023/12/13 14:27:29.570 [Test worker] INFO  org.dbunit.database.DatabaseConfig - The property ending with 'replacers' was not found. Please notify a dbunit developer to add the property to the class org.dbunit.database.DatabaseConfig
2023/12/13 14:27:29.592 [Test worker] INFO  org.dbunit.database.DatabaseConfig - The property ending with 'schema' was not found. Please notify a dbunit developer to add the property to the class org.dbunit.database.DatabaseConfig
2023/12/13 14:27:29.592 [Test worker] INFO  org.dbunit.database.DatabaseConfig - The property ending with 'prologTimeout' was not found. Please notify a dbunit developer to add the property to the class org.dbunit.database.DatabaseConfig
2023/12/13 14:27:29.592 [Test worker] INFO  org.dbunit.database.DatabaseConfig - The property ending with 'replacers' was not found. Please notify a dbunit developer to add the property to the class org.dbunit.database.DatabaseConfig
2023/12/13 14:27:29.715 [Test worker] INFO  org.dbunit.database.DatabaseConfig - The property ending with 'schema' was not found. Please notify a dbunit developer to add the property to the class org.dbunit.database.DatabaseConfig
2023/12/13 14:27:29.716 [Test worker] INFO  org.dbunit.database.DatabaseConfig - The property ending with 'prologTimeout' was not found. Please notify a dbunit developer to add the property to the class org.dbunit.database.DatabaseConfig
2023/12/13 14:27:29.716 [Test worker] INFO  org.dbunit.database.DatabaseConfig - The property ending with 'replacers' was not found. Please notify a dbunit developer to add the property to the class org.dbunit.database.DatabaseConfig
2023/12/13 14:27:29.733 [Test worker] INFO  org.dbunit.database.DatabaseConfig - The property ending with 'schema' was not found. Please notify a dbunit developer to add the property to the class org.dbunit.database.DatabaseConfig
2023/12/13 14:27:29.733 [Test worker] INFO  org.dbunit.database.DatabaseConfig - The property ending with 'prologTimeout' was not found. Please notify a dbunit developer to add the property to the class org.dbunit.database.DatabaseConfig
2023/12/13 14:27:29.733 [Test worker] INFO  org.dbunit.database.DatabaseConfig - The property ending with 'replacers' was not found. Please notify a dbunit developer to add the property to the class org.dbunit.database.DatabaseConfig
2023/12/13 14:27:29.742 [Test worker] INFO  org.dbunit.database.DatabaseConfig - The property ending with 'schema' was not found. Please notify a dbunit developer to add the property to the class org.dbunit.database.DatabaseConfig
2023/12/13 14:27:29.742 [Test worker] INFO  org.dbunit.database.DatabaseConfig - The property ending with 'prologTimeout' was not found. Please notify a dbunit developer to add the property to the class org.dbunit.database.DatabaseConfig
2023/12/13 14:27:29.742 [Test worker] INFO  org.dbunit.database.DatabaseConfig - The property ending with 'replacers' was not found. Please notify a dbunit developer to add the property to the class org.dbunit.database.DatabaseConfig
2023/12/13 14:27:29.756 [SpringApplicationShutdownHook] INFO  com.zaxxer.hikari.HikariDataSource - HikariPool-1 - Shutdown initiated...
2023/12/13 14:27:29.769 [SpringApplicationShutdownHook] INFO  com.zaxxer.hikari.HikariDataSource - HikariPool-1 - Shutdown completed.
2023/12/13 14:29:13.561 [Test worker] INFO  o.s.t.c.s.AnnotationConfigContextLoaderUtils - Could not detect default configuration classes for test class [com.yuuki.katou.inventory_management_app01.mapper.ReferenceDataMapperTest]: ReferenceDataMapperTest does not declare any static, non-private, non-final, nested classes annotated with @Configuration.
2023/12/13 14:29:13.653 [Test worker] INFO  o.s.b.t.c.SpringBootTestContextBootstrapper - Found @SpringBootConfiguration com.yuuki.katou.inventory_management_app01.InventoryManagementApp01Application for test class com.yuuki.katou.inventory_management_app01.mapper.ReferenceDataMapperTest
2023/12/13 14:29:13.897 [background-preinit] INFO  o.h.validator.internal.util.Version - HV000001: Hibernate Validator 8.0.1.Final
2023/12/13 14:29:13.929 [Test worker] INFO  c.y.k.i.m.ReferenceDataMapperTest - Starting ReferenceDataMapperTest using Java 17.0.8 with PID 21820 (started by USER in C:\ProjectFiles\inventory_management_app01)
2023/12/13 14:29:13.930 [Test worker] INFO  c.y.k.i.m.ReferenceDataMapperTest - No active profile set, falling back to 1 default profile: "default"
2023/12/13 14:29:14.728 [Test worker] INFO  c.y.k.i.m.ReferenceDataMapperTest - Started ReferenceDataMapperTest in 1.012 seconds (process running for 2.067)
2023/12/13 14:29:14.749 [Test worker] INFO  com.zaxxer.hikari.HikariDataSource - HikariPool-1 - Starting...
2023/12/13 14:29:15.099 [Test worker] INFO  com.zaxxer.hikari.pool.HikariPool - HikariPool-1 - Added connection com.mysql.cj.jdbc.ConnectionImpl@2becfd4c
2023/12/13 14:29:15.101 [Test worker] INFO  com.zaxxer.hikari.HikariDataSource - HikariPool-1 - Start completed.
2023/12/13 14:29:15.935 [Test worker] INFO  org.dbunit.database.DatabaseConfig - The property ending with 'schema' was not found. Please notify a dbunit developer to add the property to the class org.dbunit.database.DatabaseConfig
2023/12/13 14:29:15.935 [Test worker] INFO  org.dbunit.database.DatabaseConfig - The property ending with 'prologTimeout' was not found. Please notify a dbunit developer to add the property to the class org.dbunit.database.DatabaseConfig
2023/12/13 14:29:15.935 [Test worker] INFO  org.dbunit.database.DatabaseConfig - The property ending with 'replacers' was not found. Please notify a dbunit developer to add the property to the class org.dbunit.database.DatabaseConfig
2023/12/13 14:29:15.937 [Test worker] INFO  c.g.d.r.c.d.DataSetExecutorImpl - DBUnit configuration for dataset executor 'default':cacheConnection: false
cacheTableNames: false
caseInsensitiveStrategy: LOWERCASE
columnSensing: false
leakHunter: false
mergeDataSets: false
mergingStrategy: METHOD
disableSequenceFiltering: false
alwaysCleanBefore: false
alwaysCleanAfter: false
raiseExceptionOnCleanUp: false
disablePKCheckFor: com.github.database.rider.core.configuration.DBUnitConfig@729ab06b
schema: products_list
tableType: [TABLE]
allowEmptyFields: false
fetchSize: 100
qualifiedTableNames: false
prologTimeout: 1000
batchSize: 100
batchedStatements: false
caseSensitiveTableNames: false
replacers: [com.github.database.rider.core.replacers.DateTimeReplacer@5ee581db, com.github.database.rider.core.replacers.UnixTimestampReplacer@5a6efe33, com.github.database.rider.core.replacers.NullReplacer@3e5ebdfe]

2023/12/13 14:29:16.356 [Test worker] INFO  org.dbunit.database.DatabaseConfig - The property ending with 'schema' was not found. Please notify a dbunit developer to add the property to the class org.dbunit.database.DatabaseConfig
2023/12/13 14:29:16.356 [Test worker] INFO  org.dbunit.database.DatabaseConfig - The property ending with 'prologTimeout' was not found. Please notify a dbunit developer to add the property to the class org.dbunit.database.DatabaseConfig
2023/12/13 14:29:16.356 [Test worker] INFO  org.dbunit.database.DatabaseConfig - The property ending with 'replacers' was not found. Please notify a dbunit developer to add the property to the class org.dbunit.database.DatabaseConfig
2023/12/13 14:29:16.393 [Test worker] INFO  org.dbunit.database.DatabaseConfig - The property ending with 'schema' was not found. Please notify a dbunit developer to add the property to the class org.dbunit.database.DatabaseConfig
2023/12/13 14:29:16.393 [Test worker] INFO  org.dbunit.database.DatabaseConfig - The property ending with 'prologTimeout' was not found. Please notify a dbunit developer to add the property to the class org.dbunit.database.DatabaseConfig
2023/12/13 14:29:16.393 [Test worker] INFO  org.dbunit.database.DatabaseConfig - The property ending with 'replacers' was not found. Please notify a dbunit developer to add the property to the class org.dbunit.database.DatabaseConfig
2023/12/13 14:29:16.527 [Test worker] INFO  org.dbunit.database.DatabaseConfig - The property ending with 'schema' was not found. Please notify a dbunit developer to add the property to the class org.dbunit.database.DatabaseConfig
2023/12/13 14:29:16.528 [Test worker] INFO  org.dbunit.database.DatabaseConfig - The property ending with 'prologTimeout' was not found. Please notify a dbunit developer to add the property to the class org.dbunit.database.DatabaseConfig
2023/12/13 14:29:16.528 [Test worker] INFO  org.dbunit.database.DatabaseConfig - The property ending with 'replacers' was not found. Please notify a dbunit developer to add the property to the class org.dbunit.database.DatabaseConfig
2023/12/13 14:29:16.548 [Test worker] INFO  org.dbunit.database.DatabaseConfig - The property ending with 'schema' was not found. Please notify a dbunit developer to add the property to the class org.dbunit.database.DatabaseConfig
2023/12/13 14:29:16.548 [Test worker] INFO  org.dbunit.database.DatabaseConfig - The property ending with 'prologTimeout' was not found. Please notify a dbunit developer to add the property to the class org.dbunit.database.DatabaseConfig
2023/12/13 14:29:16.548 [Test worker] INFO  org.dbunit.database.DatabaseConfig - The property ending with 'replacers' was not found. Please notify a dbunit developer to add the property to the class org.dbunit.database.DatabaseConfig
2023/12/13 14:29:16.670 [Test worker] INFO  org.dbunit.database.DatabaseConfig - The property ending with 'schema' was not found. Please notify a dbunit developer to add the property to the class org.dbunit.database.DatabaseConfig
2023/12/13 14:29:16.670 [Test worker] INFO  org.dbunit.database.DatabaseConfig - The property ending with 'prologTimeout' was not found. Please notify a dbunit developer to add the property to the class org.dbunit.database.DatabaseConfig
2023/12/13 14:29:16.670 [Test worker] INFO  org.dbunit.database.DatabaseConfig - The property ending with 'replacers' was not found. Please notify a dbunit developer to add the property to the class org.dbunit.database.DatabaseConfig
2023/12/13 14:29:16.687 [Test worker] INFO  org.dbunit.database.DatabaseConfig - The property ending with 'schema' was not found. Please notify a dbunit developer to add the property to the class org.dbunit.database.DatabaseConfig
2023/12/13 14:29:16.687 [Test worker] INFO  org.dbunit.database.DatabaseConfig - The property ending with 'prologTimeout' was not found. Please notify a dbunit developer to add the property to the class org.dbunit.database.DatabaseConfig
2023/12/13 14:29:16.687 [Test worker] INFO  org.dbunit.database.DatabaseConfig - The property ending with 'replacers' was not found. Please notify a dbunit developer to add the property to the class org.dbunit.database.DatabaseConfig
2023/12/13 14:29:16.826 [Test worker] INFO  org.dbunit.database.DatabaseConfig - The property ending with 'schema' was not found. Please notify a dbunit developer to add the property to the class org.dbunit.database.DatabaseConfig
2023/12/13 14:29:16.827 [Test worker] INFO  org.dbunit.database.DatabaseConfig - The property ending with 'prologTimeout' was not found. Please notify a dbunit developer to add the property to the class org.dbunit.database.DatabaseConfig
2023/12/13 14:29:16.827 [Test worker] INFO  org.dbunit.database.DatabaseConfig - The property ending with 'replacers' was not found. Please notify a dbunit developer to add the property to the class org.dbunit.database.DatabaseConfig
2023/12/13 14:29:16.856 [SpringApplicationShutdownHook] INFO  com.zaxxer.hikari.HikariDataSource - HikariPool-1 - Shutdown initiated...
2023/12/13 14:29:16.869 [SpringApplicationShutdownHook] INFO  com.zaxxer.hikari.HikariDataSource - HikariPool-1 - Shutdown completed.
2023/12/13 14:29:51.863 [Test worker] INFO  o.s.t.c.s.AnnotationConfigContextLoaderUtils - Could not detect default configuration classes for test class [com.yuuki.katou.inventory_management_app01.mapper.ReferenceDataMapperTest]: ReferenceDataMapperTest does not declare any static, non-private, non-final, nested classes annotated with @Configuration.
2023/12/13 14:29:51.965 [Test worker] INFO  o.s.b.t.c.SpringBootTestContextBootstrapper - Found @SpringBootConfiguration com.yuuki.katou.inventory_management_app01.InventoryManagementApp01Application for test class com.yuuki.katou.inventory_management_app01.mapper.ReferenceDataMapperTest
2023/12/13 14:29:52.241 [background-preinit] INFO  o.h.validator.internal.util.Version - HV000001: Hibernate Validator 8.0.1.Final
2023/12/13 14:29:52.286 [Test worker] INFO  c.y.k.i.m.ReferenceDataMapperTest - Starting ReferenceDataMapperTest using Java 17.0.8 with PID 32648 (started by USER in C:\ProjectFiles\inventory_management_app01)
2023/12/13 14:29:52.287 [Test worker] INFO  c.y.k.i.m.ReferenceDataMapperTest - No active profile set, falling back to 1 default profile: "default"
2023/12/13 14:29:53.055 [Test worker] INFO  c.y.k.i.m.ReferenceDataMapperTest - Started ReferenceDataMapperTest in 1.033 seconds (process running for 2.22)
2023/12/13 14:29:53.080 [Test worker] INFO  com.zaxxer.hikari.HikariDataSource - HikariPool-1 - Starting...
2023/12/13 14:29:53.432 [Test worker] INFO  com.zaxxer.hikari.pool.HikariPool - HikariPool-1 - Added connection com.mysql.cj.jdbc.ConnectionImpl@2bba35ef
2023/12/13 14:29:53.434 [Test worker] INFO  com.zaxxer.hikari.HikariDataSource - HikariPool-1 - Start completed.
2023/12/13 14:29:54.290 [Test worker] INFO  org.dbunit.database.DatabaseConfig - The property ending with 'schema' was not found. Please notify a dbunit developer to add the property to the class org.dbunit.database.DatabaseConfig
2023/12/13 14:29:54.291 [Test worker] INFO  org.dbunit.database.DatabaseConfig - The property ending with 'prologTimeout' was not found. Please notify a dbunit developer to add the property to the class org.dbunit.database.DatabaseConfig
2023/12/13 14:29:54.291 [Test worker] INFO  org.dbunit.database.DatabaseConfig - The property ending with 'replacers' was not found. Please notify a dbunit developer to add the property to the class org.dbunit.database.DatabaseConfig
2023/12/13 14:29:54.293 [Test worker] INFO  c.g.d.r.c.d.DataSetExecutorImpl - DBUnit configuration for dataset executor 'default':cacheConnection: false
cacheTableNames: false
caseInsensitiveStrategy: LOWERCASE
columnSensing: false
leakHunter: false
mergeDataSets: false
mergingStrategy: METHOD
disableSequenceFiltering: false
alwaysCleanBefore: false
alwaysCleanAfter: false
raiseExceptionOnCleanUp: false
disablePKCheckFor: com.github.database.rider.core.configuration.DBUnitConfig@563f7c67
schema: products_list
tableType: [TABLE]
allowEmptyFields: false
fetchSize: 100
qualifiedTableNames: false
prologTimeout: 1000
batchSize: 100
batchedStatements: false
caseSensitiveTableNames: false
replacers: [com.github.database.rider.core.replacers.DateTimeReplacer@1926f962, com.github.database.rider.core.replacers.UnixTimestampReplacer@62794582, com.github.database.rider.core.replacers.NullReplacer@c82ad22]

2023/12/13 14:29:54.690 [Test worker] INFO  org.dbunit.database.DatabaseConfig - The property ending with 'schema' was not found. Please notify a dbunit developer to add the property to the class org.dbunit.database.DatabaseConfig
2023/12/13 14:29:54.690 [Test worker] INFO  org.dbunit.database.DatabaseConfig - The property ending with 'prologTimeout' was not found. Please notify a dbunit developer to add the property to the class org.dbunit.database.DatabaseConfig
2023/12/13 14:29:54.691 [Test worker] INFO  org.dbunit.database.DatabaseConfig - The property ending with 'replacers' was not found. Please notify a dbunit developer to add the property to the class org.dbunit.database.DatabaseConfig
2023/12/13 14:29:54.723 [SpringApplicationShutdownHook] INFO  com.zaxxer.hikari.HikariDataSource - HikariPool-1 - Shutdown initiated...
2023/12/13 14:29:54.736 [SpringApplicationShutdownHook] INFO  com.zaxxer.hikari.HikariDataSource - HikariPool-1 - Shutdown completed.
2023/12/13 18:01:00.706 [background-preinit] INFO  o.h.validator.internal.util.Version - HV000001: Hibernate Validator 8.0.1.Final
2023/12/13 18:01:00.759 [main] INFO  c.y.k.i.InventoryManagementApp01Application - Starting InventoryManagementApp01Application using Java 17.0.8 with PID 7060 (C:\ProjectFiles\inventory_management_app01\build\classes\java\main started by USER in C:\ProjectFiles\inventory_management_app01)
2023/12/13 18:01:00.760 [main] INFO  c.y.k.i.InventoryManagementApp01Application - No active profile set, falling back to 1 default profile: "default"
2023/12/13 18:01:01.947 [main] INFO  o.s.b.w.e.tomcat.TomcatWebServer - Tomcat initialized with port(s): 8080 (http)
2023/12/13 18:01:01.955 [main] INFO  o.a.coyote.http11.Http11NioProtocol - Initializing ProtocolHandler ["http-nio-8080"]
2023/12/13 18:01:01.957 [main] INFO  o.a.catalina.core.StandardService - Starting service [Tomcat]
2023/12/13 18:01:01.957 [main] INFO  o.a.catalina.core.StandardEngine - Starting Servlet engine: [Apache Tomcat/10.1.15]
2023/12/13 18:01:02.057 [main] INFO  o.a.c.c.C.[Tomcat].[localhost].[/] - Initializing Spring embedded WebApplicationContext
2023/12/13 18:01:02.058 [main] INFO  o.s.b.w.s.c.ServletWebServerApplicationContext - Root WebApplicationContext: initialization completed in 1252 ms
2023/12/13 18:01:02.798 [main] INFO  o.a.coyote.http11.Http11NioProtocol - Starting ProtocolHandler ["http-nio-8080"]
2023/12/13 18:01:02.842 [main] INFO  o.s.b.w.e.tomcat.TomcatWebServer - Tomcat started on port(s): 8080 (http) with context path ''
2023/12/13 18:01:02.851 [main] INFO  c.y.k.i.InventoryManagementApp01Application - Started InventoryManagementApp01Application in 2.405 seconds (process running for 2.969)
2023/12/13 18:02:03.281 [http-nio-8080-exec-1] INFO  o.a.c.c.C.[Tomcat].[localhost].[/] - Initializing Spring DispatcherServlet 'dispatcherServlet'
2023/12/13 18:02:03.282 [http-nio-8080-exec-1] INFO  o.s.web.servlet.DispatcherServlet - Initializing Servlet 'dispatcherServlet'
2023/12/13 18:02:03.283 [http-nio-8080-exec-1] INFO  o.s.web.servlet.DispatcherServlet - Completed initialization in 1 ms
2023/12/13 18:02:03.650 [http-nio-8080-exec-1] INFO  com.zaxxer.hikari.HikariDataSource - HikariPool-1 - Starting...
2023/12/13 18:02:04.252 [http-nio-8080-exec-1] INFO  com.zaxxer.hikari.pool.HikariPool - HikariPool-1 - Added connection com.mysql.cj.jdbc.ConnectionImpl@6a5f962d
2023/12/13 18:02:04.268 [http-nio-8080-exec-1] INFO  com.zaxxer.hikari.HikariDataSource - HikariPool-1 - Start completed.
2023/12/13 18:14:09.915 [background-preinit] INFO  o.h.validator.internal.util.Version - HV000001: Hibernate Validator 8.0.1.Final
2023/12/13 18:14:09.966 [main] INFO  c.y.k.i.InventoryManagementApp01Application - Starting InventoryManagementApp01Application using Java 17.0.8 with PID 22388 (C:\ProjectFiles\inventory_management_app01\build\classes\java\main started by USER in C:\ProjectFiles\inventory_management_app01)
2023/12/13 18:14:09.967 [main] INFO  c.y.k.i.InventoryManagementApp01Application - No active profile set, falling back to 1 default profile: "default"
2023/12/13 18:14:11.152 [main] INFO  o.s.b.w.e.tomcat.TomcatWebServer - Tomcat initialized with port(s): 8080 (http)
2023/12/13 18:14:11.162 [main] INFO  o.a.coyote.http11.Http11NioProtocol - Initializing ProtocolHandler ["http-nio-8080"]
2023/12/13 18:14:11.165 [main] INFO  o.a.catalina.core.StandardService - Starting service [Tomcat]
2023/12/13 18:14:11.165 [main] INFO  o.a.catalina.core.StandardEngine - Starting Servlet engine: [Apache Tomcat/10.1.15]
2023/12/13 18:14:11.260 [main] INFO  o.a.c.c.C.[Tomcat].[localhost].[/] - Initializing Spring embedded WebApplicationContext
2023/12/13 18:14:11.261 [main] INFO  o.s.b.w.s.c.ServletWebServerApplicationContext - Root WebApplicationContext: initialization completed in 1251 ms
2023/12/13 18:14:12.544 [main] INFO  o.a.coyote.http11.Http11NioProtocol - Starting ProtocolHandler ["http-nio-8080"]
2023/12/13 18:14:12.591 [main] INFO  o.s.b.w.e.tomcat.TomcatWebServer - Tomcat started on port(s): 8080 (http) with context path ''
2023/12/13 18:14:12.605 [main] INFO  c.y.k.i.InventoryManagementApp01Application - Started InventoryManagementApp01Application in 2.955 seconds (process running for 3.461)
2023/12/13 18:14:16.648 [http-nio-8080-exec-1] INFO  o.a.c.c.C.[Tomcat].[localhost].[/] - Initializing Spring DispatcherServlet 'dispatcherServlet'
2023/12/13 18:14:16.649 [http-nio-8080-exec-1] INFO  o.s.web.servlet.DispatcherServlet - Initializing Servlet 'dispatcherServlet'
2023/12/13 18:14:16.650 [http-nio-8080-exec-1] INFO  o.s.web.servlet.DispatcherServlet - Completed initialization in 1 ms
2023/12/13 18:14:56.030 [http-nio-8080-exec-1] INFO  com.zaxxer.hikari.HikariDataSource - HikariPool-1 - Starting...
2023/12/13 18:14:58.216 [http-nio-8080-exec-1] INFO  com.zaxxer.hikari.pool.HikariPool - HikariPool-1 - Added connection com.mysql.cj.jdbc.ConnectionImpl@383fb7fc
2023/12/13 18:14:58.224 [http-nio-8080-exec-1] INFO  com.zaxxer.hikari.HikariDataSource - HikariPool-1 - Start completed.
2023/12/13 18:18:27.390 [background-preinit] INFO  o.h.validator.internal.util.Version - HV000001: Hibernate Validator 8.0.1.Final
2023/12/13 18:18:27.436 [main] INFO  c.y.k.i.InventoryManagementApp01Application - Starting InventoryManagementApp01Application using Java 17.0.8 with PID 13784 (C:\ProjectFiles\inventory_management_app01\build\classes\java\main started by USER in C:\ProjectFiles\inventory_management_app01)
2023/12/13 18:18:27.436 [main] INFO  c.y.k.i.InventoryManagementApp01Application - No active profile set, falling back to 1 default profile: "default"
2023/12/13 18:18:28.598 [main] INFO  o.s.b.w.e.tomcat.TomcatWebServer - Tomcat initialized with port(s): 8080 (http)
2023/12/13 18:18:28.604 [main] INFO  o.a.coyote.http11.Http11NioProtocol - Initializing ProtocolHandler ["http-nio-8080"]
2023/12/13 18:18:28.606 [main] INFO  o.a.catalina.core.StandardService - Starting service [Tomcat]
2023/12/13 18:18:28.606 [main] INFO  o.a.catalina.core.StandardEngine - Starting Servlet engine: [Apache Tomcat/10.1.15]
2023/12/13 18:18:28.709 [main] INFO  o.a.c.c.C.[Tomcat].[localhost].[/] - Initializing Spring embedded WebApplicationContext
2023/12/13 18:18:28.711 [main] INFO  o.s.b.w.s.c.ServletWebServerApplicationContext - Root WebApplicationContext: initialization completed in 1223 ms
2023/12/13 18:18:29.947 [main] INFO  o.a.coyote.http11.Http11NioProtocol - Starting ProtocolHandler ["http-nio-8080"]
2023/12/13 18:18:29.992 [main] INFO  o.s.b.w.e.tomcat.TomcatWebServer - Tomcat started on port(s): 8080 (http) with context path ''
2023/12/13 18:18:30.008 [main] INFO  c.y.k.i.InventoryManagementApp01Application - Started InventoryManagementApp01Application in 2.882 seconds (process running for 3.43)
